{"level":"info","message":"Identity service runing on port 3001","service":"identity-services","timestamp":"2025-05-24T08:13:07.640Z"}
{"level":"info","message":"Connected to mongoDB","service":"identity-services","timestamp":"2025-05-24T08:13:09.304Z"}
{"level":"info","message":"Received POST request to /api/auth/register","service":"identity-services","timestamp":"2025-05-24T08:16:49.883Z"}
{"level":"info","message":"Request body, [object Object]","service":"identity-services","timestamp":"2025-05-24T08:16:49.884Z"}
{"level":"info","message":"Registration endpoint hit..","service":"identity-services","timestamp":"2025-05-24T08:16:49.946Z"}
{"buffer":{"data":[104,49,128,114,93,238,116,62,189,174,193,139],"type":"Buffer"},"level":"warn","message":"User saved successfully","service":"identity-services","timestamp":"2025-05-24T08:16:50.196Z"}
{"level":"info","message":"Received POST request to /api/auth/register","service":"identity-services","timestamp":"2025-05-24T08:19:18.220Z"}
{"level":"info","message":"Request body, [object Object]","service":"identity-services","timestamp":"2025-05-24T08:19:18.221Z"}
{"level":"info","message":"Registration endpoint hit..","service":"identity-services","timestamp":"2025-05-24T08:19:18.228Z"}
{"level":"warn","message":"User already exists","service":"identity-services","timestamp":"2025-05-24T08:19:18.324Z"}
{"level":"info","message":"Identity service runing on port 3001","service":"identity-services","timestamp":"2025-05-25T07:52:53.157Z"}
{"level":"info","message":"Connected to mongoDB","service":"identity-services","timestamp":"2025-05-25T07:52:57.144Z"}
{"level":"info","message":"Received POST request to /api/auth/register?username=kaju&email=kaju@gmail.com&password=123","service":"identity-services","timestamp":"2025-05-25T07:55:03.948Z"}
{"level":"info","message":"Request body, undefined","service":"identity-services","timestamp":"2025-05-25T07:55:03.950Z"}
{"level":"info","message":"Registration endpoint hit..","service":"identity-services","timestamp":"2025-05-25T07:55:03.969Z"}
{"level":"error","message":"Registration error occured Cannot destructure property 'username' of 'req.body' as it is undefined.","service":"identity-services","stack":"TypeError: Cannot destructure property 'username' of 'req.body' as it is undefined.\n    at registerUser (C:\\Users\\91903\\social-media-microservices\\identity-services\\src\\controllers\\identity-controller.js:19:13)\n    at Layer.handleRequest (C:\\Users\\91903\\social-media-microservices\\identity-services\\node_modules\\router\\lib\\layer.js:152:17)\n    at next (C:\\Users\\91903\\social-media-microservices\\identity-services\\node_modules\\router\\lib\\route.js:157:13)\n    at Route.dispatch (C:\\Users\\91903\\social-media-microservices\\identity-services\\node_modules\\router\\lib\\route.js:117:3)\n    at handle (C:\\Users\\91903\\social-media-microservices\\identity-services\\node_modules\\router\\index.js:435:11)\n    at Layer.handleRequest (C:\\Users\\91903\\social-media-microservices\\identity-services\\node_modules\\router\\lib\\layer.js:152:17)\n    at C:\\Users\\91903\\social-media-microservices\\identity-services\\node_modules\\router\\index.js:295:15\n    at processParams (C:\\Users\\91903\\social-media-microservices\\identity-services\\node_modules\\router\\index.js:582:12)\n    at next (C:\\Users\\91903\\social-media-microservices\\identity-services\\node_modules\\router\\index.js:291:5)\n    at Function.handle (C:\\Users\\91903\\social-media-microservices\\identity-services\\node_modules\\router\\index.js:186:3)","timestamp":"2025-05-25T07:55:03.983Z"}
{"level":"info","message":"Received POST request to /api/auth/register?username=kaju&email=kaju@gmail.com&password=1234567","service":"identity-services","timestamp":"2025-05-25T07:55:26.274Z"}
{"level":"info","message":"Request body, undefined","service":"identity-services","timestamp":"2025-05-25T07:55:26.276Z"}
{"level":"info","message":"Registration endpoint hit..","service":"identity-services","timestamp":"2025-05-25T07:55:26.281Z"}
{"level":"error","message":"Registration error occured Cannot destructure property 'username' of 'req.body' as it is undefined.","service":"identity-services","stack":"TypeError: Cannot destructure property 'username' of 'req.body' as it is undefined.\n    at registerUser (C:\\Users\\91903\\social-media-microservices\\identity-services\\src\\controllers\\identity-controller.js:19:13)\n    at Layer.handleRequest (C:\\Users\\91903\\social-media-microservices\\identity-services\\node_modules\\router\\lib\\layer.js:152:17)\n    at next (C:\\Users\\91903\\social-media-microservices\\identity-services\\node_modules\\router\\lib\\route.js:157:13)\n    at Route.dispatch (C:\\Users\\91903\\social-media-microservices\\identity-services\\node_modules\\router\\lib\\route.js:117:3)\n    at handle (C:\\Users\\91903\\social-media-microservices\\identity-services\\node_modules\\router\\index.js:435:11)\n    at Layer.handleRequest (C:\\Users\\91903\\social-media-microservices\\identity-services\\node_modules\\router\\lib\\layer.js:152:17)\n    at C:\\Users\\91903\\social-media-microservices\\identity-services\\node_modules\\router\\index.js:295:15\n    at processParams (C:\\Users\\91903\\social-media-microservices\\identity-services\\node_modules\\router\\index.js:582:12)\n    at next (C:\\Users\\91903\\social-media-microservices\\identity-services\\node_modules\\router\\index.js:291:5)\n    at Function.handle (C:\\Users\\91903\\social-media-microservices\\identity-services\\node_modules\\router\\index.js:186:3)","timestamp":"2025-05-25T07:55:26.286Z"}
{"level":"info","message":"Received POST request to /api/auth/register?username=kaju&email=kaju@gmail.com&password=1234567","service":"identity-services","timestamp":"2025-05-25T07:55:28.228Z"}
{"level":"info","message":"Request body, undefined","service":"identity-services","timestamp":"2025-05-25T07:55:28.230Z"}
{"level":"info","message":"Registration endpoint hit..","service":"identity-services","timestamp":"2025-05-25T07:55:28.234Z"}
{"level":"error","message":"Registration error occured Cannot destructure property 'username' of 'req.body' as it is undefined.","service":"identity-services","stack":"TypeError: Cannot destructure property 'username' of 'req.body' as it is undefined.\n    at registerUser (C:\\Users\\91903\\social-media-microservices\\identity-services\\src\\controllers\\identity-controller.js:19:13)\n    at Layer.handleRequest (C:\\Users\\91903\\social-media-microservices\\identity-services\\node_modules\\router\\lib\\layer.js:152:17)\n    at next (C:\\Users\\91903\\social-media-microservices\\identity-services\\node_modules\\router\\lib\\route.js:157:13)\n    at Route.dispatch (C:\\Users\\91903\\social-media-microservices\\identity-services\\node_modules\\router\\lib\\route.js:117:3)\n    at handle (C:\\Users\\91903\\social-media-microservices\\identity-services\\node_modules\\router\\index.js:435:11)\n    at Layer.handleRequest (C:\\Users\\91903\\social-media-microservices\\identity-services\\node_modules\\router\\lib\\layer.js:152:17)\n    at C:\\Users\\91903\\social-media-microservices\\identity-services\\node_modules\\router\\index.js:295:15\n    at processParams (C:\\Users\\91903\\social-media-microservices\\identity-services\\node_modules\\router\\index.js:582:12)\n    at next (C:\\Users\\91903\\social-media-microservices\\identity-services\\node_modules\\router\\index.js:291:5)\n    at Function.handle (C:\\Users\\91903\\social-media-microservices\\identity-services\\node_modules\\router\\index.js:186:3)","timestamp":"2025-05-25T07:55:28.237Z"}
{"level":"info","message":"Received POST request to /api/auth/register?username=kaju%20gupta&email=kaju@gmail.com&password=1234567","service":"identity-services","timestamp":"2025-05-25T07:55:37.588Z"}
{"level":"info","message":"Request body, undefined","service":"identity-services","timestamp":"2025-05-25T07:55:37.589Z"}
{"level":"info","message":"Registration endpoint hit..","service":"identity-services","timestamp":"2025-05-25T07:55:37.593Z"}
{"level":"error","message":"Registration error occured Cannot destructure property 'username' of 'req.body' as it is undefined.","service":"identity-services","stack":"TypeError: Cannot destructure property 'username' of 'req.body' as it is undefined.\n    at registerUser (C:\\Users\\91903\\social-media-microservices\\identity-services\\src\\controllers\\identity-controller.js:19:13)\n    at Layer.handleRequest (C:\\Users\\91903\\social-media-microservices\\identity-services\\node_modules\\router\\lib\\layer.js:152:17)\n    at next (C:\\Users\\91903\\social-media-microservices\\identity-services\\node_modules\\router\\lib\\route.js:157:13)\n    at Route.dispatch (C:\\Users\\91903\\social-media-microservices\\identity-services\\node_modules\\router\\lib\\route.js:117:3)\n    at handle (C:\\Users\\91903\\social-media-microservices\\identity-services\\node_modules\\router\\index.js:435:11)\n    at Layer.handleRequest (C:\\Users\\91903\\social-media-microservices\\identity-services\\node_modules\\router\\lib\\layer.js:152:17)\n    at C:\\Users\\91903\\social-media-microservices\\identity-services\\node_modules\\router\\index.js:295:15\n    at processParams (C:\\Users\\91903\\social-media-microservices\\identity-services\\node_modules\\router\\index.js:582:12)\n    at next (C:\\Users\\91903\\social-media-microservices\\identity-services\\node_modules\\router\\index.js:291:5)\n    at Function.handle (C:\\Users\\91903\\social-media-microservices\\identity-services\\node_modules\\router\\index.js:186:3)","timestamp":"2025-05-25T07:55:37.596Z"}
{"level":"info","message":"Received POST request to /v1/auth/register?username=kaju%20gupta&email=kaju@gmail.com&password=1234567","service":"identity-services","timestamp":"2025-05-25T07:56:07.373Z"}
{"level":"info","message":"Request body, undefined","service":"identity-services","timestamp":"2025-05-25T07:56:07.374Z"}
{"level":"info","message":"Received POST request to /api/auth/register?username=kaju%20gupta&email=kaju@gmail.com&password=1234567","service":"identity-services","timestamp":"2025-05-25T07:56:22.185Z"}
{"level":"info","message":"Request body, [object Object]","service":"identity-services","timestamp":"2025-05-25T07:56:22.185Z"}
{"level":"info","message":"Registration endpoint hit..","service":"identity-services","timestamp":"2025-05-25T07:56:22.189Z"}
{"0":"\"","1":"u","10":" ","11":"i","12":"s","13":" ","14":"r","15":"e","16":"q","17":"u","18":"i","19":"r","2":"s","20":"e","21":"d","3":"e","4":"r","5":"n","6":"a","7":"m","8":"e","9":"\"","level":"warn","message":"Validate error","service":"identity-services","timestamp":"2025-05-25T07:56:22.195Z"}
{"level":"error","message":"SyntaxError: Unexpected token 'u', \"username=k\"... is not valid JSON\n    at JSON.parse (<anonymous>)\n    at createStrictSyntaxError (C:\\Users\\91903\\social-media-microservices\\identity-services\\node_modules\\body-parser\\lib\\types\\json.js:156:10)\n    at parse (C:\\Users\\91903\\social-media-microservices\\identity-services\\node_modules\\body-parser\\lib\\types\\json.js:71:15)\n    at C:\\Users\\91903\\social-media-microservices\\identity-services\\node_modules\\body-parser\\lib\\read.js:123:18\n    at AsyncResource.runInAsyncScope (node:async_hooks:211:14)\n    at invokeCallback (C:\\Users\\91903\\social-media-microservices\\identity-services\\node_modules\\raw-body\\index.js:238:16)\n    at done (C:\\Users\\91903\\social-media-microservices\\identity-services\\node_modules\\raw-body\\index.js:227:7)\n    at IncomingMessage.onEnd (C:\\Users\\91903\\social-media-microservices\\identity-services\\node_modules\\raw-body\\index.js:287:7)\n    at IncomingMessage.emit (node:events:524:28)\n    at endReadableNT (node:internal/streams/readable:1698:12)","service":"identity-services","timestamp":"2025-05-25T07:57:03.357Z"}
{"level":"error","message":"SyntaxError: Unexpected token 'u', \"username=k\"... is not valid JSON\n    at JSON.parse (<anonymous>)\n    at createStrictSyntaxError (C:\\Users\\91903\\social-media-microservices\\identity-services\\node_modules\\body-parser\\lib\\types\\json.js:156:10)\n    at parse (C:\\Users\\91903\\social-media-microservices\\identity-services\\node_modules\\body-parser\\lib\\types\\json.js:71:15)\n    at C:\\Users\\91903\\social-media-microservices\\identity-services\\node_modules\\body-parser\\lib\\read.js:123:18\n    at AsyncResource.runInAsyncScope (node:async_hooks:211:14)\n    at invokeCallback (C:\\Users\\91903\\social-media-microservices\\identity-services\\node_modules\\raw-body\\index.js:238:16)\n    at done (C:\\Users\\91903\\social-media-microservices\\identity-services\\node_modules\\raw-body\\index.js:227:7)\n    at IncomingMessage.onEnd (C:\\Users\\91903\\social-media-microservices\\identity-services\\node_modules\\raw-body\\index.js:287:7)\n    at IncomingMessage.emit (node:events:524:28)\n    at endReadableNT (node:internal/streams/readable:1698:12)","service":"identity-services","timestamp":"2025-05-25T07:57:15.785Z"}
{"level":"error","message":"SyntaxError: Unexpected token 'u', \"username=k\"... is not valid JSON\n    at JSON.parse (<anonymous>)\n    at createStrictSyntaxError (C:\\Users\\91903\\social-media-microservices\\identity-services\\node_modules\\body-parser\\lib\\types\\json.js:156:10)\n    at parse (C:\\Users\\91903\\social-media-microservices\\identity-services\\node_modules\\body-parser\\lib\\types\\json.js:71:15)\n    at C:\\Users\\91903\\social-media-microservices\\identity-services\\node_modules\\body-parser\\lib\\read.js:123:18\n    at AsyncResource.runInAsyncScope (node:async_hooks:211:14)\n    at invokeCallback (C:\\Users\\91903\\social-media-microservices\\identity-services\\node_modules\\raw-body\\index.js:238:16)\n    at done (C:\\Users\\91903\\social-media-microservices\\identity-services\\node_modules\\raw-body\\index.js:227:7)\n    at IncomingMessage.onEnd (C:\\Users\\91903\\social-media-microservices\\identity-services\\node_modules\\raw-body\\index.js:287:7)\n    at IncomingMessage.emit (node:events:524:28)\n    at endReadableNT (node:internal/streams/readable:1698:12)","service":"identity-services","timestamp":"2025-05-25T07:57:56.868Z"}
{"level":"info","message":"Identity service runing on port 3001","service":"identity-services","timestamp":"2025-05-25T08:42:43.978Z"}
{"level":"info","message":"Connected to mongoDB","service":"identity-services","timestamp":"2025-05-25T08:42:48.186Z"}
{"level":"error","message":"SyntaxError: Unexpected token 'u', \"username=k\"... is not valid JSON\n    at JSON.parse (<anonymous>)\n    at createStrictSyntaxError (C:\\Users\\91903\\social-media-microservices\\identity-services\\node_modules\\body-parser\\lib\\types\\json.js:156:10)\n    at parse (C:\\Users\\91903\\social-media-microservices\\identity-services\\node_modules\\body-parser\\lib\\types\\json.js:71:15)\n    at C:\\Users\\91903\\social-media-microservices\\identity-services\\node_modules\\body-parser\\lib\\read.js:123:18\n    at AsyncResource.runInAsyncScope (node:async_hooks:211:14)\n    at invokeCallback (C:\\Users\\91903\\social-media-microservices\\identity-services\\node_modules\\raw-body\\index.js:238:16)\n    at done (C:\\Users\\91903\\social-media-microservices\\identity-services\\node_modules\\raw-body\\index.js:227:7)\n    at IncomingMessage.onEnd (C:\\Users\\91903\\social-media-microservices\\identity-services\\node_modules\\raw-body\\index.js:287:7)\n    at IncomingMessage.emit (node:events:524:28)\n    at endReadableNT (node:internal/streams/readable:1698:12)","service":"identity-services","timestamp":"2025-05-25T08:42:54.688Z"}
{"level":"info","message":"Received POST request to /api/auth/register","service":"identity-services","timestamp":"2025-05-25T08:43:57.248Z"}
{"level":"info","message":"Request body, [object Object]","service":"identity-services","timestamp":"2025-05-25T08:43:57.250Z"}
{"level":"info","message":"Registration endpoint hit..","service":"identity-services","timestamp":"2025-05-25T08:43:57.265Z"}
{"buffer":{"data":[104,50,216,77,241,125,59,52,210,217,209,171],"type":"Buffer"},"level":"warn","message":"User saved successfully","service":"identity-services","timestamp":"2025-05-25T08:43:57.576Z"}
{"level":"error","message":"SyntaxError: Unexpected token 'e', \"email=rohi\"... is not valid JSON\n    at JSON.parse (<anonymous>)\n    at createStrictSyntaxError (C:\\Users\\91903\\social-media-microservices\\identity-services\\node_modules\\body-parser\\lib\\types\\json.js:156:10)\n    at parse (C:\\Users\\91903\\social-media-microservices\\identity-services\\node_modules\\body-parser\\lib\\types\\json.js:71:15)\n    at C:\\Users\\91903\\social-media-microservices\\identity-services\\node_modules\\body-parser\\lib\\read.js:123:18\n    at AsyncResource.runInAsyncScope (node:async_hooks:211:14)\n    at invokeCallback (C:\\Users\\91903\\social-media-microservices\\identity-services\\node_modules\\raw-body\\index.js:238:16)\n    at done (C:\\Users\\91903\\social-media-microservices\\identity-services\\node_modules\\raw-body\\index.js:227:7)\n    at IncomingMessage.onEnd (C:\\Users\\91903\\social-media-microservices\\identity-services\\node_modules\\raw-body\\index.js:287:7)\n    at IncomingMessage.emit (node:events:524:28)\n    at endReadableNT (node:internal/streams/readable:1698:12)","service":"identity-services","timestamp":"2025-05-25T08:44:59.745Z"}
{"level":"info","message":"Received POST request to /api/auth/login","service":"identity-services","timestamp":"2025-05-25T08:45:29.711Z"}
{"level":"info","message":"Request body, [object Object]","service":"identity-services","timestamp":"2025-05-25T08:45:29.713Z"}
{"level":"info","message":"Login endpoint hit...","service":"identity-services","timestamp":"2025-05-25T08:45:29.718Z"}
{"level":"error","message":"Login error occured user.comparePassword is not a function","service":"identity-services","stack":"TypeError: user.comparePassword is not a function\n    at loginUser (C:\\Users\\91903\\social-media-microservices\\identity-services\\src\\controllers\\identity-controller.js:69:40)\n    at process.processTicksAndRejections (node:internal/process/task_queues:105:5)","timestamp":"2025-05-25T08:45:29.789Z"}
{"level":"info","message":"Received POST request to /api/auth/login","service":"identity-services","timestamp":"2025-05-25T08:45:34.842Z"}
{"level":"info","message":"Request body, [object Object]","service":"identity-services","timestamp":"2025-05-25T08:45:34.843Z"}
{"level":"info","message":"Login endpoint hit...","service":"identity-services","timestamp":"2025-05-25T08:45:34.846Z"}
{"level":"warn","message":"Invalid user","service":"identity-services","timestamp":"2025-05-25T08:45:34.882Z"}
{"level":"info","message":"Received POST request to /api/auth/login","service":"identity-services","timestamp":"2025-05-25T08:45:48.916Z"}
{"level":"info","message":"Request body, [object Object]","service":"identity-services","timestamp":"2025-05-25T08:45:48.918Z"}
{"level":"info","message":"Login endpoint hit...","service":"identity-services","timestamp":"2025-05-25T08:45:48.922Z"}
{"level":"error","message":"Login error occured user.comparePassword is not a function","service":"identity-services","stack":"TypeError: user.comparePassword is not a function\n    at loginUser (C:\\Users\\91903\\social-media-microservices\\identity-services\\src\\controllers\\identity-controller.js:69:40)\n    at process.processTicksAndRejections (node:internal/process/task_queues:105:5)","timestamp":"2025-05-25T08:45:48.953Z"}
{"level":"info","message":"Received POST request to /api/auth/login","service":"identity-services","timestamp":"2025-05-25T08:47:17.734Z"}
{"level":"info","message":"Request body, [object Object]","service":"identity-services","timestamp":"2025-05-25T08:47:17.735Z"}
{"level":"info","message":"Login endpoint hit...","service":"identity-services","timestamp":"2025-05-25T08:47:17.738Z"}
{"level":"error","message":"Login error occured user.comparePassword is not a function","service":"identity-services","stack":"TypeError: user.comparePassword is not a function\n    at loginUser (C:\\Users\\91903\\social-media-microservices\\identity-services\\src\\controllers\\identity-controller.js:69:40)\n    at process.processTicksAndRejections (node:internal/process/task_queues:105:5)","timestamp":"2025-05-25T08:47:17.771Z"}
{"level":"info","message":"Received GET request to /api/auth/login","service":"identity-services","timestamp":"2025-05-25T08:47:46.885Z"}
{"level":"info","message":"Request body, [object Object]","service":"identity-services","timestamp":"2025-05-25T08:47:46.886Z"}
{"level":"info","message":"Received POST request to /api/auth/login","service":"identity-services","timestamp":"2025-05-25T08:47:55.588Z"}
{"level":"info","message":"Request body, [object Object]","service":"identity-services","timestamp":"2025-05-25T08:47:55.589Z"}
{"level":"info","message":"Login endpoint hit...","service":"identity-services","timestamp":"2025-05-25T08:47:55.593Z"}
{"level":"error","message":"Login error occured user.comparePassword is not a function","service":"identity-services","stack":"TypeError: user.comparePassword is not a function\n    at loginUser (C:\\Users\\91903\\social-media-microservices\\identity-services\\src\\controllers\\identity-controller.js:69:40)\n    at process.processTicksAndRejections (node:internal/process/task_queues:105:5)","timestamp":"2025-05-25T08:47:55.649Z"}
{"level":"info","message":"Identity service runing on port 3001","service":"identity-services","timestamp":"2025-05-25T08:48:35.022Z"}
{"level":"info","message":"Connected to mongoDB","service":"identity-services","timestamp":"2025-05-25T08:48:42.779Z"}
{"level":"info","message":"Identity service runing on port 3001","service":"identity-services","timestamp":"2025-05-25T08:49:13.275Z"}
{"level":"info","message":"Connected to mongoDB","service":"identity-services","timestamp":"2025-05-25T08:49:16.537Z"}
{"level":"info","message":"Received POST request to /api/auth/login","service":"identity-services","timestamp":"2025-05-25T08:49:21.998Z"}
{"level":"info","message":"Request body, [object Object]","service":"identity-services","timestamp":"2025-05-25T08:49:22.000Z"}
{"level":"info","message":"Login endpoint hit...","service":"identity-services","timestamp":"2025-05-25T08:49:22.010Z"}
{"level":"error","message":"Login error occured user.comparePassword is not a function","service":"identity-services","stack":"TypeError: user.comparePassword is not a function\n    at loginUser (C:\\Users\\91903\\social-media-microservices\\identity-services\\src\\controllers\\identity-controller.js:69:40)\n    at process.processTicksAndRejections (node:internal/process/task_queues:105:5)","timestamp":"2025-05-25T08:49:22.281Z"}
{"level":"info","message":"Received POST request to /api/auth/login","service":"identity-services","timestamp":"2025-05-25T08:53:31.662Z"}
{"level":"info","message":"Request body, [object Object]","service":"identity-services","timestamp":"2025-05-25T08:53:31.663Z"}
{"level":"info","message":"Login endpoint hit...","service":"identity-services","timestamp":"2025-05-25T08:53:31.666Z"}
{"level":"error","message":"Login error occured user.comparePassword is not a function","service":"identity-services","stack":"TypeError: user.comparePassword is not a function\n    at loginUser (C:\\Users\\91903\\social-media-microservices\\identity-services\\src\\controllers\\identity-controller.js:69:40)\n    at process.processTicksAndRejections (node:internal/process/task_queues:105:5)","timestamp":"2025-05-25T08:53:31.693Z"}
{"level":"info","message":"Identity service runing on port 3001","service":"identity-services","timestamp":"2025-05-25T08:55:10.874Z"}
{"level":"info","message":"Connected to mongoDB","service":"identity-services","timestamp":"2025-05-25T08:55:11.290Z"}
{"level":"info","message":"Received POST request to /api/auth/login","service":"identity-services","timestamp":"2025-05-25T08:55:13.161Z"}
{"level":"info","message":"Request body, [object Object]","service":"identity-services","timestamp":"2025-05-25T08:55:13.163Z"}
{"level":"info","message":"Login endpoint hit...","service":"identity-services","timestamp":"2025-05-25T08:55:13.172Z"}
{"level":"info","message":"Identity service runing on port 3001","service":"identity-services","timestamp":"2025-05-25T09:03:36.039Z"}
{"level":"info","message":"Identity service runing on port 3001","service":"identity-services","timestamp":"2025-05-25T09:03:39.031Z"}
{"level":"info","message":"Connected to mongoDB","service":"identity-services","timestamp":"2025-05-25T09:03:39.434Z"}
{"level":"info","message":"Identity service runing on port 3001","service":"identity-services","timestamp":"2025-05-25T09:03:42.914Z"}
{"level":"info","message":"Connected to mongoDB","service":"identity-services","timestamp":"2025-05-25T09:03:44.522Z"}
{"level":"info","message":"Identity service runing on port 3001","service":"identity-services","timestamp":"2025-05-25T09:03:47.981Z"}
{"level":"info","message":"Connected to mongoDB","service":"identity-services","timestamp":"2025-05-25T09:03:48.420Z"}
{"level":"info","message":"Identity service runing on port 3001","service":"identity-services","timestamp":"2025-05-25T09:04:02.108Z"}
{"level":"info","message":"Identity service runing on port 3001","service":"identity-services","timestamp":"2025-05-25T09:04:16.853Z"}
{"level":"info","message":"Connected to mongoDB","service":"identity-services","timestamp":"2025-05-25T09:04:18.906Z"}
{"level":"info","message":"Identity service runing on port 3001","service":"identity-services","timestamp":"2025-05-25T09:04:21.383Z"}
{"level":"info","message":"Identity service runing on port 3001","service":"identity-services","timestamp":"2025-05-25T09:04:23.193Z"}
{"level":"info","message":"Identity service runing on port 3001","service":"identity-services","timestamp":"2025-05-25T09:04:27.586Z"}
{"level":"info","message":"Identity service runing on port 3001","service":"identity-services","timestamp":"2025-05-25T09:04:30.760Z"}
{"level":"info","message":"Identity service runing on port 3001","service":"identity-services","timestamp":"2025-05-25T09:04:33.522Z"}
{"level":"info","message":"Connected to mongoDB","service":"identity-services","timestamp":"2025-05-25T09:04:34.310Z"}
{"level":"info","message":"Identity service runing on port 3001","service":"identity-services","timestamp":"2025-05-25T09:04:37.486Z"}
{"level":"info","message":"Identity service runing on port 3001","service":"identity-services","timestamp":"2025-05-25T09:04:40.019Z"}
{"level":"info","message":"Identity service runing on port 3001","service":"identity-services","timestamp":"2025-05-25T09:04:42.567Z"}
{"level":"info","message":"Connected to mongoDB","service":"identity-services","timestamp":"2025-05-25T09:04:43.505Z"}
{"level":"info","message":"Identity service runing on port 3001","service":"identity-services","timestamp":"2025-05-25T09:04:45.042Z"}
{"level":"info","message":"Connected to mongoDB","service":"identity-services","timestamp":"2025-05-25T09:04:45.470Z"}
{"level":"info","message":"Identity service runing on port 3001","service":"identity-services","timestamp":"2025-05-25T09:04:47.038Z"}
{"level":"info","message":"Connected to mongoDB","service":"identity-services","timestamp":"2025-05-25T09:04:47.684Z"}
{"level":"info","message":"Identity service runing on port 3001","service":"identity-services","timestamp":"2025-05-25T09:04:49.846Z"}
{"level":"info","message":"Connected to mongoDB","service":"identity-services","timestamp":"2025-05-25T09:04:50.253Z"}
{"level":"info","message":"Identity service runing on port 3001","service":"identity-services","timestamp":"2025-05-25T09:04:55.636Z"}
{"level":"info","message":"Connected to mongoDB","service":"identity-services","timestamp":"2025-05-25T09:04:56.855Z"}
{"level":"info","message":"Identity service runing on port 3001","service":"identity-services","timestamp":"2025-05-25T09:05:00.547Z"}
{"level":"info","message":"Connected to mongoDB","service":"identity-services","timestamp":"2025-05-25T09:05:01.118Z"}
{"level":"info","message":"Identity service runing on port 3001","service":"identity-services","timestamp":"2025-05-25T09:05:07.043Z"}
{"level":"info","message":"Connected to mongoDB","service":"identity-services","timestamp":"2025-05-25T09:05:08.964Z"}
{"level":"info","message":"Identity service runing on port 3001","service":"identity-services","timestamp":"2025-05-25T09:05:11.082Z"}
{"level":"info","message":"Connected to mongoDB","service":"identity-services","timestamp":"2025-05-25T09:05:11.547Z"}
{"level":"info","message":"Identity service runing on port 3001","service":"identity-services","timestamp":"2025-05-25T09:05:14.365Z"}
{"level":"info","message":"Connected to mongoDB","service":"identity-services","timestamp":"2025-05-25T09:05:14.812Z"}
{"level":"info","message":"Identity service runing on port 3001","service":"identity-services","timestamp":"2025-05-25T09:05:19.934Z"}
{"level":"info","message":"Connected to mongoDB","service":"identity-services","timestamp":"2025-05-25T09:05:20.380Z"}
{"level":"info","message":"Identity service runing on port 3001","service":"identity-services","timestamp":"2025-05-25T09:05:22.318Z"}
{"level":"info","message":"Connected to mongoDB","service":"identity-services","timestamp":"2025-05-25T09:05:22.779Z"}
{"level":"info","message":"Identity service runing on port 3001","service":"identity-services","timestamp":"2025-05-25T09:05:25.082Z"}
{"level":"info","message":"Connected to mongoDB","service":"identity-services","timestamp":"2025-05-25T09:05:25.508Z"}
{"level":"info","message":"Identity service runing on port 3001","service":"identity-services","timestamp":"2025-05-25T09:05:28.073Z"}
{"level":"info","message":"Connected to mongoDB","service":"identity-services","timestamp":"2025-05-25T09:05:28.510Z"}
{"level":"info","message":"Identity service runing on port 3001","service":"identity-services","timestamp":"2025-05-25T09:05:31.986Z"}
{"level":"info","message":"Connected to mongoDB","service":"identity-services","timestamp":"2025-05-25T09:05:32.422Z"}
{"level":"info","message":"Identity service runing on port 3001","service":"identity-services","timestamp":"2025-05-25T09:05:39.402Z"}
{"level":"info","message":"Connected to mongoDB","service":"identity-services","timestamp":"2025-05-25T09:05:41.961Z"}
{"level":"info","message":"Identity service runing on port 3001","service":"identity-services","timestamp":"2025-05-25T09:06:00.896Z"}
{"level":"info","message":"Connected to mongoDB","service":"identity-services","timestamp":"2025-05-25T09:06:02.013Z"}
{"level":"info","message":"Identity service runing on port 3001","service":"identity-services","timestamp":"2025-05-25T09:06:05.639Z"}
{"level":"info","message":"Connected to mongoDB","service":"identity-services","timestamp":"2025-05-25T09:06:06.112Z"}
{"level":"info","message":"Identity service runing on port 3001","service":"identity-services","timestamp":"2025-05-25T09:06:11.374Z"}
{"level":"info","message":"Connected to mongoDB","service":"identity-services","timestamp":"2025-05-25T09:06:19.164Z"}
{"level":"info","message":"Identity service runing on port 3001","service":"identity-services","timestamp":"2025-05-25T09:06:26.688Z"}
{"level":"info","message":"Connected to mongoDB","service":"identity-services","timestamp":"2025-05-25T09:06:27.470Z"}
{"level":"info","message":"Identity service runing on port 3001","service":"identity-services","timestamp":"2025-05-25T09:07:48.611Z"}
{"level":"info","message":"Identity service runing on port 3001","service":"identity-services","timestamp":"2025-05-25T09:07:51.961Z"}
{"level":"info","message":"Identity service runing on port 3001","service":"identity-services","timestamp":"2025-05-25T09:08:00.626Z"}
{"level":"info","message":"Connected to mongoDB","service":"identity-services","timestamp":"2025-05-25T09:08:01.105Z"}
{"level":"info","message":"Identity service runing on port 3001","service":"identity-services","timestamp":"2025-05-25T09:08:02.803Z"}
{"level":"info","message":"Connected to mongoDB","service":"identity-services","timestamp":"2025-05-25T09:08:05.537Z"}
{"level":"info","message":"Identity service runing on port 3001","service":"identity-services","timestamp":"2025-05-25T09:08:15.058Z"}
{"level":"info","message":"Connected to mongoDB","service":"identity-services","timestamp":"2025-05-25T09:08:16.577Z"}
{"level":"info","message":"Identity service runing on port 3001","service":"identity-services","timestamp":"2025-05-25T09:08:18.583Z"}
{"level":"info","message":"Identity service runing on port 3001","service":"identity-services","timestamp":"2025-05-25T09:08:20.046Z"}
{"level":"info","message":"Connected to mongoDB","service":"identity-services","timestamp":"2025-05-25T09:08:21.917Z"}
{"level":"info","message":"Identity service runing on port 3001","service":"identity-services","timestamp":"2025-05-25T09:08:24.582Z"}
{"level":"info","message":"Connected to mongoDB","service":"identity-services","timestamp":"2025-05-25T09:08:25.604Z"}
{"level":"info","message":"Identity service runing on port 3001","service":"identity-services","timestamp":"2025-05-25T09:08:27.855Z"}
{"level":"info","message":"Identity service runing on port 3001","service":"identity-services","timestamp":"2025-05-25T09:08:29.849Z"}
{"level":"info","message":"Connected to mongoDB","service":"identity-services","timestamp":"2025-05-25T09:08:30.282Z"}
{"level":"info","message":"Identity service runing on port 3001","service":"identity-services","timestamp":"2025-05-25T09:08:32.554Z"}
{"level":"info","message":"Connected to mongoDB","service":"identity-services","timestamp":"2025-05-25T09:08:32.972Z"}
{"level":"info","message":"Identity service runing on port 3001","service":"identity-services","timestamp":"2025-05-25T09:08:37.290Z"}
{"level":"info","message":"Connected to mongoDB","service":"identity-services","timestamp":"2025-05-25T09:08:38.214Z"}
{"level":"info","message":"Identity service runing on port 3001","service":"identity-services","timestamp":"2025-05-25T09:08:41.165Z"}
{"level":"info","message":"Identity service runing on port 3001","service":"identity-services","timestamp":"2025-05-25T09:08:44.351Z"}
{"level":"info","message":"Connected to mongoDB","service":"identity-services","timestamp":"2025-05-25T09:08:45.668Z"}
{"level":"info","message":"Identity service runing on port 3001","service":"identity-services","timestamp":"2025-05-25T09:08:49.824Z"}
{"level":"info","message":"Identity service runing on port 3001","service":"identity-services","timestamp":"2025-05-25T09:08:52.960Z"}
{"level":"info","message":"Identity service runing on port 3001","service":"identity-services","timestamp":"2025-05-25T09:08:57.766Z"}
{"level":"info","message":"Identity service runing on port 3001","service":"identity-services","timestamp":"2025-05-25T09:08:59.337Z"}
{"level":"info","message":"Identity service runing on port 3001","service":"identity-services","timestamp":"2025-05-25T09:09:01.527Z"}
{"level":"info","message":"Connected to mongoDB","service":"identity-services","timestamp":"2025-05-25T09:09:03.800Z"}
{"level":"info","message":"Identity service runing on port 3001","service":"identity-services","timestamp":"2025-05-25T09:09:05.432Z"}
{"level":"info","message":"Identity service runing on port 3001","service":"identity-services","timestamp":"2025-05-25T09:09:07.800Z"}
{"level":"info","message":"Identity service runing on port 3001","service":"identity-services","timestamp":"2025-05-25T09:09:10.569Z"}
{"level":"info","message":"Identity service runing on port 3001","service":"identity-services","timestamp":"2025-05-25T09:09:12.568Z"}
{"level":"info","message":"Connected to mongoDB","service":"identity-services","timestamp":"2025-05-25T09:09:15.854Z"}
{"level":"info","message":"Identity service runing on port 3001","service":"identity-services","timestamp":"2025-05-25T09:09:20.048Z"}
{"level":"info","message":"Connected to mongoDB","service":"identity-services","timestamp":"2025-05-25T09:09:21.081Z"}
{"level":"info","message":"Identity service runing on port 3001","service":"identity-services","timestamp":"2025-05-25T09:09:27.198Z"}
{"level":"info","message":"Connected to mongoDB","service":"identity-services","timestamp":"2025-05-25T09:09:28.023Z"}
{"level":"info","message":"Identity service runing on port 3001","service":"identity-services","timestamp":"2025-05-25T09:09:30.520Z"}
{"level":"info","message":"Identity service runing on port 3001","service":"identity-services","timestamp":"2025-05-25T09:09:34.488Z"}
{"level":"info","message":"Identity service runing on port 3001","service":"identity-services","timestamp":"2025-05-25T09:09:37.822Z"}
{"level":"info","message":"Identity service runing on port 3001","service":"identity-services","timestamp":"2025-05-25T09:09:40.138Z"}
{"level":"info","message":"Connected to mongoDB","service":"identity-services","timestamp":"2025-05-25T09:09:41.567Z"}
{"level":"info","message":"Identity service runing on port 3001","service":"identity-services","timestamp":"2025-05-25T09:09:44.932Z"}
{"level":"info","message":"Connected to mongoDB","service":"identity-services","timestamp":"2025-05-25T09:09:45.686Z"}
{"level":"info","message":"Identity service runing on port 3001","service":"identity-services","timestamp":"2025-05-25T09:09:47.994Z"}
{"level":"info","message":"Connected to mongoDB","service":"identity-services","timestamp":"2025-05-25T09:09:51.179Z"}
{"level":"info","message":"Identity service runing on port 3001","service":"identity-services","timestamp":"2025-05-25T09:10:13.134Z"}
{"level":"info","message":"Connected to mongoDB","service":"identity-services","timestamp":"2025-05-25T09:10:13.899Z"}
{"level":"info","message":"Identity service runing on port 3001","service":"identity-services","timestamp":"2025-05-25T09:10:59.838Z"}
{"level":"info","message":"Identity service runing on port 3001","service":"identity-services","timestamp":"2025-05-25T09:11:03.478Z"}
{"level":"info","message":"Connected to mongoDB","service":"identity-services","timestamp":"2025-05-25T09:11:04.486Z"}
{"level":"info","message":"Identity service runing on port 3001","service":"identity-services","timestamp":"2025-05-25T09:11:17.651Z"}
{"level":"info","message":"Connected to mongoDB","service":"identity-services","timestamp":"2025-05-25T09:11:18.819Z"}
{"level":"info","message":"Identity service runing on port 3001","service":"identity-services","timestamp":"2025-05-25T09:11:20.627Z"}
{"level":"info","message":"Connected to mongoDB","service":"identity-services","timestamp":"2025-05-25T09:11:21.119Z"}
{"level":"info","message":"Identity service runing on port 3001","service":"identity-services","timestamp":"2025-05-25T09:11:26.407Z"}
{"level":"info","message":"Identity service runing on port 3001","service":"identity-services","timestamp":"2025-05-25T09:11:47.844Z"}
{"level":"info","message":"Identity service runing on port 3001","service":"identity-services","timestamp":"2025-05-25T09:11:50.460Z"}
{"level":"info","message":"Identity service runing on port 3001","service":"identity-services","timestamp":"2025-05-25T09:11:56.030Z"}
{"level":"info","message":"Identity service runing on port 3001","service":"identity-services","timestamp":"2025-05-25T09:11:59.426Z"}
{"level":"info","message":"Connected to mongoDB","service":"identity-services","timestamp":"2025-05-25T09:12:00.123Z"}
{"level":"info","message":"Identity service runing on port 3001","service":"identity-services","timestamp":"2025-05-25T09:12:02.140Z"}
{"level":"info","message":"Connected to mongoDB","service":"identity-services","timestamp":"2025-05-25T09:12:03.152Z"}
{"level":"info","message":"Identity service runing on port 3001","service":"identity-services","timestamp":"2025-05-25T09:12:28.018Z"}
{"level":"info","message":"Connected to mongoDB","service":"identity-services","timestamp":"2025-05-25T09:12:28.454Z"}
{"level":"info","message":"Identity service runing on port 3001","service":"identity-services","timestamp":"2025-05-25T09:12:30.958Z"}
{"level":"info","message":"Identity service runing on port 3001","service":"identity-services","timestamp":"2025-05-25T09:12:33.042Z"}
{"level":"info","message":"Connected to mongoDB","service":"identity-services","timestamp":"2025-05-25T09:12:33.451Z"}
{"level":"info","message":"Identity service runing on port 3001","service":"identity-services","timestamp":"2025-05-25T09:12:40.870Z"}
{"level":"info","message":"Connected to mongoDB","service":"identity-services","timestamp":"2025-05-25T09:12:41.757Z"}
{"level":"info","message":"Identity service runing on port 3001","service":"identity-services","timestamp":"2025-05-25T09:12:47.595Z"}
{"level":"info","message":"Identity service runing on port 3001","service":"identity-services","timestamp":"2025-05-25T09:12:51.420Z"}
{"level":"info","message":"Connected to mongoDB","service":"identity-services","timestamp":"2025-05-25T09:12:52.883Z"}
{"level":"info","message":"Identity service runing on port 3001","service":"identity-services","timestamp":"2025-05-25T09:14:45.587Z"}
{"level":"info","message":"Connected to mongoDB","service":"identity-services","timestamp":"2025-05-25T09:14:46.222Z"}
{"level":"info","message":"Identity service runing on port 3001","service":"identity-services","timestamp":"2025-05-25T09:15:03.798Z"}
{"level":"info","message":"Identity service runing on port 3001","service":"identity-services","timestamp":"2025-05-25T09:15:07.381Z"}
{"level":"info","message":"Connected to mongoDB","service":"identity-services","timestamp":"2025-05-25T09:15:07.882Z"}
{"level":"info","message":"Identity service runing on port 3001","service":"identity-services","timestamp":"2025-05-25T09:15:12.707Z"}
{"level":"info","message":"Identity service runing on port 3001","service":"identity-services","timestamp":"2025-05-25T09:15:16.654Z"}
{"level":"info","message":"Identity service runing on port 3001","service":"identity-services","timestamp":"2025-05-25T09:15:21.996Z"}
{"level":"info","message":"Connected to mongoDB","service":"identity-services","timestamp":"2025-05-25T09:15:23.298Z"}
{"level":"info","message":"Identity service runing on port 3001","service":"identity-services","timestamp":"2025-05-25T09:15:26.059Z"}
{"level":"info","message":"Connected to mongoDB","service":"identity-services","timestamp":"2025-05-25T09:15:27.574Z"}
{"level":"info","message":"Identity service runing on port 3001","service":"identity-services","timestamp":"2025-05-25T09:15:38.087Z"}
{"level":"info","message":"Identity service runing on port 3001","service":"identity-services","timestamp":"2025-05-25T09:15:46.132Z"}
{"level":"info","message":"Identity service runing on port 3001","service":"identity-services","timestamp":"2025-05-25T09:15:48.731Z"}
{"level":"info","message":"Connected to mongoDB","service":"identity-services","timestamp":"2025-05-25T09:15:49.278Z"}
{"level":"info","message":"Identity service runing on port 3001","service":"identity-services","timestamp":"2025-05-25T09:16:04.183Z"}
{"level":"info","message":"Identity service runing on port 3001","service":"identity-services","timestamp":"2025-05-25T09:16:07.101Z"}
{"level":"info","message":"Connected to mongoDB","service":"identity-services","timestamp":"2025-05-25T09:16:08.801Z"}
{"level":"info","message":"Identity service runing on port 3001","service":"identity-services","timestamp":"2025-05-25T09:16:11.742Z"}
{"level":"info","message":"Identity service runing on port 3001","service":"identity-services","timestamp":"2025-05-25T09:16:15.209Z"}
{"level":"info","message":"Connected to mongoDB","service":"identity-services","timestamp":"2025-05-25T09:16:17.595Z"}
{"level":"info","message":"Identity service runing on port 3001","service":"identity-services","timestamp":"2025-05-25T09:16:19.672Z"}
{"level":"info","message":"Connected to mongoDB","service":"identity-services","timestamp":"2025-05-25T09:16:20.144Z"}
{"level":"info","message":"Identity service runing on port 3001","service":"identity-services","timestamp":"2025-05-25T09:16:22.029Z"}
{"level":"info","message":"Connected to mongoDB","service":"identity-services","timestamp":"2025-05-25T09:16:22.468Z"}
{"level":"info","message":"Identity service runing on port 3001","service":"identity-services","timestamp":"2025-05-25T09:16:23.862Z"}
{"level":"info","message":"Connected to mongoDB","service":"identity-services","timestamp":"2025-05-25T09:16:25.362Z"}
{"level":"info","message":"Identity service runing on port 3001","service":"identity-services","timestamp":"2025-05-25T09:16:27.831Z"}
{"level":"info","message":"Connected to mongoDB","service":"identity-services","timestamp":"2025-05-25T09:16:28.247Z"}
{"level":"info","message":"Identity service runing on port 3001","service":"identity-services","timestamp":"2025-05-25T09:16:31.783Z"}
{"level":"info","message":"Connected to mongoDB","service":"identity-services","timestamp":"2025-05-25T09:16:33.681Z"}
{"level":"info","message":"Identity service runing on port 3001","service":"identity-services","timestamp":"2025-05-25T09:16:41.406Z"}
{"level":"info","message":"Connected to mongoDB","service":"identity-services","timestamp":"2025-05-25T09:16:42.964Z"}
{"level":"info","message":"Identity service runing on port 3001","service":"identity-services","timestamp":"2025-05-25T09:16:46.516Z"}
{"level":"info","message":"Connected to mongoDB","service":"identity-services","timestamp":"2025-05-25T09:16:47.834Z"}
{"level":"info","message":"Identity service runing on port 3001","service":"identity-services","timestamp":"2025-05-25T09:16:49.395Z"}
{"level":"info","message":"Connected to mongoDB","service":"identity-services","timestamp":"2025-05-25T09:16:49.807Z"}
{"level":"info","message":"Identity service runing on port 3001","service":"identity-services","timestamp":"2025-05-25T09:16:54.718Z"}
{"level":"info","message":"Identity service runing on port 3001","service":"identity-services","timestamp":"2025-05-25T09:16:56.611Z"}
{"level":"info","message":"Identity service runing on port 3001","service":"identity-services","timestamp":"2025-05-25T09:16:58.175Z"}
{"level":"info","message":"Identity service runing on port 3001","service":"identity-services","timestamp":"2025-05-25T09:17:02.945Z"}
{"level":"info","message":"Identity service runing on port 3001","service":"identity-services","timestamp":"2025-05-25T09:17:05.567Z"}
{"level":"info","message":"Connected to mongoDB","service":"identity-services","timestamp":"2025-05-25T09:17:06.759Z"}
{"level":"info","message":"Identity service runing on port 3001","service":"identity-services","timestamp":"2025-05-25T09:17:08.461Z"}
{"level":"info","message":"Identity service runing on port 3001","service":"identity-services","timestamp":"2025-05-25T09:17:10.172Z"}
{"level":"info","message":"Connected to mongoDB","service":"identity-services","timestamp":"2025-05-25T09:17:11.183Z"}
{"level":"info","message":"Identity service runing on port 3001","service":"identity-services","timestamp":"2025-05-25T09:17:19.398Z"}
{"level":"info","message":"Connected to mongoDB","service":"identity-services","timestamp":"2025-05-25T09:17:20.087Z"}
{"level":"info","message":"Identity service runing on port 3001","service":"identity-services","timestamp":"2025-05-25T09:17:22.589Z"}
{"level":"info","message":"Connected to mongoDB","service":"identity-services","timestamp":"2025-05-25T09:17:23.026Z"}
{"level":"info","message":"Identity service runing on port 3001","service":"identity-services","timestamp":"2025-05-25T09:17:36.176Z"}
{"level":"info","message":"Connected to mongoDB","service":"identity-services","timestamp":"2025-05-25T09:17:37.810Z"}
{"level":"info","message":"Identity service runing on port 3001","service":"identity-services","timestamp":"2025-05-25T09:17:45.905Z"}
{"level":"info","message":"Connected to mongoDB","service":"identity-services","timestamp":"2025-05-25T09:18:08.858Z"}
{"level":"info","message":"Identity service runing on port 3001","service":"identity-services","timestamp":"2025-05-25T09:19:20.393Z"}
{"level":"info","message":"Connected to mongoDB","service":"identity-services","timestamp":"2025-05-25T09:19:21.135Z"}
{"level":"info","message":"Identity service runing on port 3001","service":"identity-services","timestamp":"2025-05-25T09:19:37.981Z"}
{"level":"info","message":"Connected to mongoDB","service":"identity-services","timestamp":"2025-05-25T09:19:38.649Z"}
{"level":"info","message":"Identity service runing on port 3001","service":"identity-services","timestamp":"2025-05-25T09:19:40.849Z"}
{"level":"info","message":"Connected to mongoDB","service":"identity-services","timestamp":"2025-05-25T09:19:42.566Z"}
{"level":"info","message":"Identity service runing on port 3001","service":"identity-services","timestamp":"2025-05-25T09:19:45.360Z"}
{"level":"info","message":"Connected to mongoDB","service":"identity-services","timestamp":"2025-05-25T09:19:45.799Z"}
{"level":"info","message":"Identity service runing on port 3001","service":"identity-services","timestamp":"2025-05-25T09:19:56.164Z"}
{"level":"info","message":"Connected to mongoDB","service":"identity-services","timestamp":"2025-05-25T09:19:57.545Z"}
{"level":"info","message":"Identity service runing on port 3001","service":"identity-services","timestamp":"2025-05-25T09:20:04.557Z"}
{"level":"info","message":"Identity service runing on port 3001","service":"identity-services","timestamp":"2025-05-25T09:20:06.738Z"}
{"level":"info","message":"Connected to mongoDB","service":"identity-services","timestamp":"2025-05-25T09:20:07.201Z"}
{"level":"info","message":"Identity service runing on port 3001","service":"identity-services","timestamp":"2025-05-25T09:20:21.992Z"}
{"level":"info","message":"Connected to mongoDB","service":"identity-services","timestamp":"2025-05-25T09:20:22.693Z"}
{"level":"info","message":"Identity service runing on port 3001","service":"identity-services","timestamp":"2025-05-25T09:20:29.479Z"}
{"level":"info","message":"Identity service runing on port 3001","service":"identity-services","timestamp":"2025-05-25T09:20:32.843Z"}
{"level":"info","message":"Connected to mongoDB","service":"identity-services","timestamp":"2025-05-25T09:20:33.300Z"}
{"level":"info","message":"Identity service runing on port 3001","service":"identity-services","timestamp":"2025-05-25T09:20:35.484Z"}
{"level":"info","message":"Connected to mongoDB","service":"identity-services","timestamp":"2025-05-25T09:20:35.917Z"}
{"level":"info","message":"Identity service runing on port 3001","service":"identity-services","timestamp":"2025-05-25T09:20:38.696Z"}
{"level":"info","message":"Connected to mongoDB","service":"identity-services","timestamp":"2025-05-25T09:20:39.432Z"}
{"level":"info","message":"Identity service runing on port 3001","service":"identity-services","timestamp":"2025-05-25T09:20:41.516Z"}
{"level":"info","message":"Identity service runing on port 3001","service":"identity-services","timestamp":"2025-05-25T09:20:43.712Z"}
{"level":"info","message":"Connected to mongoDB","service":"identity-services","timestamp":"2025-05-25T09:20:44.555Z"}
{"level":"info","message":"Identity service runing on port 3001","service":"identity-services","timestamp":"2025-05-25T09:20:47.880Z"}
{"level":"info","message":"Connected to mongoDB","service":"identity-services","timestamp":"2025-05-25T09:20:48.340Z"}
{"level":"info","message":"Identity service runing on port 3001","service":"identity-services","timestamp":"2025-05-25T09:21:05.278Z"}
{"level":"info","message":"Identity service runing on port 3001","service":"identity-services","timestamp":"2025-05-25T09:21:07.388Z"}
{"level":"info","message":"Connected to mongoDB","service":"identity-services","timestamp":"2025-05-25T09:21:08.074Z"}
{"level":"info","message":"Identity service runing on port 3001","service":"identity-services","timestamp":"2025-05-25T09:21:10.475Z"}
{"level":"info","message":"Connected to mongoDB","service":"identity-services","timestamp":"2025-05-25T09:21:12.074Z"}
{"level":"info","message":"Identity service runing on port 3001","service":"identity-services","timestamp":"2025-05-25T09:21:22.896Z"}
{"level":"info","message":"Connected to mongoDB","service":"identity-services","timestamp":"2025-05-25T09:21:23.358Z"}
{"level":"info","message":"Identity service runing on port 3001","service":"identity-services","timestamp":"2025-05-25T09:21:26.499Z"}
{"level":"info","message":"Connected to mongoDB","service":"identity-services","timestamp":"2025-05-25T09:21:26.941Z"}
{"level":"info","message":"Identity service runing on port 3001","service":"identity-services","timestamp":"2025-05-25T09:21:31.454Z"}
{"level":"info","message":"Connected to mongoDB","service":"identity-services","timestamp":"2025-05-25T09:21:33.049Z"}
{"level":"info","message":"Identity service runing on port 3001","service":"identity-services","timestamp":"2025-05-25T09:21:38.303Z"}
{"level":"info","message":"Connected to mongoDB","service":"identity-services","timestamp":"2025-05-25T09:21:38.737Z"}
{"level":"info","message":"Identity service runing on port 3001","service":"identity-services","timestamp":"2025-05-25T09:21:43.454Z"}
{"level":"info","message":"Connected to mongoDB","service":"identity-services","timestamp":"2025-05-25T09:21:44.194Z"}
{"level":"info","message":"Identity service runing on port 3001","service":"identity-services","timestamp":"2025-05-25T09:21:45.772Z"}
{"level":"info","message":"Connected to mongoDB","service":"identity-services","timestamp":"2025-05-25T09:21:46.264Z"}
{"level":"info","message":"Identity service runing on port 3001","service":"identity-services","timestamp":"2025-05-25T09:21:49.814Z"}
{"level":"info","message":"Connected to mongoDB","service":"identity-services","timestamp":"2025-05-25T09:21:50.240Z"}
{"level":"info","message":"Identity service runing on port 3001","service":"identity-services","timestamp":"2025-05-25T09:21:52.262Z"}
{"level":"info","message":"Identity service runing on port 3001","service":"identity-services","timestamp":"2025-05-25T09:21:54.176Z"}
{"level":"info","message":"Identity service runing on port 3001","service":"identity-services","timestamp":"2025-05-25T09:21:55.897Z"}
{"level":"info","message":"Connected to mongoDB","service":"identity-services","timestamp":"2025-05-25T09:21:56.397Z"}
{"level":"info","message":"Identity service runing on port 3001","service":"identity-services","timestamp":"2025-05-25T09:22:06.166Z"}
{"level":"info","message":"Connected to mongoDB","service":"identity-services","timestamp":"2025-05-25T09:22:06.644Z"}
{"level":"info","message":"Identity service runing on port 3001","service":"identity-services","timestamp":"2025-05-25T09:22:12.082Z"}
{"level":"info","message":"Connected to mongoDB","service":"identity-services","timestamp":"2025-05-25T09:22:13.051Z"}
{"level":"info","message":"Identity service runing on port 3001","service":"identity-services","timestamp":"2025-05-25T09:22:14.651Z"}
{"level":"info","message":"Identity service runing on port 3001","service":"identity-services","timestamp":"2025-05-25T09:22:16.977Z"}
{"level":"info","message":"Connected to mongoDB","service":"identity-services","timestamp":"2025-05-25T09:22:17.412Z"}
{"level":"info","message":"Identity service runing on port 3001","service":"identity-services","timestamp":"2025-05-25T09:22:19.702Z"}
{"level":"info","message":"Connected to mongoDB","service":"identity-services","timestamp":"2025-05-25T09:22:20.138Z"}
{"level":"info","message":"Identity service runing on port 3001","service":"identity-services","timestamp":"2025-05-25T16:52:29.960Z"}
{"level":"info","message":"Received POST request to /api/auth/login","service":"identity-services","timestamp":"2025-05-25T16:52:37.822Z"}
{"level":"info","message":"Request body, [object Object]","service":"identity-services","timestamp":"2025-05-25T16:52:37.824Z"}
{"level":"info","message":"Login endpoint hit...","service":"identity-services","timestamp":"2025-05-25T16:52:37.868Z"}
{"level":"info","message":"Connected to mongoDB","service":"identity-services","timestamp":"2025-05-25T16:52:47.806Z"}
{"level":"info","message":"Identity service runing on port 3001","service":"identity-services","timestamp":"2025-05-25T16:53:14.446Z"}
{"level":"info","message":"Identity service runing on port 3001","service":"identity-services","timestamp":"2025-05-25T16:53:16.367Z"}
{"level":"info","message":"Connected to mongoDB","service":"identity-services","timestamp":"2025-05-25T16:53:18.116Z"}
{"level":"info","message":"Identity service runing on port 3001","service":"identity-services","timestamp":"2025-05-25T16:53:20.535Z"}
{"level":"info","message":"Identity service runing on port 3001","service":"identity-services","timestamp":"2025-05-25T16:53:25.560Z"}
{"level":"info","message":"Received POST request to /api/auth/login","service":"identity-services","timestamp":"2025-05-25T16:53:28.410Z"}
{"level":"info","message":"Request body, [object Object]","service":"identity-services","timestamp":"2025-05-25T16:53:28.412Z"}
{"level":"info","message":"Login endpoint hit...","service":"identity-services","timestamp":"2025-05-25T16:53:28.417Z"}
{"level":"error","message":"Login error occured Operation `users.findOne()` buffering timed out after 10000ms","service":"identity-services","stack":"MongooseError: Operation `users.findOne()` buffering timed out after 10000ms\n    at Timeout.<anonymous> (C:\\Users\\91903\\social-media-microservices\\identity-services\\node_modules\\mongoose\\lib\\drivers\\node-mongodb-native\\collection.js:187:23)\n    at listOnTimeout (node:internal/timers:594:17)\n    at process.processTimers (node:internal/timers:529:7)","timestamp":"2025-05-25T16:53:38.440Z"}
{"level":"info","message":"Received GET request to /api/auth/login","service":"identity-services","timestamp":"2025-05-25T16:53:48.752Z"}
{"level":"info","message":"Request body, [object Object]","service":"identity-services","timestamp":"2025-05-25T16:53:48.753Z"}
{"level":"info","message":"Received POST request to /api/auth/login","service":"identity-services","timestamp":"2025-05-25T16:53:52.833Z"}
{"level":"info","message":"Request body, [object Object]","service":"identity-services","timestamp":"2025-05-25T16:53:52.835Z"}
{"level":"info","message":"Login endpoint hit...","service":"identity-services","timestamp":"2025-05-25T16:53:52.838Z"}
{"beforeHandshake":false,"connectionGeneration":0,"errorLabelSet":{},"level":"error","message":"MongoDB connection error Socket 'secureConnect' timed out after 31038ms (connectTimeoutMS: 30000)","service":"identity-services","stack":"MongoNetworkTimeoutError: Socket 'secureConnect' timed out after 31038ms (connectTimeoutMS: 30000)\n    at TLSSocket.<anonymous> (C:\\Users\\91903\\social-media-microservices\\identity-services\\node_modules\\mongodb\\lib\\cmap\\connect.js:287:20)\n    at Object.onceWrapper (node:events:638:28)\n    at TLSSocket.emit (node:events:524:28)\n    at Socket._onTimeout (node:net:609:8)\n    at listOnTimeout (node:internal/timers:594:17)\n    at process.processTimers (node:internal/timers:529:7)","timestamp":"2025-05-25T16:53:58.715Z"}
{"level":"error","message":"Login error occured Operation `users.findOne()` buffering timed out after 10000ms","service":"identity-services","stack":"MongooseError: Operation `users.findOne()` buffering timed out after 10000ms\n    at Timeout.<anonymous> (C:\\Users\\91903\\social-media-microservices\\identity-services\\node_modules\\mongoose\\lib\\drivers\\node-mongodb-native\\collection.js:187:23)\n    at listOnTimeout (node:internal/timers:594:17)\n    at process.processTimers (node:internal/timers:529:7)","timestamp":"2025-05-25T16:54:02.853Z"}
{"level":"info","message":"Identity service runing on port 3001","service":"identity-services","timestamp":"2025-05-25T16:54:30.825Z"}
{"level":"info","message":"Connected to mongoDB","service":"identity-services","timestamp":"2025-05-25T16:54:31.632Z"}
{"level":"info","message":"Received POST request to /api/auth/login","service":"identity-services","timestamp":"2025-05-25T16:54:44.897Z"}
{"level":"info","message":"Request body, [object Object]","service":"identity-services","timestamp":"2025-05-25T16:54:44.898Z"}
{"level":"info","message":"Login endpoint hit...","service":"identity-services","timestamp":"2025-05-25T16:54:44.902Z"}
{"level":"info","message":"Identity service runing on port 3001","service":"identity-services","timestamp":"2025-05-26T08:13:04.820Z"}
{"level":"info","message":"Connected to mongoDB","service":"identity-services","timestamp":"2025-05-26T08:13:07.773Z"}
{"level":"info","message":"Received POST request to /api/auth/register","service":"identity-services","timestamp":"2025-05-26T08:13:44.714Z"}
{"level":"info","message":"Request body, [object Object]","service":"identity-services","timestamp":"2025-05-26T08:13:44.716Z"}
{"level":"info","message":"Registration endpoint hit..","service":"identity-services","timestamp":"2025-05-26T08:13:44.773Z"}
{"level":"warn","message":"User already exists","service":"identity-services","timestamp":"2025-05-26T08:13:45.066Z"}
{"level":"info","message":"Received POST request to /api/auth/register","service":"identity-services","timestamp":"2025-05-26T08:13:53.988Z"}
{"level":"info","message":"Request body, [object Object]","service":"identity-services","timestamp":"2025-05-26T08:13:53.989Z"}
{"level":"info","message":"Registration endpoint hit..","service":"identity-services","timestamp":"2025-05-26T08:13:53.996Z"}
{"level":"warn","message":"User already exists","service":"identity-services","timestamp":"2025-05-26T08:13:54.026Z"}
{"level":"info","message":"Received POST request to /api/auth/register","service":"identity-services","timestamp":"2025-05-26T08:14:00.367Z"}
{"level":"info","message":"Request body, [object Object]","service":"identity-services","timestamp":"2025-05-26T08:14:00.368Z"}
{"level":"info","message":"Registration endpoint hit..","service":"identity-services","timestamp":"2025-05-26T08:14:00.373Z"}
{"buffer":{"data":[104,52,34,200,210,2,130,190,96,156,93,8],"type":"Buffer"},"level":"warn","message":"User saved successfully","service":"identity-services","timestamp":"2025-05-26T08:14:00.655Z"}
{"level":"info","message":"Received POST request to /api/auth/login","service":"identity-services","timestamp":"2025-05-26T08:14:20.577Z"}
{"level":"info","message":"Request body, [object Object]","service":"identity-services","timestamp":"2025-05-26T08:14:20.578Z"}
{"level":"info","message":"Login endpoint hit...","service":"identity-services","timestamp":"2025-05-26T08:14:20.583Z"}
{"level":"info","message":"Received POST request to /api/auth/logout","service":"identity-services","timestamp":"2025-05-26T08:14:36.069Z"}
{"level":"info","message":"Request body, [object Object]","service":"identity-services","timestamp":"2025-05-26T08:14:36.070Z"}
{"level":"info","message":"Logout endpoint hit...","service":"identity-services","timestamp":"2025-05-26T08:14:36.074Z"}
{"level":"warn","message":"Refresh token missing","service":"identity-services","timestamp":"2025-05-26T08:14:36.075Z"}
{"level":"info","message":"Received POST request to /api/auth/refresh-token","service":"identity-services","timestamp":"2025-05-26T08:14:56.889Z"}
{"level":"info","message":"Request body, [object Object]","service":"identity-services","timestamp":"2025-05-26T08:14:56.890Z"}
{"level":"info","message":"Refresh token endpoint hit...","service":"identity-services","timestamp":"2025-05-26T08:14:56.896Z"}
{"level":"warn","message":"Refresh token missing","service":"identity-services","timestamp":"2025-05-26T08:14:56.897Z"}
{"level":"info","message":"Received POST request to /api/auth/refresh-token","service":"identity-services","timestamp":"2025-05-26T08:14:58.634Z"}
{"level":"info","message":"Request body, [object Object]","service":"identity-services","timestamp":"2025-05-26T08:14:58.634Z"}
{"level":"info","message":"Refresh token endpoint hit...","service":"identity-services","timestamp":"2025-05-26T08:14:58.637Z"}
{"level":"warn","message":"Refresh token missing","service":"identity-services","timestamp":"2025-05-26T08:14:58.638Z"}
{"level":"info","message":"Received POST request to /api/auth/login","service":"identity-services","timestamp":"2025-05-26T08:15:08.678Z"}
{"level":"info","message":"Request body, [object Object]","service":"identity-services","timestamp":"2025-05-26T08:15:08.679Z"}
{"level":"info","message":"Login endpoint hit...","service":"identity-services","timestamp":"2025-05-26T08:15:08.682Z"}
{"level":"info","message":"Received POST request to /api/auth/login","service":"identity-services","timestamp":"2025-05-26T08:15:58.953Z"}
{"level":"info","message":"Request body, [object Object]","service":"identity-services","timestamp":"2025-05-26T08:15:58.954Z"}
{"level":"info","message":"Login endpoint hit...","service":"identity-services","timestamp":"2025-05-26T08:15:58.956Z"}
{"level":"info","message":"Received POST request to /api/auth/logout","service":"identity-services","timestamp":"2025-05-26T08:16:26.848Z"}
{"level":"info","message":"Request body, [object Object]","service":"identity-services","timestamp":"2025-05-26T08:16:26.849Z"}
{"level":"info","message":"Logout endpoint hit...","service":"identity-services","timestamp":"2025-05-26T08:16:26.851Z"}
{"level":"warn","message":"Refresh token missing","service":"identity-services","timestamp":"2025-05-26T08:16:26.852Z"}
{"level":"info","message":"Identity service runing on port 3001","service":"identity-services","timestamp":"2025-05-28T10:53:39.580Z"}
{"level":"info","message":"Connected to mongoDB","service":"identity-services","timestamp":"2025-05-28T10:53:40.550Z"}
{"level":"info","message":"Received POST request to /api/auth/login","service":"identity-services","timestamp":"2025-05-28T10:53:46.430Z"}
{"level":"info","message":"Request body, [object Object]","service":"identity-services","timestamp":"2025-05-28T10:53:46.432Z"}
{"level":"info","message":"Login endpoint hit...","service":"identity-services","timestamp":"2025-05-28T10:53:46.441Z"}
{"level":"info","message":"Received POST request to /api/auth/login","service":"identity-services","timestamp":"2025-05-28T10:59:52.805Z"}
{"level":"info","message":"Request body, [object Object]","service":"identity-services","timestamp":"2025-05-28T10:59:52.806Z"}
{"level":"info","message":"Login endpoint hit...","service":"identity-services","timestamp":"2025-05-28T10:59:52.812Z"}
{"level":"info","message":"Identity service runing on port 3001","service":"identity-services","timestamp":"2025-05-31T17:07:06.792Z"}
{"level":"info","message":"Connected to mongoDB","service":"identity-services","timestamp":"2025-05-31T17:07:07.844Z"}
{"level":"info","message":"Received POST request to /api/auth/login","service":"identity-services","timestamp":"2025-05-31T17:07:08.180Z"}
{"level":"info","message":"Request body, [object Object]","service":"identity-services","timestamp":"2025-05-31T17:07:08.181Z"}
{"level":"info","message":"Login endpoint hit...","service":"identity-services","timestamp":"2025-05-31T17:07:08.247Z"}
{"level":"info","message":"Received POST request to /api/auth/login","service":"identity-services","timestamp":"2025-05-31T17:11:26.701Z"}
{"level":"info","message":"Request body, [object Object]","service":"identity-services","timestamp":"2025-05-31T17:11:26.703Z"}
{"level":"info","message":"Login endpoint hit...","service":"identity-services","timestamp":"2025-05-31T17:11:26.707Z"}
{"level":"info","message":"Identity service runing on port 3001","service":"identity-services","timestamp":"2025-06-01T05:17:08.946Z"}
{"level":"info","message":"Connected to mongoDB","service":"identity-services","timestamp":"2025-06-01T05:17:10.223Z"}
{"level":"info","message":"Received POST request to /api/auth/login","service":"identity-services","timestamp":"2025-06-01T05:18:14.154Z"}
{"level":"info","message":"Request body, [object Object]","service":"identity-services","timestamp":"2025-06-01T05:18:14.156Z"}
{"level":"info","message":"Login endpoint hit...","service":"identity-services","timestamp":"2025-06-01T05:18:14.203Z"}
{"level":"info","message":"Received POST request to /api/auth/login","service":"identity-services","timestamp":"2025-06-01T05:24:08.758Z"}
{"level":"info","message":"Request body, [object Object]","service":"identity-services","timestamp":"2025-06-01T05:24:08.759Z"}
{"level":"info","message":"Login endpoint hit...","service":"identity-services","timestamp":"2025-06-01T05:24:08.767Z"}
{"level":"info","message":"Received POST request to /api/auth/login","service":"identity-services","timestamp":"2025-06-01T05:29:08.830Z"}
{"level":"info","message":"Request body, [object Object]","service":"identity-services","timestamp":"2025-06-01T05:29:08.836Z"}
{"level":"info","message":"Login endpoint hit...","service":"identity-services","timestamp":"2025-06-01T05:29:08.841Z"}
{"level":"info","message":"Received POST request to /api/auth/login","service":"identity-services","timestamp":"2025-06-01T05:33:47.667Z"}
{"level":"info","message":"Request body, [object Object]","service":"identity-services","timestamp":"2025-06-01T05:33:47.673Z"}
{"level":"info","message":"Login endpoint hit...","service":"identity-services","timestamp":"2025-06-01T05:33:47.682Z"}
{"level":"info","message":"Received POST request to /api/auth/login","service":"identity-services","timestamp":"2025-06-01T05:40:13.254Z"}
{"level":"info","message":"Request body, [object Object]","service":"identity-services","timestamp":"2025-06-01T05:40:13.256Z"}
{"level":"info","message":"Login endpoint hit...","service":"identity-services","timestamp":"2025-06-01T05:40:13.261Z"}
{"level":"info","message":"Received POST request to /api/auth/login","service":"identity-services","timestamp":"2025-06-01T05:45:45.083Z"}
{"level":"info","message":"Request body, [object Object]","service":"identity-services","timestamp":"2025-06-01T05:45:45.086Z"}
{"level":"info","message":"Login endpoint hit...","service":"identity-services","timestamp":"2025-06-01T05:45:45.089Z"}
{"level":"info","message":"Received POST request to /api/auth/login","service":"identity-services","timestamp":"2025-06-01T05:45:58.775Z"}
{"level":"info","message":"Request body, [object Object]","service":"identity-services","timestamp":"2025-06-01T05:45:58.776Z"}
{"level":"info","message":"Login endpoint hit...","service":"identity-services","timestamp":"2025-06-01T05:45:58.778Z"}
{"level":"info","message":"Identity service runing on port 3001","service":"identity-services","timestamp":"2025-06-01T08:16:34.453Z"}
{"level":"info","message":"Connected to mongoDB","service":"identity-services","timestamp":"2025-06-01T08:16:35.689Z"}
{"level":"info","message":"Received POST request to /api/auth/login","service":"identity-services","timestamp":"2025-06-01T08:17:07.201Z"}
{"level":"info","message":"Request body, [object Object]","service":"identity-services","timestamp":"2025-06-01T08:17:07.203Z"}
{"level":"info","message":"Login endpoint hit...","service":"identity-services","timestamp":"2025-06-01T08:17:07.219Z"}
{"level":"info","message":"Received POST request to /api/auth/login","service":"identity-services","timestamp":"2025-06-01T08:28:59.086Z"}
{"level":"info","message":"Request body, [object Object]","service":"identity-services","timestamp":"2025-06-01T08:28:59.096Z"}
{"level":"info","message":"Login endpoint hit...","service":"identity-services","timestamp":"2025-06-01T08:28:59.113Z"}
{"level":"info","message":"Identity service runing on port 3001","service":"identity-services","timestamp":"2025-06-01T13:42:48.447Z"}
{"level":"info","message":"Connected to mongoDB","service":"identity-services","timestamp":"2025-06-01T13:42:51.685Z"}
{"level":"info","message":"Received POST request to /api/auth/login","service":"identity-services","timestamp":"2025-06-01T13:43:50.612Z"}
{"level":"info","message":"Request body, [object Object]","service":"identity-services","timestamp":"2025-06-01T13:43:50.614Z"}
{"level":"info","message":"Login endpoint hit...","service":"identity-services","timestamp":"2025-06-01T13:43:50.628Z"}
{"level":"info","message":"Received POST request to /api/auth/login","service":"identity-services","timestamp":"2025-06-01T13:45:11.853Z"}
{"level":"info","message":"Request body, [object Object]","service":"identity-services","timestamp":"2025-06-01T13:45:11.854Z"}
{"level":"info","message":"Login endpoint hit...","service":"identity-services","timestamp":"2025-06-01T13:45:11.856Z"}
{"level":"info","message":"Identity service runing on port 3001","service":"identity-services","timestamp":"2025-06-02T05:28:37.365Z"}
{"level":"info","message":"Connected to mongoDB","service":"identity-services","timestamp":"2025-06-02T05:28:42.283Z"}
{"level":"info","message":"Received POST request to /api/auth/login","service":"identity-services","timestamp":"2025-06-02T05:28:56.083Z"}
{"level":"info","message":"Request body, [object Object]","service":"identity-services","timestamp":"2025-06-02T05:28:56.085Z"}
{"level":"info","message":"Login endpoint hit...","service":"identity-services","timestamp":"2025-06-02T05:28:56.113Z"}
{"level":"info","message":"Identity service runing on port 3001","service":"identity-services","timestamp":"2025-06-02T09:51:38.370Z"}
{"level":"info","message":"Connected to mongoDB","service":"identity-services","timestamp":"2025-06-02T09:51:44.074Z"}
{"level":"info","message":"Received POST request to /api/auth/login","service":"identity-services","timestamp":"2025-06-02T09:51:50.553Z"}
{"level":"info","message":"Request body, [object Object]","service":"identity-services","timestamp":"2025-06-02T09:51:50.553Z"}
{"level":"info","message":"Login endpoint hit...","service":"identity-services","timestamp":"2025-06-02T09:51:50.562Z"}
{"level":"info","message":"Received POST request to /api/auth/login","service":"identity-services","timestamp":"2025-06-02T09:55:43.925Z"}
{"level":"info","message":"Request body, [object Object]","service":"identity-services","timestamp":"2025-06-02T09:55:43.927Z"}
{"level":"info","message":"Login endpoint hit...","service":"identity-services","timestamp":"2025-06-02T09:55:43.934Z"}
{"level":"info","message":"Identity service runing on port 3001","service":"identity-services","timestamp":"2025-06-04T15:47:11.990Z"}
{"level":"info","message":"Connected to mongoDB","service":"identity-services","timestamp":"2025-06-04T15:47:16.300Z"}
{"level":"info","message":"Received POST request to /api/auth/login","service":"identity-services","timestamp":"2025-06-04T15:47:47.732Z"}
{"level":"info","message":"Request body, [object Object]","service":"identity-services","timestamp":"2025-06-04T15:47:47.735Z"}
{"level":"info","message":"Login endpoint hit...","service":"identity-services","timestamp":"2025-06-04T15:47:47.779Z"}
{"level":"info","message":"Identity service runing on port 3001","service":"identity-services","timestamp":"2025-06-05T03:21:00.492Z"}
{"level":"info","message":"Connected to mongoDB","service":"identity-services","timestamp":"2025-06-05T03:21:01.495Z"}
{"level":"info","message":"Received POST request to /api/auth/login","service":"identity-services","timestamp":"2025-06-05T03:23:00.531Z"}
{"level":"info","message":"Request body, [object Object]","service":"identity-services","timestamp":"2025-06-05T03:23:00.539Z"}
{"level":"info","message":"Login endpoint hit...","service":"identity-services","timestamp":"2025-06-05T03:23:00.552Z"}
{"level":"info","message":"Received POST request to /api/auth/login","service":"identity-services","timestamp":"2025-06-05T03:29:32.374Z"}
{"level":"info","message":"Request body, [object Object]","service":"identity-services","timestamp":"2025-06-05T03:29:32.377Z"}
{"level":"info","message":"Login endpoint hit...","service":"identity-services","timestamp":"2025-06-05T03:29:32.382Z"}
{"level":"info","message":"Identity service runing on port 3001","service":"identity-service","timestamp":"2025-06-06T07:32:09.837Z"}
{"level":"info","message":"Connected to mongoDB","service":"identity-service","timestamp":"2025-06-06T07:32:13.688Z"}
{"level":"info","message":"Identity service runing on port 3001","service":"identity-service","timestamp":"2025-06-07T08:34:43.572Z"}
{"level":"info","message":"Connected to mongoDB","service":"identity-service","timestamp":"2025-06-07T08:34:44.962Z"}
{"level":"info","message":"Identity service runing on port 3001","service":"identity-service","timestamp":"2025-06-08T10:46:40.562Z"}
{"level":"info","message":"Connected to mongoDB","service":"identity-service","timestamp":"2025-06-08T10:46:45.138Z"}
{"level":"info","message":"Received POST request to /api/auth/login","service":"identity-service","timestamp":"2025-06-08T10:47:48.881Z"}
{"level":"info","message":"Request body, [object Object]","service":"identity-service","timestamp":"2025-06-08T10:47:48.882Z"}
{"level":"info","message":"Login endpoint hit...","service":"identity-service","timestamp":"2025-06-08T10:47:48.888Z"}
{"level":"info","message":"Received POST request to /api/auth/login","service":"identity-service","timestamp":"2025-06-08T11:06:24.532Z"}
{"level":"info","message":"Request body, [object Object]","service":"identity-service","timestamp":"2025-06-08T11:06:24.540Z"}
{"level":"info","message":"Login endpoint hit...","service":"identity-service","timestamp":"2025-06-08T11:06:24.550Z"}
{"level":"info","message":"Received POST request to /api/auth/login","service":"identity-service","timestamp":"2025-06-08T11:17:41.139Z"}
{"level":"info","message":"Request body, [object Object]","service":"identity-service","timestamp":"2025-06-08T11:17:41.142Z"}
{"level":"info","message":"Login endpoint hit...","service":"identity-service","timestamp":"2025-06-08T11:17:41.146Z"}
{"level":"info","message":"Identity service runing on port 3001","service":"identity-service","timestamp":"2025-06-08T11:19:18.784Z"}
{"level":"info","message":"Connected to mongoDB","service":"identity-service","timestamp":"2025-06-08T11:19:21.020Z"}
{"level":"info","message":"Received POST request to /api/auth/login","service":"identity-service","timestamp":"2025-06-08T11:19:32.076Z"}
{"level":"info","message":"Request body, [object Object]","service":"identity-service","timestamp":"2025-06-08T11:19:32.078Z"}
{"level":"info","message":"Login endpoint hit...","service":"identity-service","timestamp":"2025-06-08T11:19:32.087Z"}
{"level":"info","message":"Identity service runing on port 3001","service":"identity-service","timestamp":"2025-06-08T12:56:36.388Z"}
{"level":"info","message":"Connected to mongoDB","service":"identity-service","timestamp":"2025-06-08T12:56:37.880Z"}
{"level":"info","message":"Received POST request to /api/auth/login","service":"identity-service","timestamp":"2025-06-08T12:57:23.614Z"}
{"level":"info","message":"Request body, [object Object]","service":"identity-service","timestamp":"2025-06-08T12:57:23.615Z"}
{"level":"info","message":"Login endpoint hit...","service":"identity-service","timestamp":"2025-06-08T12:57:23.622Z"}
{"level":"info","message":"Identity service runing on port 3001","service":"identity-service","timestamp":"2025-06-08T15:31:52.096Z"}
{"level":"info","message":"Connected to mongoDB","service":"identity-service","timestamp":"2025-06-08T15:31:56.144Z"}
{"level":"info","message":"Received POST request to /api/auth/login","service":"identity-service","timestamp":"2025-06-08T15:32:55.375Z"}
{"level":"info","message":"Request body, [object Object]","service":"identity-service","timestamp":"2025-06-08T15:32:55.377Z"}
{"level":"info","message":"Login endpoint hit...","service":"identity-service","timestamp":"2025-06-08T15:32:55.389Z"}
{"level":"info","message":"Identity service runing on port 3001","service":"identity-service","timestamp":"2025-06-08T17:52:15.828Z"}
{"level":"info","message":"Connected to mongoDB","service":"identity-service","timestamp":"2025-06-08T17:52:19.187Z"}
