{"level":"info","message":"Media service runing on port 3003","service":"media-service","timestamp":"2025-06-07T08:50:36.644Z"}
{"level":"info","message":"mongoDb is connected...","service":"media-service","timestamp":"2025-06-07T08:50:37.846Z"}
{"level":"info","message":"Media service runing on port 3003","service":"media-service","timestamp":"2025-06-07T08:51:19.773Z"}
{"level":"info","message":"mongoDb is connected...","service":"media-service","timestamp":"2025-06-07T08:51:20.766Z"}
{"level":"info","message":"Media service runing on port 3003","service":"media-service","timestamp":"2025-06-07T08:51:25.660Z"}
{"level":"info","message":"mongoDb is connected...","service":"media-service","timestamp":"2025-06-07T08:51:26.727Z"}
{"level":"info","message":"Media service runing on port 3003","service":"media-service","timestamp":"2025-06-07T08:51:29.577Z"}
{"level":"info","message":"mongoDb is connected...","service":"media-service","timestamp":"2025-06-07T08:51:30.599Z"}
{"level":"info","message":"Media service runing on port 3003","service":"media-service","timestamp":"2025-06-07T08:51:40.962Z"}
{"level":"info","message":"mongoDb is connected...","service":"media-service","timestamp":"2025-06-07T08:51:42.738Z"}
{"level":"info","message":"Media service runing on port 3003","service":"media-service","timestamp":"2025-06-07T08:51:52.409Z"}
{"level":"info","message":"mongoDb is connected...","service":"media-service","timestamp":"2025-06-07T08:51:53.407Z"}
{"level":"info","message":"Media service runing on port 3003","service":"media-service","timestamp":"2025-06-08T10:47:41.419Z"}
{"level":"info","message":"mongoDb is connected...","service":"media-service","timestamp":"2025-06-08T10:47:45.133Z"}
{"level":"info","message":"Media service runing on port 3003","service":"media-service","timestamp":"2025-06-08T11:04:29.205Z"}
{"level":"info","message":"mongoDb is connected...","service":"media-service","timestamp":"2025-06-08T11:04:30.923Z"}
{"level":"info","message":"Media service runing on port 3003","service":"media-service","timestamp":"2025-06-08T11:05:06.240Z"}
{"level":"info","message":"mongoDb is connected...","service":"media-service","timestamp":"2025-06-08T11:05:10.147Z"}
{"level":"info","message":"Media service runing on port 3003","service":"media-service","timestamp":"2025-06-08T11:14:43.379Z"}
{"level":"info","message":"mongoDb is connected...","service":"media-service","timestamp":"2025-06-08T11:14:44.339Z"}
{"level":"info","message":"Media service runing on port 3003","service":"media-service","timestamp":"2025-06-08T11:14:46.515Z"}
{"level":"info","message":"mongoDb is connected...","service":"media-service","timestamp":"2025-06-08T11:14:47.975Z"}
{"level":"info","message":"Media service runing on port 3003","service":"media-service","timestamp":"2025-06-08T11:15:05.475Z"}
{"level":"info","message":"mongoDb is connected...","service":"media-service","timestamp":"2025-06-08T11:15:06.192Z"}
{"level":"info","message":"Media service runing on port 3003","service":"media-service","timestamp":"2025-06-08T11:15:08.428Z"}
{"level":"info","message":"mongoDb is connected...","service":"media-service","timestamp":"2025-06-08T11:15:10.164Z"}
{"level":"info","message":"Received POST request to /api/media/upload","service":"media-service","timestamp":"2025-06-08T11:16:16.721Z"}
{"level":"info","message":"Request body,undefined","service":"media-service","timestamp":"2025-06-08T11:16:16.722Z"}
{"level":"warn","message":"uploadMedia limit exceeded for IP: ::1","service":"media-service","timestamp":"2025-06-08T11:16:16.729Z"}
{"level":"info","message":"Received GET request to /api/media/upload","service":"media-service","timestamp":"2025-06-08T11:16:26.796Z"}
{"level":"info","message":"Request body,undefined","service":"media-service","timestamp":"2025-06-08T11:16:26.797Z"}
{"level":"info","message":"Media service runing on port 3003","service":"media-service","timestamp":"2025-06-08T11:16:43.310Z"}
{"level":"info","message":"mongoDb is connected...","service":"media-service","timestamp":"2025-06-08T11:16:45.467Z"}
{"level":"info","message":"Received POST request to /api/media/upload","service":"media-service","timestamp":"2025-06-08T11:16:47.512Z"}
{"level":"info","message":"Request body,undefined","service":"media-service","timestamp":"2025-06-08T11:16:47.512Z"}
{"level":"warn","message":"uploadMedia limit exceeded for IP: ::1","service":"media-service","timestamp":"2025-06-08T11:16:47.518Z"}
{"level":"info","message":"Media service runing on port 3003","service":"media-service","timestamp":"2025-06-08T11:17:24.921Z"}
{"level":"info","message":"mongoDb is connected...","service":"media-service","timestamp":"2025-06-08T11:17:25.401Z"}
{"level":"info","message":"Received POST request to /api/media/upload","service":"media-service","timestamp":"2025-06-08T11:17:26.351Z"}
{"level":"info","message":"Request body,undefined","service":"media-service","timestamp":"2025-06-08T11:17:26.352Z"}
{"level":"warn","message":"uploadMedia limit exceeded for IP: ::1","service":"media-service","timestamp":"2025-06-08T11:17:26.358Z"}
{"level":"info","message":"Received POST request to /api/media/upload","service":"media-service","timestamp":"2025-06-08T11:17:28.177Z"}
{"level":"info","message":"Request body,undefined","service":"media-service","timestamp":"2025-06-08T11:17:28.177Z"}
{"level":"warn","message":"uploadMedia limit exceeded for IP: ::1","service":"media-service","timestamp":"2025-06-08T11:17:28.180Z"}
{"level":"info","message":"Received POST request to /api/media/upload","service":"media-service","timestamp":"2025-06-08T11:17:57.669Z"}
{"level":"info","message":"Request body,undefined","service":"media-service","timestamp":"2025-06-08T11:17:57.671Z"}
{"level":"warn","message":"uploadMedia limit exceeded for IP: ::1","service":"media-service","timestamp":"2025-06-08T11:17:57.675Z"}
{"level":"info","message":"Received POST request to /api/media/upload","service":"media-service","timestamp":"2025-06-08T11:18:00.620Z"}
{"level":"info","message":"Request body,undefined","service":"media-service","timestamp":"2025-06-08T11:18:00.622Z"}
{"level":"warn","message":"uploadMedia limit exceeded for IP: ::1","service":"media-service","timestamp":"2025-06-08T11:18:00.625Z"}
{"level":"info","message":"Received POST request to /api/media/upload","service":"media-service","timestamp":"2025-06-08T11:18:02.024Z"}
{"level":"info","message":"Request body,undefined","service":"media-service","timestamp":"2025-06-08T11:18:02.025Z"}
{"level":"warn","message":"uploadMedia limit exceeded for IP: ::1","service":"media-service","timestamp":"2025-06-08T11:18:02.030Z"}
{"level":"info","message":"Media service runing on port 3003","service":"media-service","timestamp":"2025-06-08T11:18:17.276Z"}
{"level":"info","message":"mongoDb is connected...","service":"media-service","timestamp":"2025-06-08T11:18:18.147Z"}
{"level":"info","message":"Received POST request to /api/media/upload","service":"media-service","timestamp":"2025-06-08T11:18:20.993Z"}
{"level":"info","message":"Request body,undefined","service":"media-service","timestamp":"2025-06-08T11:18:20.994Z"}
{"level":"warn","message":"uploadMedia limit exceeded for IP: ::1","service":"media-service","timestamp":"2025-06-08T11:18:21.000Z"}
{"level":"info","message":"Received POST request to /api/media/upload","service":"media-service","timestamp":"2025-06-08T11:18:40.952Z"}
{"level":"info","message":"Request body,undefined","service":"media-service","timestamp":"2025-06-08T11:18:40.955Z"}
{"level":"warn","message":"uploadMedia limit exceeded for IP: ::1","service":"media-service","timestamp":"2025-06-08T11:18:40.974Z"}
{"level":"info","message":"Media service runing on port 3003","service":"media-service","timestamp":"2025-06-08T11:19:22.074Z"}
{"level":"info","message":"mongoDb is connected...","service":"media-service","timestamp":"2025-06-08T11:19:23.440Z"}
{"level":"info","message":"Received POST request to /api/media/upload","service":"media-service","timestamp":"2025-06-08T11:19:49.157Z"}
{"level":"info","message":"Request body,undefined","service":"media-service","timestamp":"2025-06-08T11:19:49.160Z"}
{"level":"warn","message":"uploadMedia limit exceeded for IP: ::1","service":"media-service","timestamp":"2025-06-08T11:19:49.177Z"}
{"level":"info","message":"Media service runing on port 3003","service":"media-service","timestamp":"2025-06-08T11:20:27.892Z"}
{"level":"info","message":"Received POST request to /api/media/upload","service":"media-service","timestamp":"2025-06-08T11:20:29.103Z"}
{"level":"info","message":"Request body,undefined","service":"media-service","timestamp":"2025-06-08T11:20:29.104Z"}
{"level":"warn","message":"uploadMedia limit exceeded for IP: ::1","service":"media-service","timestamp":"2025-06-08T11:20:29.109Z"}
{"level":"info","message":"mongoDb is connected...","service":"media-service","timestamp":"2025-06-08T11:20:30.359Z"}
{"level":"info","message":"Received POST request to /api/media/upload","service":"media-service","timestamp":"2025-06-08T11:20:30.590Z"}
{"level":"info","message":"Request body,undefined","service":"media-service","timestamp":"2025-06-08T11:20:30.591Z"}
{"level":"warn","message":"uploadMedia limit exceeded for IP: ::1","service":"media-service","timestamp":"2025-06-08T11:20:30.594Z"}
{"level":"info","message":"Media service runing on port 3003","service":"media-service","timestamp":"2025-06-08T11:20:52.067Z"}
{"level":"info","message":"Received POST request to /api/media/upload","service":"media-service","timestamp":"2025-06-08T11:20:53.522Z"}
{"level":"info","message":"Request body,undefined","service":"media-service","timestamp":"2025-06-08T11:20:53.524Z"}
{"level":"warn","message":"uploadMedia limit exceeded for IP: ::1","service":"media-service","timestamp":"2025-06-08T11:20:53.530Z"}
{"level":"info","message":"mongoDb is connected...","service":"media-service","timestamp":"2025-06-08T11:20:54.328Z"}
{"level":"info","message":"Received POST request to /api/media/upload","service":"media-service","timestamp":"2025-06-08T11:20:55.739Z"}
{"level":"info","message":"Request body,undefined","service":"media-service","timestamp":"2025-06-08T11:20:55.740Z"}
{"level":"warn","message":"uploadMedia limit exceeded for IP: ::1","service":"media-service","timestamp":"2025-06-08T11:20:55.743Z"}
{"level":"info","message":"Received POST request to /api/media/upload","service":"media-service","timestamp":"2025-06-08T11:20:58.747Z"}
{"level":"info","message":"Request body,undefined","service":"media-service","timestamp":"2025-06-08T11:20:58.749Z"}
{"level":"warn","message":"uploadMedia limit exceeded for IP: ::1","service":"media-service","timestamp":"2025-06-08T11:20:58.754Z"}
{"level":"info","message":"Received POST request to /api/media/upload","service":"media-service","timestamp":"2025-06-08T11:20:59.690Z"}
{"level":"info","message":"Request body,undefined","service":"media-service","timestamp":"2025-06-08T11:20:59.691Z"}
{"level":"warn","message":"uploadMedia limit exceeded for IP: ::1","service":"media-service","timestamp":"2025-06-08T11:20:59.695Z"}
{"level":"info","message":"Received POST request to /api/media/upload","service":"media-service","timestamp":"2025-06-08T11:21:00.496Z"}
{"level":"info","message":"Request body,undefined","service":"media-service","timestamp":"2025-06-08T11:21:00.497Z"}
{"level":"warn","message":"uploadMedia limit exceeded for IP: ::1","service":"media-service","timestamp":"2025-06-08T11:21:00.502Z"}
{"level":"info","message":"Received POST request to /api/media/upload","service":"media-service","timestamp":"2025-06-08T11:21:02.181Z"}
{"level":"info","message":"Request body,undefined","service":"media-service","timestamp":"2025-06-08T11:21:02.182Z"}
{"level":"warn","message":"uploadMedia limit exceeded for IP: ::1","service":"media-service","timestamp":"2025-06-08T11:21:02.187Z"}
{"level":"info","message":"Media service runing on port 3003","service":"media-service","timestamp":"2025-06-08T11:21:11.188Z"}
{"level":"info","message":"Received POST request to /api/media/upload","service":"media-service","timestamp":"2025-06-08T11:21:12.715Z"}
{"level":"info","message":"Request body,undefined","service":"media-service","timestamp":"2025-06-08T11:21:12.717Z"}
{"level":"info","message":"Starting media upload","service":"media-service","timestamp":"2025-06-08T11:21:12.730Z"}
{"level":"info","message":"File details: name=login_page_img.png, type=image/png","service":"media-service","timestamp":"2025-06-08T11:21:12.731Z"}
{"level":"info","message":"Uploading to cloudinary starting...","service":"media-service","timestamp":"2025-06-08T11:21:12.732Z"}
{"level":"info","message":"mongoDb is connected...","service":"media-service","timestamp":"2025-06-08T11:21:12.745Z"}
{"level":"info","message":"Cloudinary upload successfully. Public Id : - nxkeulggec2qbe3zs6is","service":"media-service","timestamp":"2025-06-08T11:21:15.825Z"}
{"level":"error","message":"Error Media upload Media is not defined","service":"media-service","stack":"ReferenceError: Media is not defined\n    at uploadMedia (C:\\Users\\91903\\social-media-microservices\\media-service\\src\\controller\\media-controller.js:26:31)\n    at process.processTicksAndRejections (node:internal/process/task_queues:105:5)","timestamp":"2025-06-08T11:21:15.827Z"}
{"level":"info","message":"Media service runing on port 3003","service":"media-service","timestamp":"2025-06-08T11:22:08.811Z"}
{"level":"info","message":"mongoDb is connected...","service":"media-service","timestamp":"2025-06-08T11:22:10.672Z"}
{"level":"info","message":"Received POST request to /api/media/upload","service":"media-service","timestamp":"2025-06-08T11:22:13.974Z"}
{"level":"info","message":"Request body,undefined","service":"media-service","timestamp":"2025-06-08T11:22:13.975Z"}
{"level":"info","message":"Starting media upload","service":"media-service","timestamp":"2025-06-08T11:22:13.990Z"}
{"level":"info","message":"File details: name=login_page_img.png, type=image/png","service":"media-service","timestamp":"2025-06-08T11:22:13.991Z"}
{"level":"info","message":"Uploading to cloudinary starting...","service":"media-service","timestamp":"2025-06-08T11:22:13.992Z"}
{"level":"info","message":"Cloudinary upload successfully. Public Id : - cqx7radsvpqs2dmq8ios","service":"media-service","timestamp":"2025-06-08T11:22:17.858Z"}
{"level":"error","message":"Error Media upload Media is not defined","service":"media-service","stack":"ReferenceError: Media is not defined\n    at uploadMedia (C:\\Users\\91903\\social-media-microservices\\media-service\\src\\controller\\media-controller.js:26:31)\n    at process.processTicksAndRejections (node:internal/process/task_queues:105:5)","timestamp":"2025-06-08T11:22:17.860Z"}
{"level":"info","message":"Media service runing on port 3003","service":"media-service","timestamp":"2025-06-08T11:23:37.888Z"}
{"level":"info","message":"mongoDb is connected...","service":"media-service","timestamp":"2025-06-08T11:23:38.295Z"}
{"level":"info","message":"Received POST request to /api/media/upload","service":"media-service","timestamp":"2025-06-08T11:23:41.739Z"}
{"level":"info","message":"Request body,undefined","service":"media-service","timestamp":"2025-06-08T11:23:41.740Z"}
{"level":"info","message":"Starting media upload","service":"media-service","timestamp":"2025-06-08T11:23:41.759Z"}
{"level":"info","message":"File details: name=login_page_img.png, type=image/png","service":"media-service","timestamp":"2025-06-08T11:23:41.760Z"}
{"level":"info","message":"Uploading to cloudinary starting...","service":"media-service","timestamp":"2025-06-08T11:23:41.762Z"}
{"level":"info","message":"Cloudinary upload successfully. Public Id : - ej15hhr1i2jlgulaxojj","service":"media-service","timestamp":"2025-06-08T11:23:45.718Z"}
{"level":"info","message":"Media service runing on port 3003","service":"media-service","timestamp":"2025-06-08T12:56:46.264Z"}
{"level":"info","message":"mongoDb is connected...","service":"media-service","timestamp":"2025-06-08T12:56:47.238Z"}
{"level":"info","message":"Received POST request to /api/media/upload","service":"media-service","timestamp":"2025-06-08T12:58:16.351Z"}
{"level":"info","message":"Request body,undefined","service":"media-service","timestamp":"2025-06-08T12:58:16.352Z"}
{"level":"info","message":"Starting media upload","service":"media-service","timestamp":"2025-06-08T12:58:16.365Z"}
{"level":"info","message":"File details: name=login_page_img.png, type=image/png","service":"media-service","timestamp":"2025-06-08T12:58:16.366Z"}
{"level":"info","message":"Uploading to cloudinary starting...","service":"media-service","timestamp":"2025-06-08T12:58:16.367Z"}
{"level":"info","message":"Cloudinary upload successfully. Public Id : - l4yggd2gr0cp4voiw0ls","service":"media-service","timestamp":"2025-06-08T12:58:20.706Z"}
{"level":"info","message":"Media service runing on port 3003","service":"media-service","timestamp":"2025-06-08T15:32:05.160Z"}
{"level":"info","message":"mongoDb is connected...","service":"media-service","timestamp":"2025-06-08T15:32:06.030Z"}
{"level":"info","message":"Media service runing on port 3003","service":"media-service","timestamp":"2025-06-08T17:52:40.050Z"}
{"level":"info","message":"mongoDb is connected...","service":"media-service","timestamp":"2025-06-08T17:52:42.433Z"}
{"level":"info","message":"Media service runing on port 3003","service":"media-service","timestamp":"2025-06-09T05:51:21.773Z"}
{"level":"info","message":"mongoDb is connected...","service":"media-service","timestamp":"2025-06-09T05:51:25.212Z"}
{"level":"info","message":"Media service runing on port 3003","service":"media-service","timestamp":"2025-06-09T07:38:08.217Z"}
{"level":"info","message":"mongoDb is connected...","service":"media-service","timestamp":"2025-06-09T07:38:10.641Z"}
{"level":"info","message":"Media service runing on port 3003","service":"media-service","timestamp":"2025-06-09T07:45:09.299Z"}
{"level":"info","message":"Media service runing on port 3003","service":"media-service","timestamp":"2025-06-09T07:45:58.745Z"}
{"level":"info","message":"Media service runing on port 3003","service":"media-service","timestamp":"2025-06-09T07:46:01.847Z"}
{"level":"info","message":"mongoDb is connected...","service":"media-service","timestamp":"2025-06-09T07:46:06.195Z"}
{"level":"info","message":"Media service runing on port 3003","service":"media-service","timestamp":"2025-06-09T07:46:11.542Z"}
{"level":"info","message":"mongoDb is connected...","service":"media-service","timestamp":"2025-06-09T07:46:13.025Z"}
{"level":"info","message":"Media service runing on port 3003","service":"media-service","timestamp":"2025-06-09T07:46:19.514Z"}
{"level":"info","message":"mongoDb is connected...","service":"media-service","timestamp":"2025-06-09T07:46:21.226Z"}
{"level":"info","message":"Media service runing on port 3003","service":"media-service","timestamp":"2025-06-09T07:46:27.300Z"}
{"level":"info","message":"mongoDb is connected...","service":"media-service","timestamp":"2025-06-09T07:46:28.152Z"}
{"level":"info","message":"Media service runing on port 3003","service":"media-service","timestamp":"2025-06-09T07:46:31.684Z"}
{"level":"info","message":"mongoDb is connected...","service":"media-service","timestamp":"2025-06-09T07:46:33.999Z"}
{"level":"info","message":"Media service runing on port 3003","service":"media-service","timestamp":"2025-06-09T07:46:35.482Z"}
{"level":"info","message":"mongoDb is connected...","service":"media-service","timestamp":"2025-06-09T07:46:35.880Z"}
{"level":"info","message":"Media service runing on port 3003","service":"media-service","timestamp":"2025-06-09T07:46:39.054Z"}
{"level":"info","message":"mongoDb is connected...","service":"media-service","timestamp":"2025-06-09T07:46:41.522Z"}
{"level":"info","message":"Media service runing on port 3003","service":"media-service","timestamp":"2025-06-09T07:46:50.137Z"}
{"level":"info","message":"mongoDb is connected...","service":"media-service","timestamp":"2025-06-09T07:46:50.581Z"}
{"level":"info","message":"Media service runing on port 3003","service":"media-service","timestamp":"2025-06-09T07:46:55.615Z"}
{"level":"info","message":"mongoDb is connected...","service":"media-service","timestamp":"2025-06-09T07:46:56.519Z"}
{"level":"info","message":"Media service runing on port 3003","service":"media-service","timestamp":"2025-06-09T07:46:58.073Z"}
{"level":"info","message":"mongoDb is connected...","service":"media-service","timestamp":"2025-06-09T07:46:58.602Z"}
{"level":"info","message":"Media service runing on port 3003","service":"media-service","timestamp":"2025-06-09T07:46:59.981Z"}
{"level":"info","message":"mongoDb is connected...","service":"media-service","timestamp":"2025-06-09T07:47:00.424Z"}
{"level":"info","message":"Media service runing on port 3003","service":"media-service","timestamp":"2025-06-09T07:47:05.838Z"}
{"level":"info","message":"mongoDb is connected...","service":"media-service","timestamp":"2025-06-09T07:47:06.299Z"}
{"level":"info","message":"Media service runing on port 3003","service":"media-service","timestamp":"2025-06-09T07:47:55.322Z"}
{"level":"info","message":"mongoDb is connected...","service":"media-service","timestamp":"2025-06-09T07:47:57.736Z"}
{"level":"info","message":"Media service runing on port 3003","service":"media-service","timestamp":"2025-06-09T07:48:02.003Z"}
{"level":"info","message":"Media service runing on port 3003","service":"media-service","timestamp":"2025-06-09T07:48:03.509Z"}
{"level":"info","message":"mongoDb is connected...","service":"media-service","timestamp":"2025-06-09T07:48:03.898Z"}
{"level":"info","message":"Media service runing on port 3003","service":"media-service","timestamp":"2025-06-09T07:48:07.462Z"}
{"level":"info","message":"mongoDb is connected...","service":"media-service","timestamp":"2025-06-09T07:48:08.204Z"}
{"level":"info","message":"Media service runing on port 3003","service":"media-service","timestamp":"2025-06-09T07:48:09.770Z"}
{"level":"info","message":"mongoDb is connected...","service":"media-service","timestamp":"2025-06-09T07:48:17.302Z"}
{"level":"info","message":"Media service runing on port 3003","service":"media-service","timestamp":"2025-06-09T07:49:14.750Z"}
{"level":"info","message":"mongoDb is connected...","service":"media-service","timestamp":"2025-06-09T07:49:16.024Z"}
{"level":"info","message":"Media service runing on port 3003","service":"media-service","timestamp":"2025-06-09T07:49:44.243Z"}
{"level":"info","message":"Media service runing on port 3003","service":"media-service","timestamp":"2025-06-09T07:49:46.023Z"}
{"level":"info","message":"Media service runing on port 3003","service":"media-service","timestamp":"2025-06-09T07:49:47.477Z"}
{"level":"info","message":"Media service runing on port 3003","service":"media-service","timestamp":"2025-06-09T07:49:49.629Z"}
{"level":"info","message":"mongoDb is connected...","service":"media-service","timestamp":"2025-06-09T07:49:50.865Z"}
{"level":"info","message":"Media service runing on port 3003","service":"media-service","timestamp":"2025-06-09T07:50:04.015Z"}
{"level":"info","message":"mongoDb is connected...","service":"media-service","timestamp":"2025-06-09T07:50:05.680Z"}
{"level":"info","message":"Media service runing on port 3003","service":"media-service","timestamp":"2025-06-09T07:50:08.043Z"}
{"level":"info","message":"mongoDb is connected...","service":"media-service","timestamp":"2025-06-09T07:50:09.996Z"}
{"level":"info","message":"Media service runing on port 3003","service":"media-service","timestamp":"2025-06-09T07:51:38.036Z"}
{"level":"info","message":"Media service runing on port 3003","service":"media-service","timestamp":"2025-06-09T07:52:10.381Z"}
{"level":"info","message":"mongoDb is connected...","service":"media-service","timestamp":"2025-06-09T07:52:10.784Z"}
{"level":"info","message":"Media service runing on port 3003","service":"media-service","timestamp":"2025-06-09T07:52:14.621Z"}
{"level":"info","message":"mongoDb is connected...","service":"media-service","timestamp":"2025-06-09T07:52:16.661Z"}
{"level":"info","message":"Media service runing on port 3003","service":"media-service","timestamp":"2025-06-09T07:52:19.843Z"}
{"level":"info","message":"Media service runing on port 3003","service":"media-service","timestamp":"2025-06-09T07:52:24.182Z"}
{"level":"info","message":"Media service runing on port 3003","service":"media-service","timestamp":"2025-06-09T07:52:25.636Z"}
{"level":"info","message":"Media service runing on port 3003","service":"media-service","timestamp":"2025-06-09T07:52:27.863Z"}
{"level":"info","message":"Media service runing on port 3003","service":"media-service","timestamp":"2025-06-09T07:52:30.185Z"}
{"level":"info","message":"mongoDb is connected...","service":"media-service","timestamp":"2025-06-09T07:52:30.583Z"}
{"level":"info","message":"Media service runing on port 3003","service":"media-service","timestamp":"2025-06-09T07:52:32.215Z"}
{"level":"info","message":"mongoDb is connected...","service":"media-service","timestamp":"2025-06-09T07:52:32.611Z"}
{"level":"info","message":"Media service runing on port 3003","service":"media-service","timestamp":"2025-06-09T07:52:37.025Z"}
{"level":"info","message":"Media service runing on port 3003","service":"media-service","timestamp":"2025-06-09T07:52:39.303Z"}
{"level":"info","message":"mongoDb is connected...","service":"media-service","timestamp":"2025-06-09T07:52:40.436Z"}
{"level":"info","message":"Media service runing on port 3003","service":"media-service","timestamp":"2025-06-09T07:52:42.051Z"}
{"level":"info","message":"mongoDb is connected...","service":"media-service","timestamp":"2025-06-09T07:52:42.519Z"}
{"level":"info","message":"Media service runing on port 3003","service":"media-service","timestamp":"2025-06-09T07:52:46.311Z"}
{"level":"info","message":"mongoDb is connected...","service":"media-service","timestamp":"2025-06-09T07:52:46.774Z"}
{"level":"info","message":"Media service runing on port 3003","service":"media-service","timestamp":"2025-06-09T07:52:48.339Z"}
{"level":"info","message":"Media service runing on port 3003","service":"media-service","timestamp":"2025-06-09T07:52:50.928Z"}
{"level":"info","message":"mongoDb is connected...","service":"media-service","timestamp":"2025-06-09T07:52:51.311Z"}
{"level":"info","message":"Media service runing on port 3003","service":"media-service","timestamp":"2025-06-09T07:52:54.408Z"}
{"level":"info","message":"Media service runing on port 3003","service":"media-service","timestamp":"2025-06-09T07:52:58.907Z"}
{"level":"info","message":"mongoDb is connected...","service":"media-service","timestamp":"2025-06-09T07:53:00.325Z"}
{"level":"info","message":"Media service runing on port 3003","service":"media-service","timestamp":"2025-06-09T07:53:01.727Z"}
{"level":"info","message":"mongoDb is connected...","service":"media-service","timestamp":"2025-06-09T07:53:02.529Z"}
{"level":"info","message":"Media service runing on port 3003","service":"media-service","timestamp":"2025-06-09T07:53:06.624Z"}
{"level":"info","message":"Media service runing on port 3003","service":"media-service","timestamp":"2025-06-09T07:53:07.985Z"}
{"level":"info","message":"mongoDb is connected...","service":"media-service","timestamp":"2025-06-09T07:53:08.376Z"}
{"level":"info","message":"Media service runing on port 3003","service":"media-service","timestamp":"2025-06-09T07:53:10.601Z"}
{"level":"info","message":"Media service runing on port 3003","service":"media-service","timestamp":"2025-06-09T07:53:12.945Z"}
{"level":"info","message":"mongoDb is connected...","service":"media-service","timestamp":"2025-06-09T07:53:14.212Z"}
{"level":"info","message":"Media service runing on port 3003","service":"media-service","timestamp":"2025-06-09T07:53:19.933Z"}
{"level":"info","message":"Media service runing on port 3003","service":"media-service","timestamp":"2025-06-09T07:53:21.337Z"}
{"level":"info","message":"mongoDb is connected...","service":"media-service","timestamp":"2025-06-09T07:53:22.468Z"}
{"level":"info","message":"Media service runing on port 3003","service":"media-service","timestamp":"2025-06-09T07:53:26.955Z"}
{"level":"info","message":"mongoDb is connected...","service":"media-service","timestamp":"2025-06-09T07:53:27.383Z"}
{"level":"info","message":"Media service runing on port 3003","service":"media-service","timestamp":"2025-06-09T07:53:32.849Z"}
{"level":"info","message":"mongoDb is connected...","service":"media-service","timestamp":"2025-06-09T07:53:33.425Z"}
{"level":"info","message":"Media service runing on port 3003","service":"media-service","timestamp":"2025-06-09T07:53:38.255Z"}
{"level":"info","message":"mongoDb is connected...","service":"media-service","timestamp":"2025-06-09T07:53:38.686Z"}
{"level":"info","message":"Media service runing on port 3003","service":"media-service","timestamp":"2025-06-09T07:53:41.502Z"}
{"level":"info","message":"mongoDb is connected...","service":"media-service","timestamp":"2025-06-09T07:53:46.359Z"}
{"level":"info","message":"Media service runing on port 3003","service":"media-service","timestamp":"2025-06-09T07:54:28.434Z"}
{"level":"info","message":"mongoDb is connected...","service":"media-service","timestamp":"2025-06-09T07:54:29.581Z"}
{"level":"info","message":"Media service runing on port 3003","service":"media-service","timestamp":"2025-06-09T07:54:31.966Z"}
{"level":"info","message":"mongoDb is connected...","service":"media-service","timestamp":"2025-06-09T07:54:32.369Z"}
{"level":"info","message":"Media service runing on port 3003","service":"media-service","timestamp":"2025-06-09T07:54:35.497Z"}
{"level":"info","message":"mongoDb is connected...","service":"media-service","timestamp":"2025-06-09T07:54:36.772Z"}
{"level":"info","message":"Media service runing on port 3003","service":"media-service","timestamp":"2025-06-09T07:54:39.109Z"}
{"level":"info","message":"mongoDb is connected...","service":"media-service","timestamp":"2025-06-09T07:54:41.771Z"}
{"level":"info","message":"Media service runing on port 3003","service":"media-service","timestamp":"2025-06-09T07:55:29.418Z"}
{"level":"info","message":"Media service runing on port 3003","service":"media-service","timestamp":"2025-06-09T07:55:30.803Z"}
{"level":"info","message":"mongoDb is connected...","service":"media-service","timestamp":"2025-06-09T07:55:31.408Z"}
{"level":"info","message":"Media service runing on port 3003","service":"media-service","timestamp":"2025-06-09T07:55:35.969Z"}
{"level":"info","message":"Media service runing on port 3003","service":"media-service","timestamp":"2025-06-09T07:55:38.382Z"}
{"level":"info","message":"mongoDb is connected...","service":"media-service","timestamp":"2025-06-09T07:55:38.782Z"}
{"level":"info","message":"Media service runing on port 3003","service":"media-service","timestamp":"2025-06-09T07:55:40.412Z"}
{"level":"info","message":"mongoDb is connected...","service":"media-service","timestamp":"2025-06-09T07:55:41.240Z"}
{"level":"info","message":"Media service runing on port 3003","service":"media-service","timestamp":"2025-06-09T07:55:44.790Z"}
{"level":"info","message":"mongoDb is connected...","service":"media-service","timestamp":"2025-06-09T07:55:45.240Z"}
{"level":"info","message":"Media service runing on port 3003","service":"media-service","timestamp":"2025-06-09T07:55:54.672Z"}
{"level":"info","message":"mongoDb is connected...","service":"media-service","timestamp":"2025-06-09T07:55:55.338Z"}
{"level":"info","message":"Media service runing on port 3003","service":"media-service","timestamp":"2025-06-09T07:55:56.683Z"}
{"level":"info","message":"Media service runing on port 3003","service":"media-service","timestamp":"2025-06-09T07:55:57.880Z"}
{"level":"info","message":"mongoDb is connected...","service":"media-service","timestamp":"2025-06-09T07:55:59.284Z"}
{"level":"info","message":"Media service runing on port 3003","service":"media-service","timestamp":"2025-06-09T07:56:01.498Z"}
{"level":"info","message":"Media service runing on port 3003","service":"media-service","timestamp":"2025-06-09T07:56:02.910Z"}
{"level":"info","message":"mongoDb is connected...","service":"media-service","timestamp":"2025-06-09T07:56:03.425Z"}
{"level":"info","message":"Media service runing on port 3003","service":"media-service","timestamp":"2025-06-09T07:56:06.083Z"}
{"level":"info","message":"mongoDb is connected...","service":"media-service","timestamp":"2025-06-09T07:56:06.586Z"}
{"level":"info","message":"Media service runing on port 3003","service":"media-service","timestamp":"2025-06-09T07:56:25.302Z"}
{"level":"info","message":"mongoDb is connected...","service":"media-service","timestamp":"2025-06-09T07:56:26.531Z"}
{"level":"info","message":"Media service runing on port 3003","service":"media-service","timestamp":"2025-06-09T07:56:27.794Z"}
{"level":"info","message":"mongoDb is connected...","service":"media-service","timestamp":"2025-06-09T07:56:28.174Z"}
{"level":"info","message":"Media service runing on port 3003","service":"media-service","timestamp":"2025-06-09T07:56:32.307Z"}
{"level":"info","message":"mongoDb is connected...","service":"media-service","timestamp":"2025-06-09T07:56:32.692Z"}
{"level":"info","message":"Media service runing on port 3003","service":"media-service","timestamp":"2025-06-09T07:57:16.997Z"}
{"level":"info","message":"mongoDb is connected...","service":"media-service","timestamp":"2025-06-09T07:57:17.440Z"}
{"level":"info","message":"Media service runing on port 3003","service":"media-service","timestamp":"2025-06-09T07:57:23.100Z"}
{"level":"info","message":"Media service runing on port 3003","service":"media-service","timestamp":"2025-06-09T07:57:36.747Z"}
{"level":"info","message":"mongoDb is connected...","service":"media-service","timestamp":"2025-06-09T07:57:38.615Z"}
{"level":"info","message":"Media service runing on port 3003","service":"media-service","timestamp":"2025-06-09T07:57:51.894Z"}
{"level":"info","message":"mongoDb is connected...","service":"media-service","timestamp":"2025-06-09T07:57:52.842Z"}
{"level":"info","message":"Media service runing on port 3003","service":"media-service","timestamp":"2025-06-09T07:57:55.245Z"}
{"level":"info","message":"mongoDb is connected...","service":"media-service","timestamp":"2025-06-09T07:57:55.608Z"}
{"level":"info","message":"Media service runing on port 3003","service":"media-service","timestamp":"2025-06-09T07:57:57.033Z"}
{"level":"info","message":"mongoDb is connected...","service":"media-service","timestamp":"2025-06-09T07:57:57.448Z"}
{"level":"info","message":"Media service runing on port 3003","service":"media-service","timestamp":"2025-06-09T07:58:23.978Z"}
{"level":"info","message":"Media service runing on port 3003","service":"media-service","timestamp":"2025-06-09T07:58:27.685Z"}
{"level":"info","message":"mongoDb is connected...","service":"media-service","timestamp":"2025-06-09T07:58:28.111Z"}
{"level":"info","message":"Media service runing on port 3003","service":"media-service","timestamp":"2025-06-09T07:58:30.151Z"}
{"level":"info","message":"mongoDb is connected...","service":"media-service","timestamp":"2025-06-09T07:58:31.672Z"}
{"level":"info","message":"Received GET request to /api/media/get","service":"media-service","timestamp":"2025-06-09T08:25:42.492Z"}
{"level":"info","message":"Request body,undefined","service":"media-service","timestamp":"2025-06-09T08:25:42.494Z"}
{"level":"info","message":"Received GET request to /api/media/get","service":"media-service","timestamp":"2025-06-09T08:27:43.353Z"}
{"level":"info","message":"Request body,undefined","service":"media-service","timestamp":"2025-06-09T08:27:43.355Z"}
{"level":"info","message":"Received POST request to /api/media/upload","service":"media-service","timestamp":"2025-06-09T08:29:37.120Z"}
{"level":"info","message":"Request body,undefined","service":"media-service","timestamp":"2025-06-09T08:29:37.121Z"}
{"level":"info","message":"Starting media upload","service":"media-service","timestamp":"2025-06-09T08:29:37.147Z"}
{"level":"info","message":"File details: name=hanuman ji.jpg, type=image/jpeg","service":"media-service","timestamp":"2025-06-09T08:29:37.148Z"}
{"level":"info","message":"Uploading to cloudinary starting...","service":"media-service","timestamp":"2025-06-09T08:29:37.149Z"}
{"level":"info","message":"Cloudinary upload successfully. Public Id : - tatuprgllowvupqepox7","service":"media-service","timestamp":"2025-06-09T08:29:54.060Z"}
{"level":"info","message":"Received GET request to /api/media/get","service":"media-service","timestamp":"2025-06-09T08:30:25.806Z"}
{"level":"info","message":"Request body,undefined","service":"media-service","timestamp":"2025-06-09T08:30:25.808Z"}
{"level":"info","message":"Media service runing on port 3003","service":"media-service","timestamp":"2025-06-10T04:10:37.692Z"}
{"level":"info","message":"mongoDb is connected...","service":"media-service","timestamp":"2025-06-10T04:10:39.600Z"}
{"level":"info","message":"Media service runing on port 3003","service":"media-service","timestamp":"2025-06-10T04:14:29.057Z"}
{"level":"info","message":"mongoDb is connected...","service":"media-service","timestamp":"2025-06-10T04:14:30.430Z"}
{"level":"info","message":"Media service runing on port 3003","service":"media-service","timestamp":"2025-06-10T04:15:12.004Z"}
{"level":"info","message":"Media service runing on port 3003","service":"media-service","timestamp":"2025-06-10T04:15:13.509Z"}
{"level":"info","message":"Media service runing on port 3003","service":"media-service","timestamp":"2025-06-10T04:15:14.997Z"}
{"level":"info","message":"mongoDb is connected...","service":"media-service","timestamp":"2025-06-10T04:15:16.447Z"}
{"level":"info","message":"Media service runing on port 3003","service":"media-service","timestamp":"2025-06-10T04:15:19.063Z"}
{"level":"info","message":"mongoDb is connected...","service":"media-service","timestamp":"2025-06-10T04:15:19.446Z"}
{"level":"info","message":"Media service runing on port 3003","service":"media-service","timestamp":"2025-06-10T04:15:22.256Z"}
{"level":"info","message":"mongoDb is connected...","service":"media-service","timestamp":"2025-06-10T04:15:23.411Z"}
{"level":"info","message":"Media service runing on port 3003","service":"media-service","timestamp":"2025-06-10T04:15:24.996Z"}
{"level":"info","message":"mongoDb is connected...","service":"media-service","timestamp":"2025-06-10T04:15:26.415Z"}
{"level":"info","message":"Media service runing on port 3003","service":"media-service","timestamp":"2025-06-10T04:15:29.808Z"}
{"level":"info","message":"Media service runing on port 3003","service":"media-service","timestamp":"2025-06-10T04:15:31.134Z"}
{"level":"info","message":"Media service runing on port 3003","service":"media-service","timestamp":"2025-06-10T04:15:33.820Z"}
{"level":"info","message":"mongoDb is connected...","service":"media-service","timestamp":"2025-06-10T04:15:34.208Z"}
{"level":"info","message":"Media service runing on port 3003","service":"media-service","timestamp":"2025-06-10T04:15:35.458Z"}
{"level":"info","message":"mongoDb is connected...","service":"media-service","timestamp":"2025-06-10T04:15:35.825Z"}
{"level":"info","message":"Media service runing on port 3003","service":"media-service","timestamp":"2025-06-10T04:15:38.370Z"}
{"level":"info","message":"mongoDb is connected...","service":"media-service","timestamp":"2025-06-10T04:15:38.760Z"}
{"level":"info","message":"Media service runing on port 3003","service":"media-service","timestamp":"2025-06-10T04:15:40.926Z"}
{"level":"info","message":"mongoDb is connected...","service":"media-service","timestamp":"2025-06-10T04:15:42.790Z"}
{"level":"info","message":"Media service runing on port 3003","service":"media-service","timestamp":"2025-06-10T04:15:44.718Z"}
{"level":"info","message":"mongoDb is connected...","service":"media-service","timestamp":"2025-06-10T04:15:46.852Z"}
{"level":"info","message":"Media service runing on port 3003","service":"media-service","timestamp":"2025-06-10T04:15:50.186Z"}
{"level":"info","message":"mongoDb is connected...","service":"media-service","timestamp":"2025-06-10T04:15:50.556Z"}
{"level":"info","message":"Media service runing on port 3003","service":"media-service","timestamp":"2025-06-10T04:15:51.866Z"}
{"level":"info","message":"Media service runing on port 3003","service":"media-service","timestamp":"2025-06-10T04:15:54.575Z"}
{"level":"info","message":"Media service runing on port 3003","service":"media-service","timestamp":"2025-06-10T04:15:57.313Z"}
{"level":"info","message":"Media service runing on port 3003","service":"media-service","timestamp":"2025-06-10T04:15:59.129Z"}
{"level":"info","message":"mongoDb is connected...","service":"media-service","timestamp":"2025-06-10T04:15:59.522Z"}
{"level":"info","message":"Media service runing on port 3003","service":"media-service","timestamp":"2025-06-10T04:16:02.024Z"}
{"level":"info","message":"Media service runing on port 3003","service":"media-service","timestamp":"2025-06-10T04:16:05.258Z"}
{"level":"info","message":"Media service runing on port 3003","service":"media-service","timestamp":"2025-06-10T04:16:09.510Z"}
{"level":"info","message":"mongoDb is connected...","service":"media-service","timestamp":"2025-06-10T04:16:09.942Z"}
{"level":"info","message":"Media service runing on port 3003","service":"media-service","timestamp":"2025-06-10T04:16:13.746Z"}
{"level":"info","message":"mongoDb is connected...","service":"media-service","timestamp":"2025-06-10T04:16:14.140Z"}
{"level":"info","message":"Media service runing on port 3003","service":"media-service","timestamp":"2025-06-10T04:16:17.991Z"}
{"level":"info","message":"mongoDb is connected...","service":"media-service","timestamp":"2025-06-10T04:16:18.400Z"}
{"level":"info","message":"Media service runing on port 3003","service":"media-service","timestamp":"2025-06-10T04:16:20.002Z"}
{"level":"info","message":"mongoDb is connected...","service":"media-service","timestamp":"2025-06-10T04:16:20.433Z"}
{"level":"info","message":"Media service runing on port 3003","service":"media-service","timestamp":"2025-06-10T04:16:22.808Z"}
{"level":"info","message":"Media service runing on port 3003","service":"media-service","timestamp":"2025-06-10T04:16:25.268Z"}
{"level":"info","message":"Media service runing on port 3003","service":"media-service","timestamp":"2025-06-10T04:16:28.108Z"}
{"level":"info","message":"mongoDb is connected...","service":"media-service","timestamp":"2025-06-10T04:16:28.492Z"}
{"level":"info","message":"Media service runing on port 3003","service":"media-service","timestamp":"2025-06-10T04:16:31.832Z"}
{"level":"info","message":"mongoDb is connected...","service":"media-service","timestamp":"2025-06-10T04:16:32.231Z"}
{"level":"info","message":"Media service runing on port 3003","service":"media-service","timestamp":"2025-06-10T04:16:38.073Z"}
{"level":"info","message":"mongoDb is connected...","service":"media-service","timestamp":"2025-06-10T04:16:38.508Z"}
{"level":"info","message":"Media service runing on port 3003","service":"media-service","timestamp":"2025-06-10T04:16:40.198Z"}
{"level":"info","message":"mongoDb is connected...","service":"media-service","timestamp":"2025-06-10T04:16:40.592Z"}
{"level":"info","message":"Media service runing on port 3003","service":"media-service","timestamp":"2025-06-10T04:16:42.580Z"}
{"level":"info","message":"mongoDb is connected...","service":"media-service","timestamp":"2025-06-10T04:16:42.964Z"}
{"level":"info","message":"Media service runing on port 3003","service":"media-service","timestamp":"2025-06-10T04:16:44.728Z"}
{"level":"info","message":"mongoDb is connected...","service":"media-service","timestamp":"2025-06-10T04:16:45.123Z"}
{"level":"info","message":"Media service runing on port 3003","service":"media-service","timestamp":"2025-06-10T04:16:47.379Z"}
{"level":"info","message":"Media service runing on port 3003","service":"media-service","timestamp":"2025-06-10T04:16:49.076Z"}
{"level":"info","message":"mongoDb is connected...","service":"media-service","timestamp":"2025-06-10T04:16:49.496Z"}
{"level":"info","message":"Media service runing on port 3003","service":"media-service","timestamp":"2025-06-10T04:16:51.882Z"}
{"level":"info","message":"mongoDb is connected...","service":"media-service","timestamp":"2025-06-10T04:16:52.969Z"}
{"level":"info","message":"Media service runing on port 3003","service":"media-service","timestamp":"2025-06-10T04:16:54.851Z"}
{"level":"info","message":"Media service runing on port 3003","service":"media-service","timestamp":"2025-06-10T04:16:57.591Z"}
{"level":"info","message":"mongoDb is connected...","service":"media-service","timestamp":"2025-06-10T04:16:58.019Z"}
{"level":"info","message":"Media service runing on port 3003","service":"media-service","timestamp":"2025-06-10T04:17:01.390Z"}
{"level":"info","message":"Media service runing on port 3003","service":"media-service","timestamp":"2025-06-10T04:17:03.736Z"}
{"level":"info","message":"mongoDb is connected...","service":"media-service","timestamp":"2025-06-10T04:17:04.135Z"}
{"level":"info","message":"Media service runing on port 3003","service":"media-service","timestamp":"2025-06-10T04:17:05.981Z"}
{"level":"info","message":"mongoDb is connected...","service":"media-service","timestamp":"2025-06-10T04:17:06.367Z"}
{"level":"info","message":"Media service runing on port 3003","service":"media-service","timestamp":"2025-06-10T04:17:07.733Z"}
{"level":"info","message":"Media service runing on port 3003","service":"media-service","timestamp":"2025-06-10T04:17:10.033Z"}
{"level":"info","message":"mongoDb is connected...","service":"media-service","timestamp":"2025-06-10T04:17:10.404Z"}
{"level":"info","message":"Media service runing on port 3003","service":"media-service","timestamp":"2025-06-10T04:17:14.023Z"}
{"level":"info","message":"mongoDb is connected...","service":"media-service","timestamp":"2025-06-10T04:17:15.179Z"}
{"level":"info","message":"Media service runing on port 3003","service":"media-service","timestamp":"2025-06-10T04:17:17.726Z"}
{"level":"info","message":"mongoDb is connected...","service":"media-service","timestamp":"2025-06-10T04:17:19.095Z"}
{"level":"info","message":"Media service runing on port 3003","service":"media-service","timestamp":"2025-06-10T04:17:20.814Z"}
{"level":"info","message":"mongoDb is connected...","service":"media-service","timestamp":"2025-06-10T04:17:21.563Z"}
{"level":"info","message":"Media service runing on port 3003","service":"media-service","timestamp":"2025-06-10T04:17:23.821Z"}
{"level":"info","message":"mongoDb is connected...","service":"media-service","timestamp":"2025-06-10T04:17:24.530Z"}
{"level":"info","message":"Media service runing on port 3003","service":"media-service","timestamp":"2025-06-10T04:17:34.271Z"}
{"level":"info","message":"mongoDb is connected...","service":"media-service","timestamp":"2025-06-10T04:17:35.231Z"}
{"level":"info","message":"Media service runing on port 3003","service":"media-service","timestamp":"2025-06-10T04:17:39.554Z"}
{"level":"info","message":"mongoDb is connected...","service":"media-service","timestamp":"2025-06-10T04:17:40.843Z"}
{"level":"info","message":"Media service runing on port 3003","service":"media-service","timestamp":"2025-06-10T04:17:52.058Z"}
{"level":"info","message":"mongoDb is connected...","service":"media-service","timestamp":"2025-06-10T04:17:53.195Z"}
{"level":"info","message":"Media service runing on port 3003","service":"media-service","timestamp":"2025-06-10T04:21:18.429Z"}
{"level":"info","message":"Media service runing on port 3003","service":"media-service","timestamp":"2025-06-10T04:21:20.017Z"}
{"level":"info","message":"mongoDb is connected...","service":"media-service","timestamp":"2025-06-10T04:21:20.436Z"}
{"level":"info","message":"Media service runing on port 3003","service":"media-service","timestamp":"2025-06-10T04:21:24.505Z"}
{"level":"info","message":"mongoDb is connected...","service":"media-service","timestamp":"2025-06-10T04:21:24.871Z"}
{"level":"info","message":"Media service runing on port 3003","service":"media-service","timestamp":"2025-06-10T04:21:26.998Z"}
{"level":"info","message":"mongoDb is connected...","service":"media-service","timestamp":"2025-06-10T04:21:27.604Z"}
{"level":"info","message":"Media service runing on port 3003","service":"media-service","timestamp":"2025-06-10T04:21:30.673Z"}
{"level":"info","message":"mongoDb is connected...","service":"media-service","timestamp":"2025-06-10T04:21:32.013Z"}
{"level":"info","message":"Media service runing on port 3003","service":"media-service","timestamp":"2025-06-10T04:21:33.425Z"}
{"level":"info","message":"mongoDb is connected...","service":"media-service","timestamp":"2025-06-10T04:21:33.791Z"}
{"level":"info","message":"Media service runing on port 3003","service":"media-service","timestamp":"2025-06-10T04:21:35.288Z"}
{"level":"info","message":"mongoDb is connected...","service":"media-service","timestamp":"2025-06-10T04:21:35.660Z"}
{"level":"info","message":"Media service runing on port 3003","service":"media-service","timestamp":"2025-06-10T04:21:37.690Z"}
{"level":"info","message":"mongoDb is connected...","service":"media-service","timestamp":"2025-06-10T04:21:38.055Z"}
{"level":"info","message":"Media service runing on port 3003","service":"media-service","timestamp":"2025-06-10T04:21:40.743Z"}
{"level":"info","message":"mongoDb is connected...","service":"media-service","timestamp":"2025-06-10T04:21:41.165Z"}
{"level":"info","message":"Media service runing on port 3003","service":"media-service","timestamp":"2025-06-10T04:21:42.818Z"}
{"level":"info","message":"mongoDb is connected...","service":"media-service","timestamp":"2025-06-10T04:21:43.174Z"}
{"level":"info","message":"Media service runing on port 3003","service":"media-service","timestamp":"2025-06-10T04:21:44.663Z"}
{"level":"info","message":"Media service runing on port 3003","service":"media-service","timestamp":"2025-06-10T04:21:45.994Z"}
{"level":"info","message":"mongoDb is connected...","service":"media-service","timestamp":"2025-06-10T04:21:46.364Z"}
{"level":"info","message":"Media service runing on port 3003","service":"media-service","timestamp":"2025-06-10T04:21:50.426Z"}
{"level":"info","message":"mongoDb is connected...","service":"media-service","timestamp":"2025-06-10T04:21:50.847Z"}
{"level":"info","message":"Media service runing on port 3003","service":"media-service","timestamp":"2025-06-10T04:21:56.405Z"}
{"level":"info","message":"mongoDb is connected...","service":"media-service","timestamp":"2025-06-10T04:21:58.432Z"}
{"level":"info","message":"Media service runing on port 3003","service":"media-service","timestamp":"2025-06-10T04:22:03.147Z"}
{"level":"info","message":"mongoDb is connected...","service":"media-service","timestamp":"2025-06-10T04:22:03.516Z"}
{"level":"info","message":"Media service runing on port 3003","service":"media-service","timestamp":"2025-06-10T04:22:07.647Z"}
{"level":"info","message":"mongoDb is connected...","service":"media-service","timestamp":"2025-06-10T04:22:08.240Z"}
{"level":"info","message":"Media service runing on port 3003","service":"media-service","timestamp":"2025-06-10T04:22:17.615Z"}
{"level":"info","message":"mongoDb is connected...","service":"media-service","timestamp":"2025-06-10T04:22:18.347Z"}
{"level":"info","message":"Media service runing on port 3003","service":"media-service","timestamp":"2025-06-10T04:22:20.626Z"}
{"level":"info","message":"mongoDb is connected...","service":"media-service","timestamp":"2025-06-10T04:22:22.674Z"}
{"level":"info","message":"Media service runing on port 3003","service":"media-service","timestamp":"2025-06-10T04:22:27.721Z"}
{"level":"info","message":"Media service runing on port 3003","service":"media-service","timestamp":"2025-06-10T04:22:32.003Z"}
{"level":"info","message":"Media service runing on port 3003","service":"media-service","timestamp":"2025-06-10T04:22:35.146Z"}
{"level":"info","message":"mongoDb is connected...","service":"media-service","timestamp":"2025-06-10T04:22:35.521Z"}
{"level":"info","message":"Media service runing on port 3003","service":"media-service","timestamp":"2025-06-10T04:22:37.932Z"}
{"level":"info","message":"mongoDb is connected...","service":"media-service","timestamp":"2025-06-10T04:22:38.467Z"}
{"level":"info","message":"Media service runing on port 3003","service":"media-service","timestamp":"2025-06-10T04:22:40.414Z"}
{"level":"info","message":"mongoDb is connected...","service":"media-service","timestamp":"2025-06-10T04:22:40.815Z"}
{"level":"info","message":"Media service runing on port 3003","service":"media-service","timestamp":"2025-06-10T04:22:42.637Z"}
{"level":"info","message":"Media service runing on port 3003","service":"media-service","timestamp":"2025-06-10T04:22:44.529Z"}
{"level":"info","message":"mongoDb is connected...","service":"media-service","timestamp":"2025-06-10T04:22:44.956Z"}
{"level":"info","message":"Media service runing on port 3003","service":"media-service","timestamp":"2025-06-10T04:22:49.009Z"}
{"level":"info","message":"mongoDb is connected...","service":"media-service","timestamp":"2025-06-10T04:22:49.446Z"}
{"level":"info","message":"Media service runing on port 3003","service":"media-service","timestamp":"2025-06-10T04:22:55.263Z"}
{"level":"info","message":"Media service runing on port 3003","service":"media-service","timestamp":"2025-06-10T04:22:58.908Z"}
{"level":"info","message":"mongoDb is connected...","service":"media-service","timestamp":"2025-06-10T04:22:59.318Z"}
{"level":"info","message":"Media service runing on port 3003","service":"media-service","timestamp":"2025-06-10T04:23:02.222Z"}
{"level":"info","message":"Media service runing on port 3003","service":"media-service","timestamp":"2025-06-10T04:23:03.675Z"}
{"level":"info","message":"mongoDb is connected...","service":"media-service","timestamp":"2025-06-10T04:23:04.464Z"}
{"level":"info","message":"Media service runing on port 3003","service":"media-service","timestamp":"2025-06-10T04:23:09.366Z"}
{"level":"info","message":"mongoDb is connected...","service":"media-service","timestamp":"2025-06-10T04:23:09.750Z"}
{"level":"info","message":"Media service runing on port 3003","service":"media-service","timestamp":"2025-06-10T04:23:11.449Z"}
{"level":"info","message":"mongoDb is connected...","service":"media-service","timestamp":"2025-06-10T04:23:11.884Z"}
{"level":"info","message":"Media service runing on port 3003","service":"media-service","timestamp":"2025-06-10T04:23:16.852Z"}
{"level":"info","message":"mongoDb is connected...","service":"media-service","timestamp":"2025-06-10T04:23:18.296Z"}
{"level":"info","message":"Media service runing on port 3003","service":"media-service","timestamp":"2025-06-10T04:23:22.069Z"}
{"level":"info","message":"Media service runing on port 3003","service":"media-service","timestamp":"2025-06-10T04:23:23.741Z"}
{"level":"info","message":"mongoDb is connected...","service":"media-service","timestamp":"2025-06-10T04:23:24.610Z"}
{"level":"info","message":"Media service runing on port 3003","service":"media-service","timestamp":"2025-06-10T04:23:26.234Z"}
{"level":"info","message":"mongoDb is connected...","service":"media-service","timestamp":"2025-06-10T04:23:26.603Z"}
{"level":"info","message":"Media service runing on port 3003","service":"media-service","timestamp":"2025-06-10T04:23:30.328Z"}
{"level":"info","message":"mongoDb is connected...","service":"media-service","timestamp":"2025-06-10T04:23:30.852Z"}
{"level":"info","message":"Media service runing on port 3003","service":"media-service","timestamp":"2025-06-10T04:23:33.777Z"}
{"level":"info","message":"mongoDb is connected...","service":"media-service","timestamp":"2025-06-10T04:23:34.162Z"}
{"level":"info","message":"Media service runing on port 3003","service":"media-service","timestamp":"2025-06-10T04:23:38.299Z"}
{"level":"info","message":"mongoDb is connected...","service":"media-service","timestamp":"2025-06-10T04:23:38.722Z"}
{"level":"info","message":"Media service runing on port 3003","service":"media-service","timestamp":"2025-06-10T04:23:40.925Z"}
{"level":"info","message":"mongoDb is connected...","service":"media-service","timestamp":"2025-06-10T04:23:41.315Z"}
{"level":"info","message":"Media service runing on port 3003","service":"media-service","timestamp":"2025-06-10T04:23:46.683Z"}
{"level":"info","message":"Media service runing on port 3003","service":"media-service","timestamp":"2025-06-10T04:23:47.989Z"}
{"level":"info","message":"mongoDb is connected...","service":"media-service","timestamp":"2025-06-10T04:23:48.373Z"}
{"level":"info","message":"Media service runing on port 3003","service":"media-service","timestamp":"2025-06-10T04:23:56.130Z"}
{"level":"info","message":"Media service runing on port 3003","service":"media-service","timestamp":"2025-06-10T04:23:58.262Z"}
{"level":"info","message":"Media service runing on port 3003","service":"media-service","timestamp":"2025-06-10T04:23:59.678Z"}
{"level":"info","message":"mongoDb is connected...","service":"media-service","timestamp":"2025-06-10T04:24:00.242Z"}
{"level":"info","message":"Media service runing on port 3003","service":"media-service","timestamp":"2025-06-10T04:24:04.841Z"}
{"level":"info","message":"Media service runing on port 3003","service":"media-service","timestamp":"2025-06-10T04:24:06.959Z"}
{"level":"info","message":"mongoDb is connected...","service":"media-service","timestamp":"2025-06-10T04:24:07.323Z"}
{"level":"info","message":"Media service runing on port 3003","service":"media-service","timestamp":"2025-06-10T04:24:09.938Z"}
{"level":"info","message":"mongoDb is connected...","service":"media-service","timestamp":"2025-06-10T04:24:10.323Z"}
{"level":"info","message":"Media service runing on port 3003","service":"media-service","timestamp":"2025-06-10T04:24:14.101Z"}
{"level":"info","message":"Media service runing on port 3003","service":"media-service","timestamp":"2025-06-10T04:24:16.272Z"}
{"level":"info","message":"Media service runing on port 3003","service":"media-service","timestamp":"2025-06-10T04:24:17.825Z"}
{"level":"info","message":"mongoDb is connected...","service":"media-service","timestamp":"2025-06-10T04:24:18.224Z"}
{"level":"info","message":"Media service runing on port 3003","service":"media-service","timestamp":"2025-06-10T04:24:20.502Z"}
{"level":"info","message":"mongoDb is connected...","service":"media-service","timestamp":"2025-06-10T04:24:21.342Z"}
{"level":"info","message":"Media service runing on port 3003","service":"media-service","timestamp":"2025-06-10T04:24:28.696Z"}
{"level":"info","message":"mongoDb is connected...","service":"media-service","timestamp":"2025-06-10T04:24:30.667Z"}
{"level":"info","message":"Media service runing on port 3003","service":"media-service","timestamp":"2025-06-10T04:24:33.709Z"}
{"level":"info","message":"mongoDb is connected...","service":"media-service","timestamp":"2025-06-10T04:24:34.100Z"}
{"level":"info","message":"Media service runing on port 3003","service":"media-service","timestamp":"2025-06-10T04:24:36.578Z"}
{"level":"info","message":"mongoDb is connected...","service":"media-service","timestamp":"2025-06-10T04:24:36.997Z"}
{"level":"info","message":"Media service runing on port 3003","service":"media-service","timestamp":"2025-06-10T04:24:39.683Z"}
{"level":"info","message":"mongoDb is connected...","service":"media-service","timestamp":"2025-06-10T04:24:40.055Z"}
{"level":"info","message":"Media service runing on port 3003","service":"media-service","timestamp":"2025-06-10T04:24:42.886Z"}
{"level":"info","message":"mongoDb is connected...","service":"media-service","timestamp":"2025-06-10T04:24:43.405Z"}
{"level":"info","message":"Media service runing on port 3003","service":"media-service","timestamp":"2025-06-10T04:24:44.953Z"}
{"level":"info","message":"Media service runing on port 3003","service":"media-service","timestamp":"2025-06-10T04:24:46.731Z"}
{"level":"info","message":"mongoDb is connected...","service":"media-service","timestamp":"2025-06-10T04:24:47.136Z"}
{"level":"info","message":"Media service runing on port 3003","service":"media-service","timestamp":"2025-06-10T04:24:50.231Z"}
{"level":"info","message":"mongoDb is connected...","service":"media-service","timestamp":"2025-06-10T04:24:50.640Z"}
{"level":"info","message":"Media service runing on port 3003","service":"media-service","timestamp":"2025-06-10T04:24:52.076Z"}
{"level":"info","message":"Media service runing on port 3003","service":"media-service","timestamp":"2025-06-10T04:24:54.042Z"}
{"level":"info","message":"Media service runing on port 3003","service":"media-service","timestamp":"2025-06-10T04:24:56.018Z"}
{"level":"info","message":"mongoDb is connected...","service":"media-service","timestamp":"2025-06-10T04:24:56.391Z"}
{"level":"info","message":"Media service runing on port 3003","service":"media-service","timestamp":"2025-06-10T04:25:34.381Z"}
{"level":"info","message":"Media service runing on port 3003","service":"media-service","timestamp":"2025-06-10T04:25:35.985Z"}
{"level":"info","message":"mongoDb is connected...","service":"media-service","timestamp":"2025-06-10T04:25:36.401Z"}
{"level":"info","message":"Media service runing on port 3003","service":"media-service","timestamp":"2025-06-10T04:25:38.531Z"}
{"level":"info","message":"mongoDb is connected...","service":"media-service","timestamp":"2025-06-10T04:25:38.937Z"}
{"level":"info","message":"Media service runing on port 3003","service":"media-service","timestamp":"2025-06-10T04:25:40.898Z"}
{"level":"info","message":"Media service runing on port 3003","service":"media-service","timestamp":"2025-06-10T04:25:42.446Z"}
{"level":"info","message":"Media service runing on port 3003","service":"media-service","timestamp":"2025-06-10T04:25:43.993Z"}
{"level":"info","message":"Media service runing on port 3003","service":"media-service","timestamp":"2025-06-10T04:25:45.584Z"}
{"level":"info","message":"mongoDb is connected...","service":"media-service","timestamp":"2025-06-10T04:25:45.978Z"}
{"level":"info","message":"Media service runing on port 3003","service":"media-service","timestamp":"2025-06-10T04:25:49.717Z"}
{"level":"info","message":"Media service runing on port 3003","service":"media-service","timestamp":"2025-06-10T04:25:51.933Z"}
{"level":"info","message":"mongoDb is connected...","service":"media-service","timestamp":"2025-06-10T04:25:52.331Z"}
{"level":"info","message":"Media service runing on port 3003","service":"media-service","timestamp":"2025-06-10T04:25:58.323Z"}
{"level":"info","message":"Media service runing on port 3003","service":"media-service","timestamp":"2025-06-10T04:26:04.527Z"}
{"level":"info","message":"mongoDb is connected...","service":"media-service","timestamp":"2025-06-10T04:26:04.909Z"}
{"level":"info","message":"Media service runing on port 3003","service":"media-service","timestamp":"2025-06-10T04:26:06.913Z"}
{"level":"info","message":"mongoDb is connected...","service":"media-service","timestamp":"2025-06-10T04:26:07.287Z"}
{"level":"info","message":"Media service runing on port 3003","service":"media-service","timestamp":"2025-06-10T04:26:10.298Z"}
{"level":"info","message":"mongoDb is connected...","service":"media-service","timestamp":"2025-06-10T04:26:10.699Z"}
{"level":"info","message":"Media service runing on port 3003","service":"media-service","timestamp":"2025-06-10T04:26:13.161Z"}
{"level":"info","message":"mongoDb is connected...","service":"media-service","timestamp":"2025-06-10T04:26:14.460Z"}
{"level":"info","message":"Media service runing on port 3003","service":"media-service","timestamp":"2025-06-10T04:26:16.174Z"}
{"level":"info","message":"mongoDb is connected...","service":"media-service","timestamp":"2025-06-10T04:26:16.566Z"}
{"level":"info","message":"Media service runing on port 3003","service":"media-service","timestamp":"2025-06-10T04:26:17.930Z"}
{"level":"info","message":"mongoDb is connected...","service":"media-service","timestamp":"2025-06-10T04:26:19.181Z"}
{"level":"info","message":"Media service runing on port 3003","service":"media-service","timestamp":"2025-06-10T04:26:31.437Z"}
{"level":"info","message":"mongoDb is connected...","service":"media-service","timestamp":"2025-06-10T04:26:31.884Z"}
{"level":"info","message":"Media service runing on port 3003","service":"media-service","timestamp":"2025-06-10T04:26:34.869Z"}
{"level":"info","message":"mongoDb is connected...","service":"media-service","timestamp":"2025-06-10T04:26:35.581Z"}
{"level":"info","message":"Media service runing on port 3003","service":"media-service","timestamp":"2025-06-10T04:26:38.563Z"}
{"level":"info","message":"mongoDb is connected...","service":"media-service","timestamp":"2025-06-10T04:26:38.970Z"}
{"level":"info","message":"Media service runing on port 3003","service":"media-service","timestamp":"2025-06-10T04:26:41.332Z"}
{"level":"info","message":"mongoDb is connected...","service":"media-service","timestamp":"2025-06-10T04:26:43.321Z"}
{"level":"info","message":"Media service runing on port 3003","service":"media-service","timestamp":"2025-06-10T04:26:58.919Z"}
{"level":"info","message":"mongoDb is connected...","service":"media-service","timestamp":"2025-06-10T04:26:59.329Z"}
{"level":"info","message":"Media service runing on port 3003","service":"media-service","timestamp":"2025-06-10T04:27:01.106Z"}
{"level":"info","message":"mongoDb is connected...","service":"media-service","timestamp":"2025-06-10T04:27:01.499Z"}
{"level":"info","message":"Media service runing on port 3003","service":"media-service","timestamp":"2025-06-10T04:27:05.749Z"}
{"level":"info","message":"mongoDb is connected...","service":"media-service","timestamp":"2025-06-10T04:27:06.158Z"}
{"level":"info","message":"Media service runing on port 3003","service":"media-service","timestamp":"2025-06-10T04:28:03.040Z"}
{"level":"info","message":"mongoDb is connected...","service":"media-service","timestamp":"2025-06-10T04:28:03.759Z"}
{"level":"info","message":"Media service runing on port 3003","service":"media-service","timestamp":"2025-06-10T04:28:23.601Z"}
{"level":"info","message":"Media service runing on port 3003","service":"media-service","timestamp":"2025-06-10T04:28:27.414Z"}
{"level":"info","message":"mongoDb is connected...","service":"media-service","timestamp":"2025-06-10T04:28:28.030Z"}
{"level":"info","message":"Media service runing on port 3003","service":"media-service","timestamp":"2025-06-10T04:28:31.178Z"}
{"level":"info","message":"mongoDb is connected...","service":"media-service","timestamp":"2025-06-10T04:28:32.011Z"}
{"level":"info","message":"Media service runing on port 3003","service":"media-service","timestamp":"2025-06-10T04:28:40.386Z"}
{"level":"info","message":"mongoDb is connected...","service":"media-service","timestamp":"2025-06-10T04:28:40.750Z"}
{"level":"info","message":"Media service runing on port 3003","service":"media-service","timestamp":"2025-06-10T04:28:43.733Z"}
{"level":"info","message":"Media service runing on port 3003","service":"media-service","timestamp":"2025-06-10T04:28:45.520Z"}
{"level":"info","message":"mongoDb is connected...","service":"media-service","timestamp":"2025-06-10T04:28:46.017Z"}
{"level":"info","message":"Media service runing on port 3003","service":"media-service","timestamp":"2025-06-10T04:28:51.952Z"}
{"level":"info","message":"mongoDb is connected...","service":"media-service","timestamp":"2025-06-10T04:28:52.348Z"}
{"level":"info","message":"Media service runing on port 3003","service":"media-service","timestamp":"2025-06-10T04:28:58.370Z"}
{"level":"info","message":"Media service runing on port 3003","service":"media-service","timestamp":"2025-06-10T04:29:01.030Z"}
{"level":"info","message":"mongoDb is connected...","service":"media-service","timestamp":"2025-06-10T04:29:01.411Z"}
{"level":"info","message":"Media service runing on port 3003","service":"media-service","timestamp":"2025-06-10T04:29:15.084Z"}
{"level":"info","message":"mongoDb is connected...","service":"media-service","timestamp":"2025-06-10T04:29:15.448Z"}
{"level":"info","message":"Media service runing on port 3003","service":"media-service","timestamp":"2025-06-10T04:29:17.072Z"}
{"level":"info","message":"mongoDb is connected...","service":"media-service","timestamp":"2025-06-10T04:29:17.507Z"}
{"level":"info","message":"Media service runing on port 3003","service":"media-service","timestamp":"2025-06-10T04:29:24.880Z"}
{"level":"info","message":"mongoDb is connected...","service":"media-service","timestamp":"2025-06-10T04:29:25.298Z"}
{"level":"info","message":"Media service runing on port 3003","service":"media-service","timestamp":"2025-06-10T04:29:28.141Z"}
{"level":"info","message":"mongoDb is connected...","service":"media-service","timestamp":"2025-06-10T04:29:29.304Z"}
{"level":"info","message":"mongoDb is connected...","service":"media-service","timestamp":"2025-06-10T04:29:44.062Z"}
{"level":"info","message":"Media service runing on port 3003","service":"media-service","timestamp":"2025-06-10T04:29:51.945Z"}
{"level":"info","message":"mongoDb is connected...","service":"media-service","timestamp":"2025-06-10T04:29:53.114Z"}
{"level":"info","message":"Media service runing on port 3003","service":"media-service","timestamp":"2025-06-10T04:30:15.786Z"}
{"level":"info","message":"mongoDb is connected...","service":"media-service","timestamp":"2025-06-10T04:30:16.227Z"}
{"level":"info","message":"Media service runing on port 3003","service":"media-service","timestamp":"2025-06-10T04:30:18.318Z"}
{"level":"info","message":"mongoDb is connected...","service":"media-service","timestamp":"2025-06-10T04:30:18.706Z"}
{"level":"info","message":"Media service runing on port 3003","service":"media-service","timestamp":"2025-06-10T04:30:23.476Z"}
{"level":"info","message":"mongoDb is connected...","service":"media-service","timestamp":"2025-06-10T04:30:23.877Z"}
{"level":"info","message":"Media service runing on port 3003","service":"media-service","timestamp":"2025-06-10T04:30:28.997Z"}
{"level":"info","message":"mongoDb is connected...","service":"media-service","timestamp":"2025-06-10T04:30:29.364Z"}
{"level":"info","message":"Media service runing on port 3003","service":"media-service","timestamp":"2025-06-10T04:30:31.126Z"}
{"level":"info","message":"mongoDb is connected...","service":"media-service","timestamp":"2025-06-10T04:30:31.966Z"}
{"level":"info","message":"Media service runing on port 3003","service":"media-service","timestamp":"2025-06-10T04:30:40.049Z"}
{"level":"info","message":"mongoDb is connected...","service":"media-service","timestamp":"2025-06-10T04:30:40.437Z"}
{"level":"info","message":"Media service runing on port 3003","service":"media-service","timestamp":"2025-06-10T04:30:44.259Z"}
{"level":"info","message":"mongoDb is connected...","service":"media-service","timestamp":"2025-06-10T04:30:44.663Z"}
{"level":"info","message":"Media service runing on port 3003","service":"media-service","timestamp":"2025-06-10T04:34:34.690Z"}
{"level":"info","message":"mongoDb is connected...","service":"media-service","timestamp":"2025-06-10T04:34:35.314Z"}
{"level":"info","message":"Media service runing on port 3003","service":"media-service","timestamp":"2025-06-10T04:34:37.172Z"}
{"level":"info","message":"mongoDb is connected...","service":"media-service","timestamp":"2025-06-10T04:34:37.636Z"}
{"level":"info","message":"Media service runing on port 3003","service":"media-service","timestamp":"2025-06-10T04:34:42.152Z"}
{"level":"info","message":"mongoDb is connected...","service":"media-service","timestamp":"2025-06-10T04:34:42.610Z"}
{"level":"info","message":"Media service runing on port 3003","service":"media-service","timestamp":"2025-06-10T04:34:45.464Z"}
{"level":"info","message":"Media service runing on port 3003","service":"media-service","timestamp":"2025-06-10T04:34:48.167Z"}
{"level":"info","message":"mongoDb is connected...","service":"media-service","timestamp":"2025-06-10T04:34:49.311Z"}
{"level":"info","message":"Media service runing on port 3003","service":"media-service","timestamp":"2025-06-10T04:34:53.669Z"}
{"level":"info","message":"mongoDb is connected...","service":"media-service","timestamp":"2025-06-10T04:34:54.119Z"}
{"level":"info","message":"Media service runing on port 3003","service":"media-service","timestamp":"2025-06-10T04:34:55.849Z"}
{"level":"info","message":"mongoDb is connected...","service":"media-service","timestamp":"2025-06-10T04:34:56.267Z"}
{"level":"info","message":"Media service runing on port 3003","service":"media-service","timestamp":"2025-06-10T04:35:00.402Z"}
{"level":"info","message":"mongoDb is connected...","service":"media-service","timestamp":"2025-06-10T04:35:01.143Z"}
{"level":"info","message":"Media service runing on port 3003","service":"media-service","timestamp":"2025-06-10T04:35:03.441Z"}
{"level":"info","message":"mongoDb is connected...","service":"media-service","timestamp":"2025-06-10T04:35:03.830Z"}
{"level":"info","message":"Media service runing on port 3003","service":"media-service","timestamp":"2025-06-10T04:35:08.130Z"}
{"level":"info","message":"mongoDb is connected...","service":"media-service","timestamp":"2025-06-10T04:35:09.540Z"}
{"level":"info","message":"Media service runing on port 3003","service":"media-service","timestamp":"2025-06-10T04:35:11.295Z"}
{"level":"info","message":"mongoDb is connected...","service":"media-service","timestamp":"2025-06-10T04:35:12.552Z"}
{"level":"info","message":"Media service runing on port 3003","service":"media-service","timestamp":"2025-06-10T04:35:17.920Z"}
{"level":"info","message":"mongoDb is connected...","service":"media-service","timestamp":"2025-06-10T04:35:19.035Z"}
{"level":"info","message":"mongoDb is connected...","service":"media-service","timestamp":"2025-06-10T09:31:19.241Z"}
{"level":"info","message":"mongoDb is connected...","service":"media-service","timestamp":"2025-06-10T09:32:43.956Z"}
{"level":"info","message":"mongoDb is connected...","service":"media-service","timestamp":"2025-06-10T09:33:40.115Z"}
{"level":"info","message":"mongoDb is connected...","service":"media-service","timestamp":"2025-06-10T09:33:58.079Z"}
{"level":"info","message":"Connected to rabbit mq","service":"media-service","timestamp":"2025-06-10T09:34:03.219Z"}
{"level":"info","message":"Subscribed to event: post.delete","service":"media-service","timestamp":"2025-06-10T09:34:03.348Z"}
{"level":"info","message":"Media service runing on port 3003","service":"media-service","timestamp":"2025-06-10T09:34:03.353Z"}
{"level":"info","message":"mongoDb is connected...","service":"media-service","timestamp":"2025-06-10T09:34:04.346Z"}
{"level":"info","message":"Connected to rabbit mq","service":"media-service","timestamp":"2025-06-10T09:34:18.236Z"}
{"level":"info","message":"Subscribed to event: post.delete","service":"media-service","timestamp":"2025-06-10T09:34:18.269Z"}
{"level":"info","message":"Media service runing on port 3003","service":"media-service","timestamp":"2025-06-10T09:34:18.278Z"}
{"level":"info","message":"mongoDb is connected...","service":"media-service","timestamp":"2025-06-10T09:34:18.553Z"}
{"level":"info","message":"Received POST request to /api/media/upload","service":"media-service","timestamp":"2025-06-10T09:37:45.495Z"}
{"level":"info","message":"Request body,undefined","service":"media-service","timestamp":"2025-06-10T09:37:45.498Z"}
{"level":"info","message":"Starting media upload","service":"media-service","timestamp":"2025-06-10T09:37:45.533Z"}
{"level":"info","message":"File details: name=rohitsharma.webp, type=image/webp","service":"media-service","timestamp":"2025-06-10T09:37:45.535Z"}
{"level":"info","message":"Uploading to cloudinary starting...","service":"media-service","timestamp":"2025-06-10T09:37:45.536Z"}
{"level":"info","message":"Cloudinary upload successfully. Public Id : - jnhnfrvv1ks5awopnxhi","service":"media-service","timestamp":"2025-06-10T09:37:47.925Z"}
{"level":"info","message":"Received GET request to /api/media/get","service":"media-service","timestamp":"2025-06-10T09:44:35.835Z"}
{"level":"info","message":"Request body,undefined","service":"media-service","timestamp":"2025-06-10T09:44:35.836Z"}
{"level":"info","message":"Connected to rabbit mq","service":"media-service","timestamp":"2025-06-10T11:55:34.782Z"}
{"level":"info","message":"Subscribed to event: post.delete","service":"media-service","timestamp":"2025-06-10T11:55:34.801Z"}
{"level":"info","message":"Media service runing on port 3003","service":"media-service","timestamp":"2025-06-10T11:55:34.804Z"}
{"level":"info","message":"mongoDb is connected...","service":"media-service","timestamp":"2025-06-10T11:55:35.061Z"}
{"level":"info","message":"Connected to rabbit mq","service":"media-service","timestamp":"2025-06-11T04:35:47.808Z"}
{"level":"info","message":"Subscribed to event: post.delete","service":"media-service","timestamp":"2025-06-11T04:35:47.859Z"}
{"level":"info","message":"Media service runing on port 3003","service":"media-service","timestamp":"2025-06-11T04:35:47.864Z"}
{"level":"info","message":"mongoDb is connected...","service":"media-service","timestamp":"2025-06-11T04:35:49.659Z"}
{"level":"info","message":"Received POST request to /api/media/upload","service":"media-service","timestamp":"2025-06-11T04:38:46.781Z"}
{"level":"info","message":"Request body,undefined","service":"media-service","timestamp":"2025-06-11T04:38:46.783Z"}
{"level":"info","message":"Starting media upload","service":"media-service","timestamp":"2025-06-11T04:38:46.809Z"}
{"level":"info","message":"File details: name=images (2).jpeg, type=image/jpeg","service":"media-service","timestamp":"2025-06-11T04:38:46.810Z"}
{"level":"info","message":"Uploading to cloudinary starting...","service":"media-service","timestamp":"2025-06-11T04:38:46.811Z"}
{"level":"info","message":"Cloudinary upload successfully. Public Id : - fx6faopsfogbnl7ncsj4","service":"media-service","timestamp":"2025-06-11T04:38:49.081Z"}
