{"level":"info","message":"Connected to rabbit mq","service":"post-service","timestamp":"2025-06-20T04:21:59.830Z"}
{"level":"info","message":"Connected to rabbit mq","service":"post-service","timestamp":"2025-06-20T04:22:35.945Z"}
{"level":"info","message":"Connected to rabbit mq","service":"post-service","timestamp":"2025-06-20T04:22:39.202Z"}
{"0":"E","1":"r","10":"l","11":"i","12":"n","13":"g","14":" ","15":"p","16":"o","17":"s","18":"t","19":" ","2":"r","20":"c","21":"r","22":"e","23":"a","24":"t","25":"i","26":"o","27":"n","28":" ","29":"e","3":"o","30":"v","31":"e","32":"n","33":"t","4":"r","5":" ","6":"h","7":"a","8":"n","9":"d","level":"error","message":"Cannot read properties of undefined (reading 'postId')","service":"post-service","stack":"TypeError: Cannot read properties of undefined (reading 'postId')\n    at handlePostCreated (C:\\Users\\91903\\social-media-microservices\\search-service\\src\\eventHandlers\\search-event-handlers.js:9:21)\n    at startServer (C:\\Users\\91903\\social-media-microservices\\search-service\\src\\server.js:42:39)\n    at process.processTicksAndRejections (node:internal/process/task_queues:105:5)","timestamp":"2025-06-20T04:22:39.208Z"}
{"level":"info","message":"Subscribed to event: post.created","service":"post-service","timestamp":"2025-06-20T04:22:39.274Z"}
{"level":"info","message":"Search service runing on port 3004","service":"post-service","timestamp":"2025-06-20T04:22:39.280Z"}
{"level":"info","message":"mongoDb is connected...","service":"post-service","timestamp":"2025-06-20T04:22:39.948Z"}
{"level":"info","message":"Connected to rabbit mq","service":"post-service","timestamp":"2025-06-20T04:27:36.968Z"}
{"0":"E","1":"r","10":"l","11":"i","12":"n","13":"g","14":" ","15":"p","16":"o","17":"s","18":"t","19":" ","2":"r","20":"c","21":"r","22":"e","23":"a","24":"t","25":"i","26":"o","27":"n","28":" ","29":"e","3":"o","30":"v","31":"e","32":"n","33":"t","4":"r","5":" ","6":"h","7":"a","8":"n","9":"d","level":"error","message":"Cannot read properties of undefined (reading 'postId')","service":"post-service","stack":"TypeError: Cannot read properties of undefined (reading 'postId')\n    at handlePostCreated (C:\\Users\\91903\\social-media-microservices\\search-service\\src\\eventHandlers\\search-event-handlers.js:9:21)\n    at startServer (C:\\Users\\91903\\social-media-microservices\\search-service\\src\\server.js:43:39)\n    at process.processTicksAndRejections (node:internal/process/task_queues:105:5)","timestamp":"2025-06-20T04:27:36.978Z"}
{"level":"info","message":"Subscribed to event: post.created","service":"post-service","timestamp":"2025-06-20T04:27:37.043Z"}
{"level":"info","message":"Search service runing on port 3004","service":"post-service","timestamp":"2025-06-20T04:27:37.056Z"}
{"level":"info","message":"mongoDb is connected...","service":"post-service","timestamp":"2025-06-20T04:27:38.224Z"}
{"level":"info","message":"Connected to rabbit mq","service":"post-service","timestamp":"2025-06-20T04:30:45.618Z"}
{"0":"E","1":"r","10":"l","11":"i","12":"n","13":"g","14":" ","15":"p","16":"o","17":"s","18":"t","19":" ","2":"r","20":"c","21":"r","22":"e","23":"a","24":"t","25":"i","26":"o","27":"n","28":" ","29":"e","3":"o","30":"v","31":"e","32":"n","33":"t","4":"r","5":" ","6":"h","7":"a","8":"n","9":"d","level":"error","message":"Cannot read properties of undefined (reading 'postId')","service":"post-service","stack":"TypeError: Cannot read properties of undefined (reading 'postId')\n    at handlePostCreated (C:\\Users\\91903\\social-media-microservices\\search-service\\src\\eventHandlers\\search-event-handlers.js:9:21)\n    at startServer (C:\\Users\\91903\\social-media-microservices\\search-service\\src\\server.js:43:39)\n    at process.processTicksAndRejections (node:internal/process/task_queues:105:5)","timestamp":"2025-06-20T04:30:45.627Z"}
{"level":"info","message":"Subscribed to event: post.created","service":"post-service","timestamp":"2025-06-20T04:30:45.649Z"}
{"level":"info","message":"Search service runing on port 3004","service":"post-service","timestamp":"2025-06-20T04:30:45.653Z"}
{"level":"info","message":"mongoDb is connected...","service":"post-service","timestamp":"2025-06-20T04:30:46.017Z"}
{"level":"info","message":"Connected to rabbit mq","service":"post-service","timestamp":"2025-06-20T04:30:51.871Z"}
{"0":"E","1":"r","10":"l","11":"i","12":"n","13":"g","14":" ","15":"p","16":"o","17":"s","18":"t","19":" ","2":"r","20":"c","21":"r","22":"e","23":"a","24":"t","25":"i","26":"o","27":"n","28":" ","29":"e","3":"o","30":"v","31":"e","32":"n","33":"t","4":"r","5":" ","6":"h","7":"a","8":"n","9":"d","level":"error","message":"Cannot read properties of undefined (reading 'postId')","service":"post-service","stack":"TypeError: Cannot read properties of undefined (reading 'postId')\n    at handlePostCreated (C:\\Users\\91903\\social-media-microservices\\search-service\\src\\eventHandlers\\search-event-handlers.js:9:21)\n    at startServer (C:\\Users\\91903\\social-media-microservices\\search-service\\src\\server.js:43:39)\n    at process.processTicksAndRejections (node:internal/process/task_queues:105:5)","timestamp":"2025-06-20T04:30:51.881Z"}
{"level":"info","message":"Subscribed to event: post.created","service":"post-service","timestamp":"2025-06-20T04:30:51.962Z"}
{"level":"info","message":"Search service runing on port 3004","service":"post-service","timestamp":"2025-06-20T04:30:51.969Z"}
{"level":"info","message":"Connected to rabbit mq","service":"post-service","timestamp":"2025-06-20T04:30:55.679Z"}
{"0":"E","1":"r","10":"l","11":"i","12":"n","13":"g","14":" ","15":"p","16":"o","17":"s","18":"t","19":" ","2":"r","20":"c","21":"r","22":"e","23":"a","24":"t","25":"i","26":"o","27":"n","28":" ","29":"e","3":"o","30":"v","31":"e","32":"n","33":"t","4":"r","5":" ","6":"h","7":"a","8":"n","9":"d","level":"error","message":"Cannot read properties of undefined (reading 'postId')","service":"post-service","stack":"TypeError: Cannot read properties of undefined (reading 'postId')\n    at handlePostCreated (C:\\Users\\91903\\social-media-microservices\\search-service\\src\\eventHandlers\\search-event-handlers.js:9:21)\n    at startServer (C:\\Users\\91903\\social-media-microservices\\search-service\\src\\server.js:43:39)\n    at process.processTicksAndRejections (node:internal/process/task_queues:105:5)","timestamp":"2025-06-20T04:30:55.686Z"}
{"level":"info","message":"Subscribed to event: post.created","service":"post-service","timestamp":"2025-06-20T04:30:55.732Z"}
{"level":"info","message":"Search service runing on port 3004","service":"post-service","timestamp":"2025-06-20T04:30:55.738Z"}
{"level":"info","message":"Connected to rabbit mq","service":"post-service","timestamp":"2025-06-20T04:30:59.147Z"}
{"0":"E","1":"r","10":"l","11":"i","12":"n","13":"g","14":" ","15":"p","16":"o","17":"s","18":"t","19":" ","2":"r","20":"c","21":"r","22":"e","23":"a","24":"t","25":"i","26":"o","27":"n","28":" ","29":"e","3":"o","30":"v","31":"e","32":"n","33":"t","4":"r","5":" ","6":"h","7":"a","8":"n","9":"d","level":"error","message":"Cannot read properties of undefined (reading 'postId')","service":"post-service","stack":"TypeError: Cannot read properties of undefined (reading 'postId')\n    at handlePostCreated (C:\\Users\\91903\\social-media-microservices\\search-service\\src\\eventHandlers\\search-event-handlers.js:9:21)\n    at startServer (C:\\Users\\91903\\social-media-microservices\\search-service\\src\\server.js:43:39)\n    at process.processTicksAndRejections (node:internal/process/task_queues:105:5)","timestamp":"2025-06-20T04:30:59.155Z"}
{"level":"info","message":"Subscribed to event: post.created","service":"post-service","timestamp":"2025-06-20T04:30:59.174Z"}
{"level":"info","message":"Search service runing on port 3004","service":"post-service","timestamp":"2025-06-20T04:30:59.181Z"}
{"level":"info","message":"mongoDb is connected...","service":"post-service","timestamp":"2025-06-20T04:30:59.495Z"}
{"level":"info","message":"Connected to rabbit mq","service":"post-service","timestamp":"2025-06-20T04:31:37.636Z"}
{"level":"info","message":"Connected to rabbit mq","service":"post-service","timestamp":"2025-06-20T04:34:31.350Z"}
{"level":"info","message":"Connected to rabbit mq","service":"post-service","timestamp":"2025-06-20T04:34:33.584Z"}
{"level":"info","message":"Subscribed to event: post.created","service":"post-service","timestamp":"2025-06-20T04:34:33.603Z"}
{"level":"info","message":"Search service runing on port 3004","service":"post-service","timestamp":"2025-06-20T04:34:33.609Z"}
{"level":"info","message":"mongoDb is connected...","service":"post-service","timestamp":"2025-06-20T04:34:34.573Z"}
{"0":"E","1":"r","10":"l","11":"i","12":"n","13":"g","14":" ","15":"p","16":"o","17":"s","18":"t","19":" ","2":"r","20":"c","21":"r","22":"e","23":"a","24":"t","25":"i","26":"o","27":"n","28":" ","29":"e","3":"o","30":"v","31":"e","32":"n","33":"t","4":"r","5":" ","6":"h","7":"a","8":"n","9":"d","_message":"Search validation failed","errors":{"createAt":{"kind":"required","message":"Path `createAt` is required.","name":"ValidatorError","path":"createAt","properties":{"message":"Path `createAt` is required.","path":"createAt","type":"required"}}},"level":"error","message":"Search validation failed: createAt: Path `createAt` is required.","service":"post-service","stack":"ValidationError: Search validation failed: createAt: Path `createAt` is required.\n    at Document.invalidate (C:\\Users\\91903\\social-media-microservices\\search-service\\node_modules\\mongoose\\lib\\document.js:3352:32)\n    at C:\\Users\\91903\\social-media-microservices\\search-service\\node_modules\\mongoose\\lib\\document.js:3113:17\n    at C:\\Users\\91903\\social-media-microservices\\search-service\\node_modules\\mongoose\\lib\\schemaType.js:1407:9\n    at process.processTicksAndRejections (node:internal/process/task_queues:85:11)","timestamp":"2025-06-20T04:34:55.873Z"}
{"level":"info","message":"Connected to rabbit mq","service":"post-service","timestamp":"2025-06-20T04:41:47.702Z"}
{"level":"info","message":"Subscribed to event: post.created","service":"post-service","timestamp":"2025-06-20T04:41:47.736Z"}
{"level":"info","message":"Search service runing on port 3004","service":"post-service","timestamp":"2025-06-20T04:41:47.746Z"}
{"level":"info","message":"mongoDb is connected...","service":"post-service","timestamp":"2025-06-20T04:41:48.488Z"}
{"level":"info","message":"Connected to rabbit mq","service":"post-service","timestamp":"2025-06-20T04:41:50.593Z"}
{"level":"info","message":"Subscribed to event: post.created","service":"post-service","timestamp":"2025-06-20T04:41:50.633Z"}
{"level":"info","message":"Search service runing on port 3004","service":"post-service","timestamp":"2025-06-20T04:41:50.644Z"}
{"level":"info","message":"mongoDb is connected...","service":"post-service","timestamp":"2025-06-20T04:41:50.965Z"}
{"level":"info","message":"Search post created: 6854e69fdd65abcdfda00942, 6854e69f7319cc612414819b","service":"post-service","timestamp":"2025-06-20T04:42:07.672Z"}
{"level":"info","message":"Connected to rabbit mq","service":"post-service","timestamp":"2025-06-20T04:46:50.060Z"}
{"level":"info","message":"Subscribed to event: post.created","service":"post-service","timestamp":"2025-06-20T04:46:50.072Z"}
{"level":"info","message":"Search service runing on port 3004","service":"post-service","timestamp":"2025-06-20T04:46:50.076Z"}
{"level":"info","message":"Connected to rabbit mq","service":"post-service","timestamp":"2025-06-20T04:46:51.380Z"}
{"level":"info","message":"Subscribed to event: post.created","service":"post-service","timestamp":"2025-06-20T04:46:51.395Z"}
{"level":"info","message":"Search service runing on port 3004","service":"post-service","timestamp":"2025-06-20T04:46:51.400Z"}
{"level":"info","message":"mongoDb is connected...","service":"post-service","timestamp":"2025-06-20T04:46:51.694Z"}
{"level":"info","message":"Connected to rabbit mq","service":"post-service","timestamp":"2025-06-20T04:46:54.278Z"}
{"level":"info","message":"Subscribed to event: post.created","service":"post-service","timestamp":"2025-06-20T04:46:54.296Z"}
{"level":"info","message":"Search service runing on port 3004","service":"post-service","timestamp":"2025-06-20T04:46:54.300Z"}
{"level":"info","message":"mongoDb is connected...","service":"post-service","timestamp":"2025-06-20T04:46:54.591Z"}
{"0":"E","1":"r","10":"l","11":"i","12":"n","13":"g","14":" ","15":"p","16":"o","17":"s","18":"t","19":" ","2":"r","20":"c","21":"r","22":"e","23":"a","24":"t","25":"i","26":"o","27":"n","28":" ","29":"e","3":"o","30":"v","31":"e","32":"n","33":"t","4":"r","5":" ","6":"h","7":"a","8":"n","9":"d","code":11000,"errorLabelSet":{},"errorResponse":{"code":11000,"errmsg":"E11000 duplicate key error collection: social-media.searches index: userId_1 dup key: { userId: \"683422c8d20282be609c5d08\" }","index":0,"keyPattern":{"userId":1},"keyValue":{"userId":"683422c8d20282be609c5d08"}},"index":0,"keyPattern":{"userId":1},"keyValue":{"userId":"683422c8d20282be609c5d08"},"level":"error","message":"E11000 duplicate key error collection: social-media.searches index: userId_1 dup key: { userId: \"683422c8d20282be609c5d08\" }","service":"post-service","stack":"MongoServerError: E11000 duplicate key error collection: social-media.searches index: userId_1 dup key: { userId: \"683422c8d20282be609c5d08\" }\n    at InsertOneOperation.execute (C:\\Users\\91903\\social-media-microservices\\search-service\\node_modules\\mongodb\\lib\\operations\\insert.js:51:19)\n    at process.processTicksAndRejections (node:internal/process/task_queues:105:5)\n    at async tryOperation (C:\\Users\\91903\\social-media-microservices\\search-service\\node_modules\\mongodb\\lib\\operations\\execute_operation.js:207:20)\n    at async executeOperation (C:\\Users\\91903\\social-media-microservices\\search-service\\node_modules\\mongodb\\lib\\operations\\execute_operation.js:75:16)\n    at async Collection.insertOne (C:\\Users\\91903\\social-media-microservices\\search-service\\node_modules\\mongodb\\lib\\collection.js:157:16)","timestamp":"2025-06-20T04:49:12.148Z"}
{"level":"info","message":"Search post created: 6854e8c4dd65abcdfda00946, 6854e8c4815e4fbaddb2ce18","service":"post-service","timestamp":"2025-06-20T04:51:16.769Z"}
{"level":"info","message":"Search post created: 6854e8f8dd65abcdfda00948, 6854e8f8815e4fbaddb2ce1a","service":"post-service","timestamp":"2025-06-20T04:52:08.810Z"}
{"level":"info","message":"Connected to rabbit mq","service":"post-service","timestamp":"2025-06-20T05:58:11.658Z"}
{"level":"info","message":"Subscribed to event: post.created","service":"post-service","timestamp":"2025-06-20T05:58:11.680Z"}
{"level":"info","message":"Subscribed to event: post.deleted","service":"post-service","timestamp":"2025-06-20T05:58:11.698Z"}
{"level":"info","message":"Search service runing on port 3004","service":"post-service","timestamp":"2025-06-20T05:58:11.704Z"}
{"level":"info","message":"mongoDb is connected...","service":"post-service","timestamp":"2025-06-20T05:58:13.767Z"}
{"level":"info","message":"Search post deleted: 6854e8f8dd65abcdfda00948","service":"post-service","timestamp":"2025-06-20T06:00:56.545Z"}
{"level":"info","message":"Search post created: 6854fa41c2aacdc6d240bb15, 6854fa42efe071dc6f342c19","service":"post-service","timestamp":"2025-06-20T06:05:54.119Z"}
{"level":"info","message":"Search post created: 6854fa4cc2aacdc6d240bb17, 6854fa4cefe071dc6f342c1b","service":"post-service","timestamp":"2025-06-20T06:06:04.869Z"}
{"level":"info","message":"Search post created: 6854fa55c2aacdc6d240bb19, 6854fa56efe071dc6f342c1d","service":"post-service","timestamp":"2025-06-20T06:06:14.097Z"}
{"level":"info","message":"Search post created: 6854fa60c2aacdc6d240bb1b, 6854fa60efe071dc6f342c1f","service":"post-service","timestamp":"2025-06-20T06:06:24.274Z"}
{"level":"info","message":"Received GET request to /api/search/posts?query=second","service":"post-service","timestamp":"2025-06-20T06:08:17.298Z"}
{"level":"info","message":"Request body, [object Object]","service":"post-service","timestamp":"2025-06-20T06:08:17.301Z"}
{"level":"info","message":"Received POST request to /api/search/posts?query=second","service":"post-service","timestamp":"2025-06-20T06:09:48.682Z"}
{"level":"info","message":"Request body, [object Object]","service":"post-service","timestamp":"2025-06-20T06:09:48.683Z"}
{"level":"info","message":"Received GET request to /api/search/posts?query=second","service":"post-service","timestamp":"2025-06-20T06:10:12.874Z"}
{"level":"info","message":"Request body, [object Object]","service":"post-service","timestamp":"2025-06-20T06:10:12.874Z"}
{"level":"info","message":"Received GET request to /api/search/posts?query=second","service":"post-service","timestamp":"2025-06-20T06:13:10.310Z"}
{"level":"info","message":"Request body, [object Object]","service":"post-service","timestamp":"2025-06-20T06:13:10.312Z"}
{"level":"info","message":"Connected to rabbit mq","service":"post-service","timestamp":"2025-06-20T06:14:03.892Z"}
{"level":"info","message":"Subscribed to event: post.created","service":"post-service","timestamp":"2025-06-20T06:14:03.909Z"}
{"level":"info","message":"Subscribed to event: post.deleted","service":"post-service","timestamp":"2025-06-20T06:14:03.925Z"}
{"level":"info","message":"Search service runing on port 3004","service":"post-service","timestamp":"2025-06-20T06:14:03.932Z"}
{"level":"info","message":"mongoDb is connected...","service":"post-service","timestamp":"2025-06-20T06:14:04.208Z"}
{"level":"info","message":"Received GET request to /api/search/posts?query=second","service":"post-service","timestamp":"2025-06-20T06:14:12.308Z"}
{"level":"info","message":"Request body, [object Object]","service":"post-service","timestamp":"2025-06-20T06:14:12.309Z"}
{"level":"info","message":"Received GET request to /v1/search/posts?query=second","service":"post-service","timestamp":"2025-06-20T06:15:13.017Z"}
{"level":"info","message":"Request body, undefined","service":"post-service","timestamp":"2025-06-20T06:15:13.019Z"}
{"level":"info","message":"Received GET request to /api/search/posts?query=implement%20search%20service","service":"post-service","timestamp":"2025-06-20T06:16:24.933Z"}
{"level":"info","message":"Request body, [object Object]","service":"post-service","timestamp":"2025-06-20T06:16:24.935Z"}
{"level":"info","message":"Received GET request to /api/search/posts?query=implement%20search%20service","service":"post-service","timestamp":"2025-06-20T06:17:32.239Z"}
{"level":"info","message":"Request body, [object Object]","service":"post-service","timestamp":"2025-06-20T06:17:32.240Z"}
{"level":"info","message":"Received GET request to /v1/search/posts?query=implement%20search%20service","service":"post-service","timestamp":"2025-06-20T06:20:29.426Z"}
{"level":"info","message":"Request body, undefined","service":"post-service","timestamp":"2025-06-20T06:20:29.427Z"}
{"level":"info","message":"Received GET request to /v1/search/posts?query=implement%20search%20service","service":"post-service","timestamp":"2025-06-20T06:21:03.266Z"}
{"level":"info","message":"Request body, undefined","service":"post-service","timestamp":"2025-06-20T06:21:03.267Z"}
{"level":"info","message":"Connected to rabbit mq","service":"post-service","timestamp":"2025-06-20T06:25:52.963Z"}
{"level":"info","message":"Subscribed to event: post.created","service":"post-service","timestamp":"2025-06-20T06:25:52.985Z"}
{"level":"info","message":"Subscribed to event: post.deleted","service":"post-service","timestamp":"2025-06-20T06:25:53.002Z"}
{"level":"info","message":"Search service runing on port 3004","service":"post-service","timestamp":"2025-06-20T06:25:53.006Z"}
{"level":"info","message":"mongoDb is connected...","service":"post-service","timestamp":"2025-06-20T06:25:53.300Z"}
{"level":"info","message":"Connected to rabbit mq","service":"post-service","timestamp":"2025-06-20T07:44:20.519Z"}
{"level":"info","message":"Subscribed to event: post.created","service":"post-service","timestamp":"2025-06-20T07:44:20.531Z"}
{"level":"info","message":"Subscribed to event: post.deleted","service":"post-service","timestamp":"2025-06-20T07:44:20.540Z"}
{"level":"info","message":"Search service runing on port 3004","service":"post-service","timestamp":"2025-06-20T07:44:20.544Z"}
{"level":"info","message":"mongoDb is connected...","service":"post-service","timestamp":"2025-06-20T07:44:20.891Z"}
{"level":"info","message":"Search post deleted: 6854fa60c2aacdc6d240bb1b","service":"post-service","timestamp":"2025-06-20T07:45:40.127Z"}
{"level":"info","message":"Received GET request to /api/search/posts?query=first","service":"post-service","timestamp":"2025-06-20T07:47:47.550Z"}
{"level":"info","message":"Request body, [object Object]","service":"post-service","timestamp":"2025-06-20T07:47:47.551Z"}
{"level":"info","message":"Connected to rabbit mq","service":"post-service","timestamp":"2025-06-20T07:49:27.528Z"}
{"level":"info","message":"Subscribed to event: post.created","service":"post-service","timestamp":"2025-06-20T07:49:27.549Z"}
{"level":"info","message":"Subscribed to event: post.deleted","service":"post-service","timestamp":"2025-06-20T07:49:27.572Z"}
{"level":"info","message":"Search service runing on port 3004","service":"post-service","timestamp":"2025-06-20T07:49:27.582Z"}
{"level":"info","message":"mongoDb is connected...","service":"post-service","timestamp":"2025-06-20T07:49:27.880Z"}
{"level":"info","message":"Received GET request to /api/search/posts?query=first","service":"post-service","timestamp":"2025-06-20T07:49:36.376Z"}
{"level":"info","message":"Request body, [object Object]","service":"post-service","timestamp":"2025-06-20T07:49:36.378Z"}
{"level":"info","message":"Connected to rabbit mq","service":"post-service","timestamp":"2025-06-20T07:50:07.605Z"}
{"level":"info","message":"Subscribed to event: post.created","service":"post-service","timestamp":"2025-06-20T07:50:07.636Z"}
{"level":"info","message":"Subscribed to event: post.deleted","service":"post-service","timestamp":"2025-06-20T07:50:07.657Z"}
{"level":"info","message":"Search service runing on port 3004","service":"post-service","timestamp":"2025-06-20T07:50:07.663Z"}
{"level":"info","message":"mongoDb is connected...","service":"post-service","timestamp":"2025-06-20T07:50:08.380Z"}
{"level":"info","message":"Received GET request to /api/search/posts?query=first","service":"post-service","timestamp":"2025-06-20T07:52:02.547Z"}
{"level":"info","message":"Request body, undefined","service":"post-service","timestamp":"2025-06-20T07:52:02.549Z"}
{"level":"info","message":"Received GET request to /v1/search/posts?query=first","service":"post-service","timestamp":"2025-06-20T07:52:18.096Z"}
{"level":"info","message":"Request body, undefined","service":"post-service","timestamp":"2025-06-20T07:52:18.097Z"}
{"level":"info","message":"Received GET request to /api/search/posts?query=first","service":"post-service","timestamp":"2025-06-20T07:52:29.885Z"}
{"level":"info","message":"Request body, [object Object]","service":"post-service","timestamp":"2025-06-20T07:52:29.886Z"}
{"level":"info","message":"Received GET request to /api/search/posts?query=%27first%27","service":"post-service","timestamp":"2025-06-20T07:53:07.043Z"}
{"level":"info","message":"Request body, [object Object]","service":"post-service","timestamp":"2025-06-20T07:53:07.043Z"}
{"level":"info","message":"Connected to rabbit mq","service":"post-service","timestamp":"2025-06-20T07:54:32.742Z"}
{"level":"info","message":"Subscribed to event: post.created","service":"post-service","timestamp":"2025-06-20T07:54:32.763Z"}
{"level":"info","message":"Subscribed to event: post.deleted","service":"post-service","timestamp":"2025-06-20T07:54:32.778Z"}
{"level":"info","message":"Search service runing on port 3004","service":"post-service","timestamp":"2025-06-20T07:54:32.787Z"}
{"level":"info","message":"mongoDb is connected...","service":"post-service","timestamp":"2025-06-20T07:54:33.733Z"}
{"level":"info","message":"Connected to rabbit mq","service":"post-service","timestamp":"2025-06-20T07:54:35.419Z"}
{"level":"info","message":"Subscribed to event: post.created","service":"post-service","timestamp":"2025-06-20T07:54:35.436Z"}
{"level":"info","message":"Subscribed to event: post.deleted","service":"post-service","timestamp":"2025-06-20T07:54:35.451Z"}
{"level":"info","message":"Search service runing on port 3004","service":"post-service","timestamp":"2025-06-20T07:54:35.455Z"}
{"level":"info","message":"mongoDb is connected...","service":"post-service","timestamp":"2025-06-20T07:54:35.809Z"}
{"level":"info","message":"Received GET request to /api/search/posts?query=first","service":"post-service","timestamp":"2025-06-20T07:54:40.482Z"}
{"level":"info","message":"Request body, [object Object]","service":"post-service","timestamp":"2025-06-20T07:54:40.484Z"}
{"level":"info","message":"Connected to rabbit mq","service":"post-service","timestamp":"2025-06-20T07:55:22.654Z"}
{"level":"info","message":"Subscribed to event: post.created","service":"post-service","timestamp":"2025-06-20T07:55:22.673Z"}
{"level":"info","message":"Subscribed to event: post.deleted","service":"post-service","timestamp":"2025-06-20T07:55:22.691Z"}
{"level":"info","message":"Search service runing on port 3004","service":"post-service","timestamp":"2025-06-20T07:55:22.696Z"}
{"level":"info","message":"mongoDb is connected...","service":"post-service","timestamp":"2025-06-20T07:55:23.728Z"}
{"level":"info","message":"Received GET request to /api/search/posts?query=first","service":"post-service","timestamp":"2025-06-20T07:55:25.031Z"}
{"level":"info","message":"Request body, [object Object]","service":"post-service","timestamp":"2025-06-20T07:55:25.033Z"}
{"level":"info","message":"Received GET request to /api/search/posts?query=first","service":"post-service","timestamp":"2025-06-20T07:59:47.191Z"}
{"level":"info","message":"Request body, [object Object]","service":"post-service","timestamp":"2025-06-20T07:59:47.193Z"}
{"level":"info","message":"Received GET request to /api/search/posts?query=first","service":"post-service","timestamp":"2025-06-20T08:01:19.101Z"}
{"level":"info","message":"Request body, [object Object]","service":"post-service","timestamp":"2025-06-20T08:01:19.125Z"}
{"level":"info","message":"Connected to rabbit mq","service":"post-service","timestamp":"2025-06-20T08:04:29.202Z"}
{"level":"info","message":"Subscribed to event: post.created","service":"post-service","timestamp":"2025-06-20T08:04:29.219Z"}
{"level":"info","message":"Subscribed to event: post.deleted","service":"post-service","timestamp":"2025-06-20T08:04:29.232Z"}
{"level":"info","message":"Search service runing on port 3004","service":"post-service","timestamp":"2025-06-20T08:04:29.237Z"}
{"level":"info","message":"Connected to rabbit mq","service":"post-service","timestamp":"2025-06-20T08:04:31.667Z"}
{"level":"info","message":"Subscribed to event: post.created","service":"post-service","timestamp":"2025-06-20T08:04:31.687Z"}
{"level":"info","message":"Subscribed to event: post.deleted","service":"post-service","timestamp":"2025-06-20T08:04:31.714Z"}
{"level":"info","message":"Search service runing on port 3004","service":"post-service","timestamp":"2025-06-20T08:04:31.718Z"}
{"level":"info","message":"mongoDb is connected...","service":"post-service","timestamp":"2025-06-20T08:04:32.095Z"}
{"level":"info","message":"Connected to rabbit mq","service":"post-service","timestamp":"2025-06-20T08:04:45.716Z"}
{"level":"info","message":"Subscribed to event: post.created","service":"post-service","timestamp":"2025-06-20T08:04:45.740Z"}
{"level":"info","message":"Subscribed to event: post.deleted","service":"post-service","timestamp":"2025-06-20T08:04:45.756Z"}
{"level":"info","message":"Search service runing on port 3004","service":"post-service","timestamp":"2025-06-20T08:04:45.762Z"}
{"level":"info","message":"Connected to rabbit mq","service":"post-service","timestamp":"2025-06-20T08:04:47.415Z"}
{"level":"info","message":"Subscribed to event: post.created","service":"post-service","timestamp":"2025-06-20T08:04:47.549Z"}
{"level":"info","message":"Subscribed to event: post.deleted","service":"post-service","timestamp":"2025-06-20T08:04:47.586Z"}
{"level":"info","message":"Search service runing on port 3004","service":"post-service","timestamp":"2025-06-20T08:04:47.591Z"}
{"level":"info","message":"mongoDb is connected...","service":"post-service","timestamp":"2025-06-20T08:04:47.742Z"}
{"level":"info","message":"Connected to rabbit mq","service":"post-service","timestamp":"2025-06-20T08:04:54.596Z"}
{"level":"info","message":"Subscribed to event: post.created","service":"post-service","timestamp":"2025-06-20T08:04:54.617Z"}
{"level":"info","message":"Subscribed to event: post.deleted","service":"post-service","timestamp":"2025-06-20T08:04:54.632Z"}
{"level":"info","message":"Search service runing on port 3004","service":"post-service","timestamp":"2025-06-20T08:04:54.639Z"}
{"level":"info","message":"mongoDb is connected...","service":"post-service","timestamp":"2025-06-20T08:04:55.605Z"}
{"level":"info","message":"Received GET request to /api/search/posts?query=first","service":"post-service","timestamp":"2025-06-20T08:04:56.908Z"}
{"level":"info","message":"Request body, [object Object]","service":"post-service","timestamp":"2025-06-20T08:04:56.909Z"}
{"level":"info","message":"Received GET request to /api/search/posts?query=first","service":"post-service","timestamp":"2025-06-20T08:07:43.707Z"}
{"level":"info","message":"Request body, [object Object]","service":"post-service","timestamp":"2025-06-20T08:07:43.746Z"}
{"level":"info","message":"Connected to rabbit mq","service":"post-service","timestamp":"2025-06-20T08:08:23.525Z"}
{"level":"info","message":"Subscribed to event: post.created","service":"post-service","timestamp":"2025-06-20T08:08:23.545Z"}
{"level":"info","message":"Subscribed to event: post.deleted","service":"post-service","timestamp":"2025-06-20T08:08:23.570Z"}
{"level":"info","message":"Search service runing on port 3004","service":"post-service","timestamp":"2025-06-20T08:08:23.575Z"}
{"level":"info","message":"Connected to rabbit mq","service":"post-service","timestamp":"2025-06-20T08:08:25.219Z"}
{"level":"info","message":"Subscribed to event: post.created","service":"post-service","timestamp":"2025-06-20T08:08:25.236Z"}
{"level":"info","message":"Subscribed to event: post.deleted","service":"post-service","timestamp":"2025-06-20T08:08:25.258Z"}
{"level":"info","message":"Search service runing on port 3004","service":"post-service","timestamp":"2025-06-20T08:08:25.263Z"}
{"level":"info","message":"mongoDb is connected...","service":"post-service","timestamp":"2025-06-20T08:08:25.591Z"}
{"level":"info","message":"Received GET request to /api/search/posts?query=second","service":"post-service","timestamp":"2025-06-20T08:08:59.490Z"}
{"level":"info","message":"Request body, [object Object]","service":"post-service","timestamp":"2025-06-20T08:08:59.492Z"}
{"level":"info","message":"Connected to rabbit mq","service":"post-service","timestamp":"2025-06-21T03:13:36.376Z"}
{"level":"info","message":"Subscribed to event: post.created","service":"post-service","timestamp":"2025-06-21T03:13:36.397Z"}
{"level":"info","message":"Subscribed to event: post.deleted","service":"post-service","timestamp":"2025-06-21T03:13:36.412Z"}
{"level":"info","message":"Search service runing on port 3004","service":"post-service","timestamp":"2025-06-21T03:13:36.418Z"}
{"level":"info","message":"mongoDb is connected...","service":"post-service","timestamp":"2025-06-21T03:13:37.045Z"}
{"level":"info","message":"Received GET request to /api/search/posts?query=first","service":"post-service","timestamp":"2025-06-21T03:17:37.827Z"}
{"level":"info","message":"Request body, [object Object]","service":"post-service","timestamp":"2025-06-21T03:17:37.829Z"}
{"level":"info","message":"Connected to rabbit mq","service":"post-service","timestamp":"2025-06-21T03:18:31.688Z"}
{"level":"info","message":"Subscribed to event: post.created","service":"post-service","timestamp":"2025-06-21T03:18:31.707Z"}
{"level":"info","message":"Subscribed to event: post.deleted","service":"post-service","timestamp":"2025-06-21T03:18:31.726Z"}
{"level":"info","message":"Search service runing on port 3004","service":"post-service","timestamp":"2025-06-21T03:18:31.729Z"}
{"level":"info","message":"mongoDb is connected...","service":"post-service","timestamp":"2025-06-21T03:18:31.973Z"}
{"level":"info","message":"Connected to rabbit mq","service":"post-service","timestamp":"2025-06-21T03:18:44.837Z"}
{"level":"info","message":"Subscribed to event: post.created","service":"post-service","timestamp":"2025-06-21T03:18:44.853Z"}
{"level":"info","message":"Subscribed to event: post.deleted","service":"post-service","timestamp":"2025-06-21T03:18:44.863Z"}
{"level":"info","message":"Search service runing on port 3004","service":"post-service","timestamp":"2025-06-21T03:18:44.868Z"}
{"level":"info","message":"mongoDb is connected...","service":"post-service","timestamp":"2025-06-21T03:18:45.135Z"}
{"level":"info","message":"Connected to rabbit mq","service":"post-service","timestamp":"2025-06-21T03:18:49.229Z"}
{"level":"info","message":"Subscribed to event: post.created","service":"post-service","timestamp":"2025-06-21T03:18:49.251Z"}
{"level":"info","message":"Subscribed to event: post.deleted","service":"post-service","timestamp":"2025-06-21T03:18:49.283Z"}
{"level":"info","message":"Search service runing on port 3004","service":"post-service","timestamp":"2025-06-21T03:18:49.289Z"}
{"level":"info","message":"Connected to rabbit mq","service":"post-service","timestamp":"2025-06-21T03:18:51.085Z"}
{"level":"info","message":"Subscribed to event: post.created","service":"post-service","timestamp":"2025-06-21T03:18:51.105Z"}
{"level":"info","message":"Subscribed to event: post.deleted","service":"post-service","timestamp":"2025-06-21T03:18:51.118Z"}
{"level":"info","message":"Search service runing on port 3004","service":"post-service","timestamp":"2025-06-21T03:18:51.123Z"}
{"level":"info","message":"mongoDb is connected...","service":"post-service","timestamp":"2025-06-21T03:18:51.341Z"}
{"level":"info","message":"Connected to rabbit mq","service":"post-service","timestamp":"2025-06-21T03:18:52.736Z"}
{"level":"info","message":"Subscribed to event: post.created","service":"post-service","timestamp":"2025-06-21T03:18:52.751Z"}
{"level":"info","message":"Subscribed to event: post.deleted","service":"post-service","timestamp":"2025-06-21T03:18:52.769Z"}
{"level":"info","message":"Search service runing on port 3004","service":"post-service","timestamp":"2025-06-21T03:18:52.775Z"}
{"level":"info","message":"mongoDb is connected...","service":"post-service","timestamp":"2025-06-21T03:18:52.995Z"}
{"level":"info","message":"Connected to rabbit mq","service":"post-service","timestamp":"2025-06-21T03:18:57.937Z"}
{"level":"info","message":"Subscribed to event: post.created","service":"post-service","timestamp":"2025-06-21T03:18:57.955Z"}
{"level":"info","message":"Subscribed to event: post.deleted","service":"post-service","timestamp":"2025-06-21T03:18:57.969Z"}
{"level":"info","message":"Search service runing on port 3004","service":"post-service","timestamp":"2025-06-21T03:18:57.973Z"}
{"level":"info","message":"mongoDb is connected...","service":"post-service","timestamp":"2025-06-21T03:18:58.209Z"}
{"level":"info","message":"Connected to rabbit mq","service":"post-service","timestamp":"2025-06-21T03:18:59.888Z"}
{"level":"info","message":"Subscribed to event: post.created","service":"post-service","timestamp":"2025-06-21T03:18:59.903Z"}
{"level":"info","message":"Subscribed to event: post.deleted","service":"post-service","timestamp":"2025-06-21T03:18:59.916Z"}
{"level":"info","message":"Search service runing on port 3004","service":"post-service","timestamp":"2025-06-21T03:18:59.921Z"}
{"level":"info","message":"mongoDb is connected...","service":"post-service","timestamp":"2025-06-21T03:19:00.179Z"}
{"level":"info","message":"Connected to rabbit mq","service":"post-service","timestamp":"2025-06-21T03:19:03.635Z"}
{"level":"info","message":"Subscribed to event: post.created","service":"post-service","timestamp":"2025-06-21T03:19:03.651Z"}
{"level":"info","message":"Subscribed to event: post.deleted","service":"post-service","timestamp":"2025-06-21T03:19:03.672Z"}
{"level":"info","message":"Search service runing on port 3004","service":"post-service","timestamp":"2025-06-21T03:19:03.676Z"}
{"level":"info","message":"mongoDb is connected...","service":"post-service","timestamp":"2025-06-21T03:19:03.907Z"}
{"level":"info","message":"Connected to rabbit mq","service":"post-service","timestamp":"2025-06-21T03:19:07.184Z"}
{"level":"info","message":"Subscribed to event: post.created","service":"post-service","timestamp":"2025-06-21T03:19:07.213Z"}
{"level":"info","message":"Subscribed to event: post.deleted","service":"post-service","timestamp":"2025-06-21T03:19:07.228Z"}
{"level":"info","message":"Search service runing on port 3004","service":"post-service","timestamp":"2025-06-21T03:19:07.233Z"}
{"level":"info","message":"mongoDb is connected...","service":"post-service","timestamp":"2025-06-21T03:19:07.479Z"}
{"level":"info","message":"Connected to rabbit mq","service":"post-service","timestamp":"2025-06-21T03:20:34.785Z"}
{"level":"info","message":"Subscribed to event: post.created","service":"post-service","timestamp":"2025-06-21T03:20:34.799Z"}
{"level":"info","message":"Subscribed to event: post.deleted","service":"post-service","timestamp":"2025-06-21T03:20:34.812Z"}
{"level":"info","message":"Search service runing on port 3004","service":"post-service","timestamp":"2025-06-21T03:20:34.817Z"}
{"level":"info","message":"mongoDb is connected...","service":"post-service","timestamp":"2025-06-21T03:20:36.226Z"}
{"level":"info","message":"Connected to rabbit mq","service":"post-service","timestamp":"2025-06-21T03:21:01.295Z"}
{"level":"info","message":"Subscribed to event: post.created","service":"post-service","timestamp":"2025-06-21T03:21:01.326Z"}
{"level":"info","message":"Subscribed to event: post.deleted","service":"post-service","timestamp":"2025-06-21T03:21:01.360Z"}
{"level":"info","message":"Search service runing on port 3004","service":"post-service","timestamp":"2025-06-21T03:21:01.370Z"}
{"level":"info","message":"mongoDb is connected...","service":"post-service","timestamp":"2025-06-21T03:21:01.573Z"}
{"level":"info","message":"Connected to rabbit mq","service":"post-service","timestamp":"2025-06-21T03:21:04.283Z"}
{"level":"info","message":"Subscribed to event: post.created","service":"post-service","timestamp":"2025-06-21T03:21:04.295Z"}
{"level":"info","message":"Subscribed to event: post.deleted","service":"post-service","timestamp":"2025-06-21T03:21:04.310Z"}
{"level":"info","message":"Search service runing on port 3004","service":"post-service","timestamp":"2025-06-21T03:21:04.316Z"}
{"level":"info","message":"mongoDb is connected...","service":"post-service","timestamp":"2025-06-21T03:21:04.926Z"}
{"level":"info","message":"Connected to rabbit mq","service":"post-service","timestamp":"2025-06-21T03:21:06.098Z"}
{"level":"info","message":"Subscribed to event: post.created","service":"post-service","timestamp":"2025-06-21T03:21:06.116Z"}
{"level":"info","message":"Subscribed to event: post.deleted","service":"post-service","timestamp":"2025-06-21T03:21:06.129Z"}
{"level":"info","message":"Search service runing on port 3004","service":"post-service","timestamp":"2025-06-21T03:21:06.135Z"}
{"level":"info","message":"mongoDb is connected...","service":"post-service","timestamp":"2025-06-21T03:21:06.398Z"}
{"level":"info","message":"Connected to rabbit mq","service":"post-service","timestamp":"2025-06-21T03:21:21.221Z"}
{"level":"info","message":"Subscribed to event: post.created","service":"post-service","timestamp":"2025-06-21T03:21:21.237Z"}
{"level":"info","message":"Subscribed to event: post.deleted","service":"post-service","timestamp":"2025-06-21T03:21:21.290Z"}
{"level":"info","message":"Search service runing on port 3004","service":"post-service","timestamp":"2025-06-21T03:21:21.296Z"}
{"level":"info","message":"mongoDb is connected...","service":"post-service","timestamp":"2025-06-21T03:21:21.513Z"}
{"level":"info","message":"Connected to rabbit mq","service":"post-service","timestamp":"2025-06-21T03:21:24.248Z"}
{"level":"info","message":"Subscribed to event: post.created","service":"post-service","timestamp":"2025-06-21T03:21:24.262Z"}
{"level":"info","message":"Subscribed to event: post.deleted","service":"post-service","timestamp":"2025-06-21T03:21:24.286Z"}
{"level":"info","message":"Search service runing on port 3004","service":"post-service","timestamp":"2025-06-21T03:21:24.290Z"}
{"level":"info","message":"mongoDb is connected...","service":"post-service","timestamp":"2025-06-21T03:21:24.977Z"}
{"level":"info","message":"Received GET request to /api/search/posts?query=first","service":"post-service","timestamp":"2025-06-21T03:21:28.591Z"}
{"level":"info","message":"Request body, [object Object]","service":"post-service","timestamp":"2025-06-21T03:21:28.592Z"}
{"level":"info","message":"Connected to rabbit mq","service":"post-service","timestamp":"2025-06-21T03:21:53.863Z"}
{"level":"info","message":"Subscribed to event: post.created","service":"post-service","timestamp":"2025-06-21T03:21:53.973Z"}
{"level":"info","message":"Subscribed to event: post.deleted","service":"post-service","timestamp":"2025-06-21T03:21:53.984Z"}
{"level":"info","message":"Search service runing on port 3004","service":"post-service","timestamp":"2025-06-21T03:21:53.989Z"}
{"level":"info","message":"mongoDb is connected...","service":"post-service","timestamp":"2025-06-21T03:21:55.914Z"}
{"level":"info","message":"Connected to rabbit mq","service":"post-service","timestamp":"2025-06-21T07:37:06.559Z"}
{"level":"info","message":"Subscribed to event: post.created","service":"post-service","timestamp":"2025-06-21T07:37:06.585Z"}
{"level":"info","message":"Subscribed to event: post.deleted","service":"post-service","timestamp":"2025-06-21T07:37:06.605Z"}
{"level":"info","message":"Search service runing on port 3004","service":"post-service","timestamp":"2025-06-21T07:37:06.612Z"}
{"level":"info","message":"mongoDb is connected...","service":"post-service","timestamp":"2025-06-21T07:37:07.465Z"}
{"level":"info","message":"Received GET request to /api/search/posts?query=first","service":"post-service","timestamp":"2025-06-21T07:38:19.395Z"}
{"level":"info","message":"Request body, [object Object]","service":"post-service","timestamp":"2025-06-21T07:38:19.397Z"}
{"level":"info","message":"Received GET request to /api/search/posts?query=first","service":"post-service","timestamp":"2025-06-21T07:41:40.455Z"}
{"level":"info","message":"Request body, [object Object]","service":"post-service","timestamp":"2025-06-21T07:41:40.456Z"}
{"level":"info","message":"Connected to rabbit mq","service":"post-service","timestamp":"2025-06-21T07:42:17.047Z"}
{"level":"info","message":"Subscribed to event: post.created","service":"post-service","timestamp":"2025-06-21T07:42:17.070Z"}
{"level":"info","message":"Subscribed to event: post.deleted","service":"post-service","timestamp":"2025-06-21T07:42:17.082Z"}
{"level":"info","message":"Search service runing on port 3004","service":"post-service","timestamp":"2025-06-21T07:42:17.088Z"}
{"level":"info","message":"mongoDb is connected...","service":"post-service","timestamp":"2025-06-21T07:42:17.354Z"}
{"level":"info","message":"Received GET request to /api/search/posts?query=first","service":"post-service","timestamp":"2025-06-21T07:42:24.613Z"}
{"level":"info","message":"Request body: {}","service":"post-service","timestamp":"2025-06-21T07:42:24.614Z"}
{"level":"info","message":"Connected to rabbit mq","service":"post-service","timestamp":"2025-06-21T07:44:06.738Z"}
{"level":"info","message":"Subscribed to event: post.created","service":"post-service","timestamp":"2025-06-21T07:44:06.810Z"}
{"level":"info","message":"Subscribed to event: post.deleted","service":"post-service","timestamp":"2025-06-21T07:44:06.885Z"}
{"level":"info","message":"Search service runing on port 3004","service":"post-service","timestamp":"2025-06-21T07:44:06.895Z"}
{"level":"info","message":"mongoDb is connected...","service":"post-service","timestamp":"2025-06-21T07:44:07.088Z"}
{"level":"info","message":"Received GET request to /api/search/posts?query=first","service":"post-service","timestamp":"2025-06-21T07:44:08.095Z"}
{"level":"info","message":"Request body: {}","service":"post-service","timestamp":"2025-06-21T07:44:08.097Z"}
{"level":"info","message":"Connected to rabbit mq","service":"post-service","timestamp":"2025-06-21T07:44:28.965Z"}
{"level":"info","message":"Subscribed to event: post.created","service":"post-service","timestamp":"2025-06-21T07:44:28.986Z"}
{"level":"info","message":"Subscribed to event: post.deleted","service":"post-service","timestamp":"2025-06-21T07:44:29.060Z"}
{"level":"info","message":"Search service runing on port 3004","service":"post-service","timestamp":"2025-06-21T07:44:29.067Z"}
{"level":"info","message":"mongoDb is connected...","service":"post-service","timestamp":"2025-06-21T07:44:29.269Z"}
{"level":"info","message":"Received GET request to /api/search/posts?query=first","service":"post-service","timestamp":"2025-06-21T07:46:44.986Z"}
{"level":"info","message":"Request body: {}","service":"post-service","timestamp":"2025-06-21T07:46:44.987Z"}
{"level":"info","message":"Connected to rabbit mq","service":"post-service","timestamp":"2025-06-21T07:49:07.568Z"}
{"level":"info","message":"Subscribed to event: post.created","service":"post-service","timestamp":"2025-06-21T07:49:07.579Z"}
{"level":"info","message":"Subscribed to event: post.deleted","service":"post-service","timestamp":"2025-06-21T07:49:07.587Z"}
{"level":"info","message":"Search service runing on port 3004","service":"post-service","timestamp":"2025-06-21T07:49:07.595Z"}
{"level":"info","message":"mongoDb is connected...","service":"post-service","timestamp":"2025-06-21T07:49:07.840Z"}
{"level":"info","message":"Connected to rabbit mq","service":"post-service","timestamp":"2025-06-21T07:49:08.874Z"}
{"level":"info","message":"Subscribed to event: post.created","service":"post-service","timestamp":"2025-06-21T07:49:08.888Z"}
{"level":"info","message":"Subscribed to event: post.deleted","service":"post-service","timestamp":"2025-06-21T07:49:08.900Z"}
{"level":"info","message":"Search service runing on port 3004","service":"post-service","timestamp":"2025-06-21T07:49:08.903Z"}
{"level":"info","message":"mongoDb is connected...","service":"post-service","timestamp":"2025-06-21T07:49:09.155Z"}
{"level":"info","message":"Received GET request to /api/search/posts?query=first","service":"post-service","timestamp":"2025-06-21T07:49:12.668Z"}
{"level":"info","message":"Request body: {}","service":"post-service","timestamp":"2025-06-21T07:49:12.669Z"}
{"level":"info","message":"Connected to rabbit mq","service":"post-service","timestamp":"2025-06-21T07:51:13.624Z"}
{"level":"info","message":"Subscribed to event: post.created","service":"post-service","timestamp":"2025-06-21T07:51:13.640Z"}
{"level":"info","message":"Subscribed to event: post.deleted","service":"post-service","timestamp":"2025-06-21T07:51:13.653Z"}
{"level":"info","message":"Search service runing on port 3004","service":"post-service","timestamp":"2025-06-21T07:51:13.658Z"}
{"level":"info","message":"mongoDb is connected...","service":"post-service","timestamp":"2025-06-21T07:51:13.917Z"}
{"level":"info","message":"Connected to rabbit mq","service":"post-service","timestamp":"2025-06-21T07:51:15.586Z"}
{"level":"info","message":"Subscribed to event: post.created","service":"post-service","timestamp":"2025-06-21T07:51:15.603Z"}
{"level":"info","message":"Subscribed to event: post.deleted","service":"post-service","timestamp":"2025-06-21T07:51:15.615Z"}
{"level":"info","message":"Search service runing on port 3004","service":"post-service","timestamp":"2025-06-21T07:51:15.620Z"}
{"level":"info","message":"mongoDb is connected...","service":"post-service","timestamp":"2025-06-21T07:51:15.856Z"}
{"level":"info","message":"Connected to rabbit mq","service":"post-service","timestamp":"2025-06-21T07:51:19.515Z"}
{"level":"info","message":"Subscribed to event: post.created","service":"post-service","timestamp":"2025-06-21T07:51:19.536Z"}
{"level":"info","message":"Subscribed to event: post.deleted","service":"post-service","timestamp":"2025-06-21T07:51:19.547Z"}
{"level":"info","message":"Search service runing on port 3004","service":"post-service","timestamp":"2025-06-21T07:51:19.551Z"}
{"level":"info","message":"mongoDb is connected...","service":"post-service","timestamp":"2025-06-21T07:51:19.814Z"}
{"level":"info","message":"Received GET request to /api/search/posts?query=first","service":"post-service","timestamp":"2025-06-21T07:51:49.371Z"}
{"level":"info","message":"Request body: {}","service":"post-service","timestamp":"2025-06-21T07:51:49.372Z"}
{"level":"info","message":"Search endpoint hit!","service":"post-service","timestamp":"2025-06-21T07:51:49.375Z"}
{"level":"info","message":"Received GET request to /api/search/posts?query=first","service":"post-service","timestamp":"2025-06-21T07:51:49.375Z"}
{"level":"info","message":"Query received: {\"query\":\"first\"}","service":"post-service","timestamp":"2025-06-21T07:51:49.377Z"}
{"level":"info","message":"Connected to rabbit mq","service":"post-service","timestamp":"2025-06-21T07:52:26.082Z"}
{"level":"info","message":"Subscribed to event: post.created","service":"post-service","timestamp":"2025-06-21T07:52:26.098Z"}
{"level":"info","message":"Subscribed to event: post.deleted","service":"post-service","timestamp":"2025-06-21T07:52:26.106Z"}
{"level":"info","message":"Search service runing on port 3004","service":"post-service","timestamp":"2025-06-21T07:52:26.110Z"}
{"level":"info","message":"mongoDb is connected...","service":"post-service","timestamp":"2025-06-21T07:52:26.341Z"}
{"level":"info","message":"Received GET request to /api/search/posts?query=second","service":"post-service","timestamp":"2025-06-21T07:52:39.591Z"}
{"level":"info","message":"Request body: {}","service":"post-service","timestamp":"2025-06-21T07:52:39.592Z"}
{"level":"info","message":"Search endpoint hit!","service":"post-service","timestamp":"2025-06-21T07:52:39.595Z"}
{"level":"info","message":"Connected to rabbit mq","service":"post-service","timestamp":"2025-06-21T07:54:42.810Z"}
{"level":"info","message":"Subscribed to event: post.created","service":"post-service","timestamp":"2025-06-21T07:54:42.830Z"}
{"level":"info","message":"Subscribed to event: post.deleted","service":"post-service","timestamp":"2025-06-21T07:54:42.847Z"}
{"level":"info","message":"Search service runing on port 3004","service":"post-service","timestamp":"2025-06-21T07:54:42.853Z"}
{"level":"info","message":"mongoDb is connected...","service":"post-service","timestamp":"2025-06-21T07:54:43.112Z"}
{"level":"info","message":"Connected to rabbit mq","service":"post-service","timestamp":"2025-06-21T07:54:44.253Z"}
{"level":"info","message":"Subscribed to event: post.created","service":"post-service","timestamp":"2025-06-21T07:54:44.265Z"}
{"level":"info","message":"Subscribed to event: post.deleted","service":"post-service","timestamp":"2025-06-21T07:54:44.275Z"}
{"level":"info","message":"Search service runing on port 3004","service":"post-service","timestamp":"2025-06-21T07:54:44.279Z"}
{"level":"info","message":"mongoDb is connected...","service":"post-service","timestamp":"2025-06-21T07:54:44.531Z"}
{"level":"info","message":"Connected to rabbit mq","service":"post-service","timestamp":"2025-06-21T07:54:58.080Z"}
{"level":"info","message":"Subscribed to event: post.created","service":"post-service","timestamp":"2025-06-21T07:54:58.091Z"}
{"level":"info","message":"Subscribed to event: post.deleted","service":"post-service","timestamp":"2025-06-21T07:54:58.107Z"}
{"level":"info","message":"Search service runing on port 3004","service":"post-service","timestamp":"2025-06-21T07:54:58.113Z"}
{"level":"info","message":"mongoDb is connected...","service":"post-service","timestamp":"2025-06-21T07:54:58.340Z"}
{"level":"info","message":"Connected to rabbit mq","service":"post-service","timestamp":"2025-06-21T07:55:04.041Z"}
{"level":"info","message":"Subscribed to event: post.created","service":"post-service","timestamp":"2025-06-21T07:55:04.055Z"}
{"level":"info","message":"Subscribed to event: post.deleted","service":"post-service","timestamp":"2025-06-21T07:55:04.087Z"}
{"level":"info","message":"Search service runing on port 3004","service":"post-service","timestamp":"2025-06-21T07:55:04.091Z"}
{"level":"info","message":"mongoDb is connected...","service":"post-service","timestamp":"2025-06-21T07:55:04.301Z"}
{"level":"info","message":"Connected to rabbit mq","service":"post-service","timestamp":"2025-06-21T07:55:08.198Z"}
{"level":"info","message":"Subscribed to event: post.created","service":"post-service","timestamp":"2025-06-21T07:55:08.209Z"}
{"level":"info","message":"Subscribed to event: post.deleted","service":"post-service","timestamp":"2025-06-21T07:55:08.222Z"}
{"level":"info","message":"Search service runing on port 3004","service":"post-service","timestamp":"2025-06-21T07:55:08.227Z"}
{"level":"info","message":"mongoDb is connected...","service":"post-service","timestamp":"2025-06-21T07:55:08.466Z"}
{"level":"info","message":"Connected to rabbit mq","service":"post-service","timestamp":"2025-06-21T07:58:01.622Z"}
{"level":"info","message":"Subscribed to event: post.created","service":"post-service","timestamp":"2025-06-21T07:58:01.634Z"}
{"level":"info","message":"Subscribed to event: post.deleted","service":"post-service","timestamp":"2025-06-21T07:58:01.643Z"}
{"level":"info","message":"Search service runing on port 3004","service":"post-service","timestamp":"2025-06-21T07:58:01.647Z"}
{"level":"info","message":"mongoDb is connected...","service":"post-service","timestamp":"2025-06-21T07:58:01.901Z"}
{"level":"info","message":"Connected to rabbit mq","service":"post-service","timestamp":"2025-06-21T07:58:03.114Z"}
{"level":"info","message":"Subscribed to event: post.created","service":"post-service","timestamp":"2025-06-21T07:58:03.128Z"}
{"level":"info","message":"Subscribed to event: post.deleted","service":"post-service","timestamp":"2025-06-21T07:58:03.137Z"}
{"level":"info","message":"Search service runing on port 3004","service":"post-service","timestamp":"2025-06-21T07:58:03.140Z"}
{"level":"info","message":"mongoDb is connected...","service":"post-service","timestamp":"2025-06-21T07:58:03.420Z"}
{"level":"info","message":"Connected to rabbit mq","service":"post-service","timestamp":"2025-06-21T07:58:17.978Z"}
{"level":"info","message":"Subscribed to event: post.created","service":"post-service","timestamp":"2025-06-21T07:58:17.992Z"}
{"level":"info","message":"Subscribed to event: post.deleted","service":"post-service","timestamp":"2025-06-21T07:58:18.004Z"}
{"level":"info","message":"Search service runing on port 3004","service":"post-service","timestamp":"2025-06-21T07:58:18.010Z"}
{"level":"info","message":"mongoDb is connected...","service":"post-service","timestamp":"2025-06-21T07:58:18.234Z"}
{"level":"info","message":"Connected to rabbit mq","service":"post-service","timestamp":"2025-06-21T07:58:23.770Z"}
{"level":"info","message":"Subscribed to event: post.created","service":"post-service","timestamp":"2025-06-21T07:58:23.782Z"}
{"level":"info","message":"Subscribed to event: post.deleted","service":"post-service","timestamp":"2025-06-21T07:58:23.791Z"}
{"level":"info","message":"Search service runing on port 3004","service":"post-service","timestamp":"2025-06-21T07:58:23.796Z"}
{"level":"info","message":"mongoDb is connected...","service":"post-service","timestamp":"2025-06-21T07:58:24.045Z"}
{"level":"info","message":"Connected to rabbit mq","service":"post-service","timestamp":"2025-06-21T07:58:26.011Z"}
{"level":"info","message":"Subscribed to event: post.created","service":"post-service","timestamp":"2025-06-21T07:58:26.032Z"}
{"level":"info","message":"Subscribed to event: post.deleted","service":"post-service","timestamp":"2025-06-21T07:58:26.046Z"}
{"level":"info","message":"Search service runing on port 3004","service":"post-service","timestamp":"2025-06-21T07:58:26.052Z"}
{"level":"info","message":"mongoDb is connected...","service":"post-service","timestamp":"2025-06-21T07:58:26.271Z"}
{"level":"info","message":"Connected to rabbit mq","service":"post-service","timestamp":"2025-06-21T07:58:38.831Z"}
{"level":"info","message":"Subscribed to event: post.created","service":"post-service","timestamp":"2025-06-21T07:58:38.843Z"}
{"level":"info","message":"Subscribed to event: post.deleted","service":"post-service","timestamp":"2025-06-21T07:58:38.855Z"}
{"level":"info","message":"Search service runing on port 3004","service":"post-service","timestamp":"2025-06-21T07:58:38.859Z"}
{"level":"info","message":"Connected to rabbit mq","service":"post-service","timestamp":"2025-06-21T07:58:39.966Z"}
{"level":"info","message":"Subscribed to event: post.created","service":"post-service","timestamp":"2025-06-21T07:58:39.979Z"}
{"level":"info","message":"Subscribed to event: post.deleted","service":"post-service","timestamp":"2025-06-21T07:58:39.987Z"}
{"level":"info","message":"Search service runing on port 3004","service":"post-service","timestamp":"2025-06-21T07:58:39.992Z"}
{"level":"info","message":"mongoDb is connected...","service":"post-service","timestamp":"2025-06-21T07:58:40.226Z"}
{"level":"info","message":"Connected to rabbit mq","service":"post-service","timestamp":"2025-06-21T07:58:50.651Z"}
{"level":"info","message":"Subscribed to event: post.created","service":"post-service","timestamp":"2025-06-21T07:58:50.666Z"}
{"level":"info","message":"Subscribed to event: post.deleted","service":"post-service","timestamp":"2025-06-21T07:58:50.729Z"}
{"level":"info","message":"Search service runing on port 3004","service":"post-service","timestamp":"2025-06-21T07:58:50.735Z"}
{"level":"info","message":"Connected to rabbit mq","service":"post-service","timestamp":"2025-06-21T07:58:51.810Z"}
{"level":"info","message":"Subscribed to event: post.created","service":"post-service","timestamp":"2025-06-21T07:58:51.822Z"}
{"level":"info","message":"Subscribed to event: post.deleted","service":"post-service","timestamp":"2025-06-21T07:58:51.833Z"}
{"level":"info","message":"Search service runing on port 3004","service":"post-service","timestamp":"2025-06-21T07:58:51.837Z"}
{"level":"info","message":"mongoDb is connected...","service":"post-service","timestamp":"2025-06-21T07:58:52.089Z"}
{"level":"info","message":"Connected to rabbit mq","service":"post-service","timestamp":"2025-06-21T08:00:05.605Z"}
{"level":"info","message":"Subscribed to event: post.created","service":"post-service","timestamp":"2025-06-21T08:00:05.622Z"}
{"level":"info","message":"Subscribed to event: post.deleted","service":"post-service","timestamp":"2025-06-21T08:00:05.632Z"}
{"level":"info","message":"Search service runing on port 3004","service":"post-service","timestamp":"2025-06-21T08:00:05.637Z"}
{"level":"info","message":"mongoDb is connected...","service":"post-service","timestamp":"2025-06-21T08:00:05.885Z"}
{"level":"info","message":"Connected to rabbit mq","service":"post-service","timestamp":"2025-06-21T08:00:17.443Z"}
{"level":"info","message":"Subscribed to event: post.created","service":"post-service","timestamp":"2025-06-21T08:00:17.456Z"}
{"level":"info","message":"Subscribed to event: post.deleted","service":"post-service","timestamp":"2025-06-21T08:00:17.469Z"}
{"level":"info","message":"Search service runing on port 3004","service":"post-service","timestamp":"2025-06-21T08:00:17.475Z"}
{"level":"info","message":"mongoDb is connected...","service":"post-service","timestamp":"2025-06-21T08:00:17.794Z"}
{"level":"info","message":"Connected to rabbit mq","service":"post-service","timestamp":"2025-06-21T08:03:44.229Z"}
{"level":"info","message":"Subscribed to event: post.created","service":"post-service","timestamp":"2025-06-21T08:03:44.242Z"}
{"level":"info","message":"Subscribed to event: post.deleted","service":"post-service","timestamp":"2025-06-21T08:03:44.250Z"}
{"level":"info","message":"Search service runing on port 3004","service":"post-service","timestamp":"2025-06-21T08:03:44.255Z"}
{"level":"info","message":"mongoDb is connected...","service":"post-service","timestamp":"2025-06-21T08:03:44.520Z"}
{"level":"info","message":"Connected to rabbit mq","service":"post-service","timestamp":"2025-06-21T08:03:57.745Z"}
{"level":"info","message":"Subscribed to event: post.created","service":"post-service","timestamp":"2025-06-21T08:03:57.758Z"}
{"level":"info","message":"Subscribed to event: post.deleted","service":"post-service","timestamp":"2025-06-21T08:03:57.767Z"}
{"level":"info","message":"Search service runing on port 3004","service":"post-service","timestamp":"2025-06-21T08:03:57.772Z"}
{"level":"info","message":"mongoDb is connected...","service":"post-service","timestamp":"2025-06-21T08:03:58.017Z"}
{"level":"info","message":"Connected to rabbit mq","service":"post-service","timestamp":"2025-06-21T08:04:07.499Z"}
{"level":"info","message":"Subscribed to event: post.created","service":"post-service","timestamp":"2025-06-21T08:04:07.512Z"}
{"level":"info","message":"Subscribed to event: post.deleted","service":"post-service","timestamp":"2025-06-21T08:04:07.521Z"}
{"level":"info","message":"Search service runing on port 3004","service":"post-service","timestamp":"2025-06-21T08:04:07.526Z"}
{"level":"info","message":"mongoDb is connected...","service":"post-service","timestamp":"2025-06-21T08:04:07.775Z"}
{"level":"info","message":"Connected to rabbit mq","service":"post-service","timestamp":"2025-06-21T08:06:13.499Z"}
{"level":"info","message":"mongoDb is connected...","service":"post-service","timestamp":"2025-06-21T08:06:13.552Z"}
{"level":"info","message":"Subscribed to event: post.created","service":"post-service","timestamp":"2025-06-21T08:06:13.989Z"}
{"level":"info","message":"Subscribed to event: post.deleted","service":"post-service","timestamp":"2025-06-21T08:06:14.651Z"}
{"level":"info","message":"Search service runing on port 3004","service":"post-service","timestamp":"2025-06-21T08:06:14.656Z"}
{"level":"info","message":"Connected to rabbit mq","service":"post-service","timestamp":"2025-06-21T08:06:22.069Z"}
{"level":"info","message":"Subscribed to event: post.created","service":"post-service","timestamp":"2025-06-21T08:06:22.081Z"}
{"level":"info","message":"Subscribed to event: post.deleted","service":"post-service","timestamp":"2025-06-21T08:06:22.088Z"}
{"level":"info","message":"Search service runing on port 3004","service":"post-service","timestamp":"2025-06-21T08:06:22.092Z"}
{"level":"info","message":"mongoDb is connected...","service":"post-service","timestamp":"2025-06-21T08:06:22.345Z"}
{"level":"info","message":"Connected to rabbit mq","service":"post-service","timestamp":"2025-06-21T08:10:41.107Z"}
{"level":"info","message":"Subscribed to event: post.created","service":"post-service","timestamp":"2025-06-21T08:10:41.124Z"}
{"level":"info","message":"Subscribed to event: post.deleted","service":"post-service","timestamp":"2025-06-21T08:10:41.143Z"}
{"level":"info","message":"Search service runing on port 3004","service":"post-service","timestamp":"2025-06-21T08:10:41.148Z"}
{"level":"info","message":"mongoDb is connected...","service":"post-service","timestamp":"2025-06-21T08:10:41.389Z"}
{"level":"info","message":"Connected to rabbit mq","service":"post-service","timestamp":"2025-06-21T08:11:40.956Z"}
{"level":"info","message":"Subscribed to event: post.created","service":"post-service","timestamp":"2025-06-21T08:11:40.967Z"}
{"level":"info","message":"Subscribed to event: post.deleted","service":"post-service","timestamp":"2025-06-21T08:11:40.984Z"}
{"level":"info","message":"Search service runing on port 3004","service":"post-service","timestamp":"2025-06-21T08:11:40.987Z"}
{"level":"info","message":"mongoDb is connected...","service":"post-service","timestamp":"2025-06-21T08:11:41.306Z"}
{"level":"info","message":"Received GET request to /api/search/posts?query=second","service":"post-service","timestamp":"2025-06-21T08:11:47.912Z"}
{"level":"info","message":"Request body: {}","service":"post-service","timestamp":"2025-06-21T08:11:47.913Z"}
{"level":"info","message":"Search endpoint hit!","service":"post-service","timestamp":"2025-06-21T08:11:47.919Z"}
{"level":"info","message":"Connected to rabbit mq","services":"post-service","timestamp":"2025-06-21T08:41:21.796Z"}
{"level":"info","message":"Subscribed to event: post.created","services":"post-service","timestamp":"2025-06-21T08:41:21.806Z"}
{"level":"info","message":"Subscribed to event: post.deleted","services":"post-service","timestamp":"2025-06-21T08:41:21.817Z"}
{"level":"info","message":"Search service runing on port 3004","services":"post-service","timestamp":"2025-06-21T08:41:21.821Z"}
{"level":"info","message":"mongoDb is connected...","services":"post-service","timestamp":"2025-06-21T08:41:22.060Z"}
